- - [05/Aug/2020:12:20:30 +0000] "CONNECT github.com:443 HTTP/1.1" 200 2387 "-" - "Mozilla/5.0 (Windows NT 10.0; Win64; x64) AppleWebKit/537.36 (KHTML, like Gecko) Chrome/76.0.3809.100 Safari/537.36"
- - [05/Aug/2020:12:20:32 +0000] "\x16\x03\x01\x01\x01\x01" 400 0 "-" - "-"
- - [05/Aug/2020:13:56:38 +0000] "GET / HTTP/1.1" 400 0 "-" - "-"
- - [05/Aug/2020:22:58:58 +0000] "GET / HTTP/1.1" 200 3970 "-" - "Mozilla/5.0 (X11; Linux x86_64) AppleWebKit/537.36 (KHTML, like Gecko) Chrome/34.0.1847.137 Safari/537.36"
- - [05/Aug/2020:22:59:03 +0000] "\n" 400 1531 "-" - "-"
- - [05/Aug/2020:22:59:05 +0000] "\n" 400 1547 "-" - "-"
- - [05/Aug/2020:22:59:07 +0000] "\n" 400 1525 "-" - "-"
- - [05/Aug/2020:22:59:07 +0000] "\n" 400 1732 "-" - "-"
- - [05/Aug/2020:22:59:09 +0000] "\n" 400 1525 "-" - "-"
- - [05/Aug/2020:22:59:11 +0000] "\n" 400 1525 "-" - "-"
- - [05/Aug/2020:22:59:19 +0000] "GET /robots.txt HTTP/1.1" 200 2378 "-" - "-"
- - [05/Aug/2020:22:59:20 +0000] "GET /sitemap.xml HTTP/1.1" 404 2015 "-" - "-"
- - [05/Aug/2020:22:59:24 +0000] "GET /.well-known/security.txt HTTP/1.1" 404 2457 "-" - "-"
- - [05/Aug/2020:22:59:27 +0000] "\n" 400 1967 "-" - "-"
- - [05/Aug/2020:22:59:53 +0000] "-" 408 1525 "-" - "-"
- - [06/Aug/2020:02:15:12 +0000] "GET / HTTP/1.1" 200 2387 "-" - "Mozilla/5.0 (Windows NT 10.0; WOW64) AppleWebKit/537.36 (KHTML, like Gecko) Chrome/51.0.2704.103 Safari/537.36"
- - [06/Aug/2020:03:17:28 +0000] "GET / HTTP/1.1" 200 2387 "-" - "Mozilla/4.0 (compatible; MSIE 6.0; Windows NT 5.1)"
- - [06/Aug/2020:03:17:29 +0000] "GET / HTTP/1.1" 200 1253 "http://160.40.52.164:80/" - "Mozilla/5.0 (Windows NT 6.1; WOW64; Trident/7.0; rv:11.0) like Gecko"
- - [06/Aug/2020:03:17:32 +0000] "GET /currentsetting.htm HTTP/1.1" 404 1816 "http://160.40.52.164:80/" - "Mozilla/5.0 (Windows NT 6.1; WOW64; Trident/7.0; rv:11.0) like Gecko"
- - [06/Aug/2020:03:17:36 +0000] "GET /scgi-bin/platform.cgi HTTP/1.1" 404 1816 "http://160.40.52.164:80/" - "Mozilla/5.0 (Windows NT 6.1; WOW64; Trident/7.0; rv:11.0) like Gecko"
- - [06/Aug/2020:03:17:40 +0000] "GET /cgi-bin/p2p.cgi?cmd=p2p.cgi&-action=get HTTP/1.1" 404 1816 "http://160.40.52.164:80/" - "Mozilla/5.0 (Windows NT 6.1; WOW64; Trident/7.0; rv:11.0) like Gecko"
- - [06/Aug/2020:03:17:43 +0000] "GET / HTTP/1.1" 200 1253 "http://160.40.52.164:80/" - "Mozilla/5.0 (Windows NT 6.1; WOW64; Trident/7.0; rv:11.0) like Gecko"
- - [06/Aug/2020:03:17:47 +0000] "GET /login.html HTTP/1.1" 404 1816 "http://160.40.52.164:80/" - "Mozilla/5.0 (Windows NT 6.1; WOW64; Trident/7.0; rv:11.0) like Gecko"
- - [06/Aug/2020:03:17:50 +0000] "GET / HTTP/1.1" 200 1253 "http://160.40.52.164:80/" - "Mozilla/5.0 (Windows NT 6.1; WOW64; Trident/7.0; rv:11.0) like Gecko"
- - [06/Aug/2020:03:17:54 +0000] "GET /cgi-bin/welcome.cgi HTTP/1.1" 404 1816 "http://160.40.52.164:80/" - "Mozilla/5.0 (Windows NT 6.1; WOW64; Trident/7.0; rv:11.0) like Gecko"
- - [06/Aug/2020:03:17:58 +0000] "GET /index.html HTTP/1.1" 404 1816 "http://160.40.52.164:80/" - "Mozilla/5.0 (Windows NT 6.1; WOW64; Trident/7.0; rv:11.0) like Gecko"
- - [06/Aug/2020:03:18:01 +0000] "GET / HTTP/1.1" 200 1253 "http://160.40.52.164:80/" - "Mozilla/5.0 (Windows NT 6.1; WOW64; Trident/7.0; rv:11.0) like Gecko"
- - [06/Aug/2020:03:18:05 +0000] "GET /cgi-bin/user/Config.cgi?.cab&action=get&category=Account.* HTTP/1.1" 404 1816 "http://160.40.52.164:80/" - "Mozilla/5.0 (Windows NT 6.1; WOW64; Trident/7.0; rv:11.0) like Gecko"
- - [06/Aug/2020:03:18:09 +0000] "GET /cgi-bin/nobody/Machine.cgi?action=get_capability HTTP/1.1" 404 1816 "http://160.40.52.164:80/" - "Mozilla/5.0 (Windows NT 6.1; WOW64; Trident/7.0; rv:11.0) like Gecko"
- - [06/Aug/2020:03:18:12 +0000] "GET /current_config/passwd HTTP/1.1" 404 1816 "http://160.40.52.164:80/" - "Mozilla/5.0 (Windows NT 6.1; WOW64; Trident/7.0; rv:11.0) like Gecko"
- - [06/Aug/2020:03:18:16 +0000] "GET /system.ini?loginuse&loginpas HTTP/1.1" 404 1816 "http://160.40.52.164:80/" - "Mozilla/5.0 (Windows NT 6.1; WOW64; Trident/7.0; rv:11.0) like Gecko"
- - [06/Aug/2020:03:18:20 +0000] "GET / HTTP/1.1" 200 1253 "http://160.40.52.164:80/" - "Mozilla/5.0 (Windows NT 6.1; WOW64; Trident/7.0; rv:11.0) like Gecko"
- - [06/Aug/2020:03:18:24 +0000] "GET /cgi-bin/webproc HTTP/1.1" 404 1816 "http://160.40.52.164:80/" - "Mozilla/5.0 (Windows NT 6.1; WOW64; Trident/7.0; rv:11.0) like Gecko"
- - [06/Aug/2020:03:18:27 +0000] "GET /webaccess/index.php HTTP/1.1" 404 1816 "http://160.40.52.164:80/" - "Mozilla/5.0 (Windows NT 6.1; WOW64; Trident/7.0; rv:11.0) like Gecko"
- - [06/Aug/2020:03:18:31 +0000] "GET /HNAP1/ HTTP/1.1" 404 1816 "http://160.40.52.164:80/" - "Mozilla/5.0 (Windows NT 6.1; WOW64; Trident/7.0; rv:11.0) like Gecko"
- admin [06/Aug/2020:03:19:14 +0000] "GET / HTTP/1.1" 200 1253 "-" - "Mozilla/5.0 (Windows NT 6.1; WOW64; Trident/7.0; rv:11.0) like Gecko"
- - [06/Aug/2020:03:32:42 +0000] "HEAD http://123.125.114.144/ HTTP/1.1" 200 456 "-" - "Mozilla/4.01687919 Mozilla/4.0 (compatible; MSIE 7.0; Windows NT 6.1; WOW64; Trident/7.0; SLCC2; .NET CLR 2.0.50727; .NET CLR 3.5.30729; .NET CLR 3.0.30729; .NET4.0C; .NET4.0E; Media Center PC 6.0)"
- - [06/Aug/2020:03:32:44 +0000] "CONNECT www.voanews.com:443 HTTP/1.1" 200 0 "-" - "PycURL/7.43.0 libcurl/7.47.0 GnuTLS/3.4.10 zlib/1.2.8 libidn/1.32 librtmp/2.3"
- - [06/Aug/2020:03:32:44 +0000] "CONNECT cn.bing.com:443 HTTP/1.1" 200 2387 "-" - "PycURL/7.43.0 libcurl/7.47.0 GnuTLS/3.4.10 zlib/1.2.8 libidn/1.32 librtmp/2.3"
- - [06/Aug/2020:03:32:45 +0000] "GET http://www.123cha.com/ HTTP/1.1" 200 1309 "-" - "Mozilla/5.0 (Windows NT 10.0; WOW64) AppleWebKit/537.36 (KHTML, like Gecko) Chrome/45.0.2454.101 Safari/537.36"
- - [06/Aug/2020:03:32:45 +0000] "\x16\x03\x01" 400 0 "-" - "-"
- - [06/Aug/2020:03:32:48 +0000] "GET http://boxun.com/ HTTP/1.1" 200 1309 "-" - "Mozilla/5.0 (Windows NT 10.0; WOW64) AppleWebKit/537.36 (KHTML, like Gecko) Chrome/45.0.2454.101 Safari/537.36"
- - [06/Aug/2020:03:32:49 +0000] "CONNECT www.ipip.net:443 HTTP/1.1" 200 2387 "-" - "PycURL/7.43.0 libcurl/7.47.0 GnuTLS/3.4.10 zlib/1.2.8 libidn/1.32 librtmp/2.3"
- - [06/Aug/2020:03:32:50 +0000] "\x16\x03\x01" 400 0 "-" - "-"
- - [06/Aug/2020:03:32:50 +0000] "GET http://www.epochtimes.com/ HTTP/1.1" 200 0 "-" - "Mozilla/5.0 (Windows NT 10.0; WOW64) AppleWebKit/537.36 (KHTML, like Gecko) Chrome/45.0.2454.101 Safari/537.36"
- - [06/Aug/2020:03:32:51 +0000] "CONNECT www.baidu.com:443 HTTP/1.1" 200 2387 "-" - "PycURL/7.43.0 libcurl/7.47.0 GnuTLS/3.4.10 zlib/1.2.8 libidn/1.32 librtmp/2.3"
- - [06/Aug/2020:03:32:51 +0000] "GET http://www.minghui.org/ HTTP/1.1" 200 0 "-" - "Mozilla/5.0 (Windows NT 10.0; WOW64) AppleWebKit/537.36 (KHTML, like Gecko) Chrome/45.0.2454.101 Safari/537.36"
- - [06/Aug/2020:03:32:52 +0000] "\x16\x03\x01" 400 0 "-" - "-"
- - [06/Aug/2020:03:32:52 +0000] "GET http://www.wujieliulan.com/ HTTP/1.1" 200 0 "-" - "Mozilla/5.0 (Windows NT 10.0; WOW64) AppleWebKit/537.36 (KHTML, like Gecko) Chrome/45.0.2454.101 Safari/537.36"
- - [06/Aug/2020:03:32:53 +0000] "GET http://www.rfa.org/english/ HTTP/1.1" 404 0 "-" - "Mozilla/5.0 (Windows NT 10.0; WOW64) AppleWebKit/537.36 (KHTML, like Gecko) Chrome/45.0.2454.101 Safari/537.36"
- - [06/Aug/2020:03:55:44 +0000] "GET / HTTP/1.1" 200 2443 "-" - "Mozilla/5.0 (X11; Linux x86_64; rv:28.0) Gecko/20100101 Firefox/28.0"
- - [06/Aug/2020:03:55:45 +0000] "GET /robots.txt HTTP/1.1" 200 437 "-" - "Mozilla/5.0 (X11; Linux x86_64; rv:28.0) Gecko/20100101 Firefox/28.0"
- - [06/Aug/2020:03:55:45 +0000] "POST /Admina43428a0/Login.php HTTP/1.1" 404 1871 "-" - "Mozilla/5.0 (X11; Linux x86_64; rv:28.0) Gecko/20100101 Firefox/28.0"
- - [06/Aug/2020:03:55:46 +0000] "GET / HTTP/1.1" 200 1309 "-" - "Mozilla/5.0 (Windows NT 10.0; Win64; x64) AppleWebKit/537.36 (KHTML, like Gecko) Chrome/68.0.3440.106 Safari/537.36"
- - [06/Aug/2020:03:55:48 +0000] "GET /l.php HTTP/1.1" 404 1871 "-" - "Mozilla/5.0 (Windows NT 10.0; Win64; x64) AppleWebKit/537.36 (KHTML, like Gecko) Chrome/68.0.3440.106 Safari/537.36"
- - [06/Aug/2020:03:55:49 +0000] "GET /phpinfo.php HTTP/1.1" 404 1872 "-" - "Mozilla/5.0 (Windows NT 10.0; Win64; x64) AppleWebKit/537.36 (KHTML, like Gecko) Chrome/68.0.3440.106 Safari/537.36"
- - [06/Aug/2020:03:55:53 +0000] "GET /test.php HTTP/1.1" 404 1872 "-" - "Mozilla/5.0 (Windows NT 10.0; Win64; x64) AppleWebKit/537.36 (KHTML, like Gecko) Chrome/68.0.3440.106 Safari/537.36"
- - [06/Aug/2020:03:55:59 +0000] "POST /index.php HTTP/1.1" 200 2443 "-" - "Mozilla/4.0 (compatible; MSIE 6.0; Windows NT 5.1)"
- - [06/Aug/2020:03:56:00 +0000] "POST /bbs.php HTTP/1.1" 404 1871 "-" - "Mozilla/4.0 (compatible; MSIE 6.0; Windows NT 5.1)"
- - [06/Aug/2020:03:56:01 +0000] "POST /forum.php HTTP/1.1" 404 1872 "-" - "Mozilla/4.0 (compatible; MSIE 6.0; Windows NT 5.1)"
- - [06/Aug/2020:03:56:02 +0000] "POST /forums.php HTTP/1.1" 404 1872 "-" - "Mozilla/4.0 (compatible; MSIE 6.0; Windows NT 5.1)"
- - [06/Aug/2020:03:56:03 +0000] "POST /bbs/index.php HTTP/1.1" 404 1872 "-" - "Mozilla/4.0 (compatible; MSIE 6.0; Windows NT 5.1)"
- - [06/Aug/2020:03:56:04 +0000] "POST /forum/index.php HTTP/1.1" 404 1872 "-" - "Mozilla/4.0 (compatible; MSIE 6.0; Windows NT 5.1)"
- - [06/Aug/2020:03:56:06 +0000] "POST /cgi-bin/php?%2D%64+%61%6C%6C%6F%77%5F%75%72%6C%5F%69%6E%63%6C%75%64%65%3D%6F%6E+%2D%64+%73%61%66%65%5F%6D%6F%64%65%3D%6F%66%66+%2D%64+%73%75%68%6F%73%69%6E%2E%73%69%6D%75%6C%61%74%69%6F%6E%3D%6F%6E+%2D%64+%64%69%73%61%62%6C%65%5F%66%75%6E%63%74%69%6F%6E%73%3D%22%22+%2D%64+%6F%70%65%6E%5F%62%61%73%65%64%69%72%3D%6E%6F%6E%65+%2D%64+%61%75%74%6F%5F%70%72%65%70%65%6E%64%5F%66%69%6C%65%3D%70%68%70%3A%2F%2F%69%6E%70%75%74+%2D%64+%63%67%69%2E%66%6F%72%63%65%5F%72%65%64%69%72%65%63%74%3D%30+%2D%64+%63%67%69%2E%72%65%64%69%72%65%63%74%5F%73%74%61%74%75%73%5F%65%6E%76%3D%30+%2D%6E HTTP/1.1" 404 1872 "-" - "Mozilla/4.0 (compatible; MSIE 8.0; Windows NT 5.1; Trident/4.0)"
- - [06/Aug/2020:03:56:10 +0000] "POST /cgi-bin/php-cgi?%2D%64+%61%6C%6C%6F%77%5F%75%72%6C%5F%69%6E%63%6C%75%64%65%3D%6F%6E+%2D%64+%73%61%66%65%5F%6D%6F%64%65%3D%6F%66%66+%2D%64+%73%75%68%6F%73%69%6E%2E%73%69%6D%75%6C%61%74%69%6F%6E%3D%6F%6E+%2D%64+%64%69%73%61%62%6C%65%5F%66%75%6E%63%74%69%6F%6E%73%3D%22%22+%2D%64+%6F%70%65%6E%5F%62%61%73%65%64%69%72%3D%6E%6F%6E%65+%2D%64+%61%75%74%6F%5F%70%72%65%70%65%6E%64%5F%66%69%6C%65%3D%70%68%70%3A%2F%2F%69%6E%70%75%74+%2D%64+%63%67%69%2E%66%6F%72%63%65%5F%72%65%64%69%72%65%63%74%3D%30+%2D%64+%63%67%69%2E%72%65%64%69%72%65%63%74%5F%73%74%61%74%75%73%5F%65%6E%76%3D%30+%2D%6E HTTP/1.1" 404 1872 "-" - "Mozilla/4.0 (compatible; MSIE 8.0; Windows NT 5.1; Trident/4.0)"
- - [06/Aug/2020:03:56:11 +0000] "POST /cgi-bin/php.cgi?%2D%64+%61%6C%6C%6F%77%5F%75%72%6C%5F%69%6E%63%6C%75%64%65%3D%6F%6E+%2D%64+%73%61%66%65%5F%6D%6F%64%65%3D%6F%66%66+%2D%64+%73%75%68%6F%73%69%6E%2E%73%69%6D%75%6C%61%74%69%6F%6E%3D%6F%6E+%2D%64+%64%69%73%61%62%6C%65%5F%66%75%6E%63%74%69%6F%6E%73%3D%22%22+%2D%64+%6F%70%65%6E%5F%62%61%73%65%64%69%72%3D%6E%6F%6E%65+%2D%64+%61%75%74%6F%5F%70%72%65%70%65%6E%64%5F%66%69%6C%65%3D%70%68%70%3A%2F%2F%69%6E%70%75%74+%2D%64+%63%67%69%2E%66%6F%72%63%65%5F%72%65%64%69%72%65%63%74%3D%30+%2D%64+%63%67%69%2E%72%65%64%69%72%65%63%74%5F%73%74%61%74%75%73%5F%65%6E%76%3D%30+%2D%6E HTTP/1.1" 404 1872 "-" - "Mozilla/4.0 (compatible; MSIE 8.0; Windows NT 5.1; Trident/4.0)"
- - [06/Aug/2020:03:56:12 +0000] "POST /cgi-bin/php4?%2D%64+%61%6C%6C%6F%77%5F%75%72%6C%5F%69%6E%63%6C%75%64%65%3D%6F%6E+%2D%64+%73%61%66%65%5F%6D%6F%64%65%3D%6F%66%66+%2D%64+%73%75%68%6F%73%69%6E%2E%73%69%6D%75%6C%61%74%69%6F%6E%3D%6F%6E+%2D%64+%64%69%73%61%62%6C%65%5F%66%75%6E%63%74%69%6F%6E%73%3D%22%22+%2D%64+%6F%70%65%6E%5F%62%61%73%65%64%69%72%3D%6E%6F%6E%65+%2D%64+%61%75%74%6F%5F%70%72%65%70%65%6E%64%5F%66%69%6C%65%3D%70%68%70%3A%2F%2F%69%6E%70%75%74+%2D%64+%63%67%69%2E%66%6F%72%63%65%5F%72%65%64%69%72%65%63%74%3D%30+%2D%64+%63%67%69%2E%72%65%64%69%72%65%63%74%5F%73%74%61%74%75%73%5F%65%6E%76%3D%30+%2D%6E HTTP/1.1" 404 1872 "-" - "Mozilla/4.0 (compatible; MSIE 8.0; Windows NT 5.1; Trident/4.0)"
- - [06/Aug/2020:03:56:13 +0000] "POST /%62%61%73%65/%70%6F%73%74%2E%70%68%70 HTTP/1.1" 404 1872 "-" - "Mozilla/5.0 (X11; Linux x86_64; rv:28.0) Gecko/20100101 Firefox/28.0"
- - [06/Aug/2020:03:56:15 +0000] "GET /webdav/ HTTP/1.1" 404 1835 "-" - "Mozilla/5.0"
- - [06/Aug/2020:03:56:17 +0000] "GET /%69%73%70%69%72%69%74/%69%6D/%75%70%6C%6F%61%64%2E%70%68%70 HTTP/1.1" 404 1872 "-" - "Mozilla/5.0 (Windows NT 10.0; Win64; x64; rv:61.0) Gecko/20100101 Firefox/61.0"
- - [06/Aug/2020:03:56:21 +0000] "GET /help.php HTTP/1.1" 404 1872 "-" - "Mozilla/5.0 (Windows NT 10.0; Win64; x64; rv:61.0) Gecko/20100101 Firefox/61.0"
- - [06/Aug/2020:03:56:22 +0000] "GET /java.php HTTP/1.1" 404 1872 "-" - "Mozilla/5.0 (Windows NT 10.0; Win64; x64; rv:61.0) Gecko/20100101 Firefox/61.0"
- - [06/Aug/2020:03:56:26 +0000] "GET /_query.php HTTP/1.1" 404 1872 "-" - "Mozilla/5.0 (Windows NT 10.0; Win64; x64; rv:61.0) Gecko/20100101 Firefox/61.0"
- - [06/Aug/2020:03:56:30 +0000] "GET /test.php HTTP/1.1" 404 1872 "-" - "Mozilla/5.0 (Windows NT 10.0; Win64; x64; rv:61.0) Gecko/20100101 Firefox/61.0"
- - [06/Aug/2020:03:56:31 +0000] "GET /db_cts.php HTTP/1.1" 404 1872 "-" - "Mozilla/5.0 (Windows NT 10.0; Win64; x64; rv:61.0) Gecko/20100101 Firefox/61.0"
- - [06/Aug/2020:03:56:38 +0000] "GET /db_pma.php HTTP/1.1" 404 1872 "-" - "Mozilla/5.0 (Windows NT 10.0; Win64; x64; rv:61.0) Gecko/20100101 Firefox/61.0"
- - [06/Aug/2020:03:56:39 +0000] "GET /logon.php HTTP/1.1" 404 1872 "-" - "Mozilla/5.0 (Windows NT 10.0; Win64; x64; rv:61.0) Gecko/20100101 Firefox/61.0"
- - [06/Aug/2020:03:56:40 +0000] "GET /help-e.php HTTP/1.1" 404 1872 "-" - "Mozilla/5.0 (Windows NT 10.0; Win64; x64; rv:61.0) Gecko/20100101 Firefox/61.0"
- - [06/Aug/2020:03:56:41 +0000] "GET /log.php HTTP/1.1" 404 1872 "-" - "Mozilla/5.0 (Windows NT 10.0; Win64; x64; rv:61.0) Gecko/20100101 Firefox/61.0"
- - [06/Aug/2020:03:56:42 +0000] "GET /hell.php HTTP/1.1" 404 1872 "-" - "Mozilla/5.0 (Windows NT 10.0; Win64; x64; rv:61.0) Gecko/20100101 Firefox/61.0"
- - [06/Aug/2020:03:56:43 +0000] "GET /pmd_online.php HTTP/1.1" 404 1872 "-" - "Mozilla/5.0 (Windows NT 10.0; Win64; x64; rv:61.0) Gecko/20100101 Firefox/61.0"
- - [06/Aug/2020:03:56:45 +0000] "GET /x.php HTTP/1.1" 404 1872 "-" - "Mozilla/5.0 (Windows NT 10.0; Win64; x64; rv:61.0) Gecko/20100101 Firefox/61.0"
- - [06/Aug/2020:03:56:49 +0000] "GET /htdocs.php HTTP/1.1" 404 1872 "-" - "Mozilla/5.0 (Windows NT 10.0; Win64; x64; rv:61.0) Gecko/20100101 Firefox/61.0"
- - [06/Aug/2020:03:56:50 +0000] "GET /b.php HTTP/1.1" 404 1872 "-" - "Mozilla/5.0 (Windows NT 10.0; Win64; x64; rv:61.0) Gecko/20100101 Firefox/61.0"
- - [06/Aug/2020:03:56:54 +0000] "GET /sane.php HTTP/1.1" 404 1872 "-" - "Mozilla/5.0 (Windows NT 10.0; Win64; x64; rv:61.0) Gecko/20100101 Firefox/61.0"
- - [06/Aug/2020:03:56:55 +0000] "GET /desktop.ini.php HTTP/1.1" 404 1872 "-" - "Mozilla/5.0 (Windows NT 10.0; Win64; x64; rv:61.0) Gecko/20100101 Firefox/61.0"
- - [06/Aug/2020:03:56:57 +0000] "GET /lala.php HTTP/1.1" 404 1872 "-" - "Mozilla/5.0 (Windows NT 10.0; Win64; x64; rv:61.0) Gecko/20100101 Firefox/61.0"
- - [06/Aug/2020:03:56:58 +0000] "GET /lala-dpr.php HTTP/1.1" 404 1872 "-" - "Mozilla/5.0 (Windows NT 10.0; Win64; x64; rv:61.0) Gecko/20100101 Firefox/61.0"
- - [06/Aug/2020:03:56:59 +0000] "GET /wpc.php HTTP/1.1" 404 1872 "-" - "Mozilla/5.0 (Windows NT 10.0; Win64; x64; rv:61.0) Gecko/20100101 Firefox/61.0"
- - [06/Aug/2020:03:57:01 +0000] "GET /t6nv.php HTTP/1.1" 404 1872 "-" - "Mozilla/5.0 (Windows NT 10.0; Win64; x64; rv:61.0) Gecko/20100101 Firefox/61.0"
- - [06/Aug/2020:03:57:02 +0000] "GET /muhstik.php HTTP/1.1" 404 1872 "-" - "Mozilla/5.0 (Windows NT 10.0; Win64; x64; rv:61.0) Gecko/20100101 Firefox/61.0"
- - [06/Aug/2020:03:57:03 +0000] "GET /text.php HTTP/1.1" 404 1872 "-" - "Mozilla/5.0 (Windows NT 10.0; Win64; x64; rv:61.0) Gecko/20100101 Firefox/61.0"
- - [06/Aug/2020:03:57:05 +0000] "GET /wp-config.php HTTP/1.1" 404 1872 "-" - "Mozilla/5.0 (Windows NT 10.0; Win64; x64; rv:61.0) Gecko/20100101 Firefox/61.0"
- - [06/Aug/2020:03:57:06 +0000] "GET /muhstik.php HTTP/1.1" 404 1872 "-" - "Mozilla/5.0 (Windows NT 10.0; Win64; x64; rv:61.0) Gecko/20100101 Firefox/61.0"
- - [06/Aug/2020:03:57:08 +0000] "GET /muhstik2.php HTTP/1.1" 404 1872 "-" - "Mozilla/5.0 (Windows NT 10.0; Win64; x64; rv:61.0) Gecko/20100101 Firefox/61.0"
- - [06/Aug/2020:03:57:09 +0000] "GET /muhstiks.php HTTP/1.1" 404 1872 "-" - "Mozilla/5.0 (Windows NT 10.0; Win64; x64; rv:61.0) Gecko/20100101 Firefox/61.0"
- - [06/Aug/2020:03:57:13 +0000] "GET /muhstik-dpr.php HTTP/1.1" 404 1872 "-" - "Mozilla/5.0 (Windows NT 10.0; Win64; x64; rv:61.0) Gecko/20100101 Firefox/61.0"
- - [06/Aug/2020:03:57:17 +0000] "GET /uploader.php HTTP/1.1" 404 1872 "-" - "Mozilla/5.0 (Windows NT 10.0; Win64; x64; rv:61.0) Gecko/20100101 Firefox/61.0"
- - [06/Aug/2020:03:57:25 +0000] "GET /cmv.php HTTP/1.1" 404 1872 "-" - "Mozilla/5.0 (Windows NT 10.0; Win64; x64; rv:61.0) Gecko/20100101 Firefox/61.0"
- - [06/Aug/2020:03:57:26 +0000] "GET /cmdd.php HTTP/1.1" 404 1872 "-" - "Mozilla/5.0 (Windows NT 10.0; Win64; x64; rv:61.0) Gecko/20100101 Firefox/61.0"
- - [06/Aug/2020:03:57:29 +0000] "GET /knal.php HTTP/1.1" 404 1872 "-" - "Mozilla/5.0 (Windows NT 10.0; Win64; x64; rv:61.0) Gecko/20100101 Firefox/61.0"
- - [06/Aug/2020:03:57:31 +0000] "GET /cmd.php HTTP/1.1" 404 1872 "-" - "Mozilla/5.0 (Windows NT 10.0; Win64; x64; rv:61.0) Gecko/20100101 Firefox/61.0"
- - [06/Aug/2020:03:57:33 +0000] "GET /shell.php HTTP/1.1" 404 1872 "-" - "Mozilla/5.0 (Windows NT 10.0; Win64; x64; rv:61.0) Gecko/20100101 Firefox/61.0"
- - [06/Aug/2020:03:57:35 +0000] "GET /appserv.php HTTP/1.1" 404 1872 "-" - "Mozilla/5.0 (Windows NT 10.0; Win64; x64; rv:61.0) Gecko/20100101 Firefox/61.0"
- - [06/Aug/2020:03:57:38 +0000] "GET /phpmyadmin/scripts/setup.php HTTP/1.1" 404 1872 "-" - "Mozilla/5.0 (Windows NT 10.0; Win64; x64; rv:61.0) Gecko/20100101 Firefox/61.0"
- - [06/Aug/2020:03:57:39 +0000] "GET /phpMyAdmin/scripts/setup.php HTTP/1.1" 404 1872 "-" - "Mozilla/5.0 (Windows NT 10.0; Win64; x64; rv:61.0) Gecko/20100101 Firefox/61.0"
- - [06/Aug/2020:03:57:44 +0000] "GET /scripts/db___.init.php HTTP/1.1" 404 1872 "-" - "Mozilla/5.0 (Windows NT 10.0; Win64; x64; rv:61.0) Gecko/20100101 Firefox/61.0"
- - [06/Aug/2020:03:57:45 +0000] "GET /phpmyadmin/scripts/db___.init.php HTTP/1.1" 404 1872 "-" - "Mozilla/5.0 (Windows NT 10.0; Win64; x64; rv:61.0) Gecko/20100101 Firefox/61.0"
- - [06/Aug/2020:03:57:49 +0000] "GET /phpMyAdmin/scripts/db___.init.php HTTP/1.1" 404 1872 "-" - "Mozilla/5.0 (Windows NT 10.0; Win64; x64; rv:61.0) Gecko/20100101 Firefox/61.0"
- - [06/Aug/2020:03:57:57 +0000] "GET /PMA/scripts/setup.php HTTP/1.1" 404 1872 "-" - "Mozilla/5.0 (Windows NT 10.0; Win64; x64; rv:61.0) Gecko/20100101 Firefox/61.0"
- - [06/Aug/2020:03:57:58 +0000] "GET /myadmin/scripts/setup.php HTTP/1.1" 404 1872 "-" - "Mozilla/5.0 (Windows NT 10.0; Win64; x64; rv:61.0) Gecko/20100101 Firefox/61.0"
- - [06/Aug/2020:03:58:01 +0000] "GET /MyAdmin/scripts/setup.php HTTP/1.1" 404 1872 "-" - "Mozilla/5.0 (Windows NT 10.0; Win64; x64; rv:61.0) Gecko/20100101 Firefox/61.0"
- - [06/Aug/2020:03:58:05 +0000] "GET /pma/scripts/db___.init.php HTTP/1.1" 404 1872 "-" - "Mozilla/5.0 (Windows NT 10.0; Win64; x64; rv:61.0) Gecko/20100101 Firefox/61.0"
- - [06/Aug/2020:03:58:06 +0000] "GET /PMA/scripts/db___.init.php HTTP/1.1" 404 1872 "-" - "Mozilla/5.0 (Windows NT 10.0; Win64; x64; rv:61.0) Gecko/20100101 Firefox/61.0"
- - [06/Aug/2020:03:58:07 +0000] "GET /myadmin/scripts/db___.init.php HTTP/1.1" 404 1872 "-" - "Mozilla/5.0 (Windows NT 10.0; Win64; x64; rv:61.0) Gecko/20100101 Firefox/61.0"
- - [06/Aug/2020:03:58:09 +0000] "GET /plugins/weathermap/editor.php HTTP/1.1" 404 1872 "-" - "Mozilla/5.0 (Windows NT 10.0; Win64; x64; rv:61.0) Gecko/20100101 Firefox/61.0"
- - [06/Aug/2020:03:58:10 +0000] "GET /cacti/plugins/weathermap/editor.php HTTP/1.1" 404 1872 "-" - "Mozilla/5.0 (Windows NT 10.0; Win64; x64; rv:61.0) Gecko/20100101 Firefox/61.0"
- - [06/Aug/2020:03:58:11 +0000] "GET /weathermap/editor.php HTTP/1.1" 404 1872 "-" - "Mozilla/5.0 (Windows NT 10.0; Win64; x64; rv:61.0) Gecko/20100101 Firefox/61.0"
- - [06/Aug/2020:03:58:12 +0000] "GET /index.php?s=%2f%69%6e%64%65%78%2f%5c%74%68%69%6e%6b%5c%61%70%70%2f%69%6e%76%6f%6b%65%66%75%6e%63%74%69%6f%6e&function=%63%61%6c%6c%5f%75%73%65%72%5f%66%75%6e%63%5f%61%72%72%61%79&vars[0]=%6d%645&vars[1][]=%48%65%6c%6c%6f%54%68%69%6e%6b%50%48%50 HTTP/1.1" 200 2443 "-" - "Mozilla/5.0 (Windows NT 10.0; Win64; x64; rv:61.0) Gecko/20100101 Firefox/61.0"
- - [06/Aug/2020:03:58:12 +0000] "GET /elrekt.php?s=%2f%69%6e%64%65%78%2f%5c%74%68%69%6e%6b%5c%61%70%70%2f%69%6e%76%6f%6b%65%66%75%6e%63%74%69%6f%6e&function=%63%61%6c%6c%5f%75%73%65%72%5f%66%75%6e%63%5f%61%72%72%61%79&vars[0]=%6d%645&vars[1][]=%48%65%6c%6c%6f%54%68%69%6e%6b%50%48%50 HTTP/1.1" 404 1871 "-" - "Mozilla/5.0 (Windows NT 10.0; Win64; x64; rv:61.0) Gecko/20100101 Firefox/61.0"
- - [06/Aug/2020:03:58:14 +0000] "GET /App/?content=die(md5(HelloThinkPHP)) HTTP/1.1" 404 1872 "-" - "Mozilla/5.0 (Windows NT 10.0; Win64; x64; rv:61.0) Gecko/20100101 Firefox/61.0"
- - [06/Aug/2020:03:58:15 +0000] "GET /index.php/module/action/param1/${@die(md5(HelloThinkPHP))} HTTP/1.1" 200 2443 "-" - "Mozilla/5.0 (Windows NT 10.0; Win64; x64; rv:61.0) Gecko/20100101 Firefox/61.0"
- - [06/Aug/2020:03:58:15 +0000] "GET /index.php?s=/module/action/param1/${@die(md5(HelloThinkPHP))} HTTP/1.1" 200 2442 "-" - "Mozilla/5.0 (Windows NT 10.0; Win64; x64; rv:61.0) Gecko/20100101 Firefox/61.0"
- - [06/Aug/2020:03:58:16 +0000] "GET /?a=fetch&content=<php>die(@md5(HelloThinkCMF))</php> HTTP/1.1" 200 2442 "-" - "Mozilla/5.0 (Windows NT 10.0; Win64; x64; rv:61.0) Gecko/20100101 Firefox/61.0"
- - [06/Aug/2020:03:58:16 +0000] "GET / HTTP/1.1" 200 2442 "-" - "Mozilla/5.0 (Windows NT 10.0; Win64; x64; rv:61.0) Gecko/20100101 Firefox/61.0"
- - [06/Aug/2020:03:58:17 +0000] "GET /joomla/ HTTP/1.1" 404 1871 "-" - "Mozilla/5.0 (Windows NT 10.0; Win64; x64; rv:61.0) Gecko/20100101 Firefox/61.0"
- - [06/Aug/2020:03:58:18 +0000] "GET /Joomla/ HTTP/1.1" 404 1872 "-" - "Mozilla/5.0 (Windows NT 10.0; Win64; x64; rv:61.0) Gecko/20100101 Firefox/61.0"
- - [06/Aug/2020:03:58:18 +0000] "GET /?a=echo%20-n%20HelloNginx%7Cmd5sum HTTP/1.1" 200 2443 "-" - "Mozilla/5.0 (Windows NT 10.0; Win64; x64; rv:61.0) Gecko/20100101 Firefox/61.0"
- - [06/Aug/2020:03:58:19 +0000] "GET /d7.php HTTP/1.1" 404 1871 "-" - "Mozilla/5.0 (Windows NT 10.0; Win64; x64; rv:61.0) Gecko/20100101 Firefox/61.0"
- - [06/Aug/2020:03:58:20 +0000] "GET /rxr.php HTTP/1.1" 404 1872 "-" - "Mozilla/5.0 (Windows NT 10.0; Win64; x64; rv:61.0) Gecko/20100101 Firefox/61.0"
- - [06/Aug/2020:03:58:21 +0000] "GET /1x.php HTTP/1.1" 404 1872 "-" - "Mozilla/5.0 (Windows NT 10.0; Win64; x64; rv:61.0) Gecko/20100101 Firefox/61.0"
- - [06/Aug/2020:03:58:22 +0000] "GET /home.php HTTP/1.1" 404 1872 "-" - "Mozilla/5.0 (Windows NT 10.0; Win64; x64; rv:61.0) Gecko/20100101 Firefox/61.0"
- - [06/Aug/2020:03:58:26 +0000] "GET /undx.php HTTP/1.1" 404 1872 "-" - "Mozilla/5.0 (Windows NT 10.0; Win64; x64; rv:61.0) Gecko/20100101 Firefox/61.0"
- - [06/Aug/2020:03:58:29 +0000] "GET /payload.php HTTP/1.1" 404 1872 "-" - "Mozilla/5.0 (Windows NT 10.0; Win64; x64; rv:61.0) Gecko/20100101 Firefox/61.0"
- - [06/Aug/2020:03:58:30 +0000] "GET /composers.php HTTP/1.1" 404 1872 "-" - "Mozilla/5.0 (Windows NT 10.0; Win64; x64; rv:61.0) Gecko/20100101 Firefox/61.0"
- - [06/Aug/2020:03:58:33 +0000] "GET /composer.php HTTP/1.1" 404 1872 "-" - "Mozilla/5.0 (Windows NT 10.0; Win64; x64; rv:61.0) Gecko/20100101 Firefox/61.0"
- - [06/Aug/2020:03:58:34 +0000] "GET /hue2.php HTTP/1.1" 404 1872 "-" - "Mozilla/5.0 (Windows NT 10.0; Win64; x64; rv:61.0) Gecko/20100101 Firefox/61.0"
- - [06/Aug/2020:03:58:35 +0000] "GET /Drupal.php HTTP/1.1" 404 1872 "-" - "Mozilla/5.0 (Windows NT 10.0; Win64; x64; rv:61.0) Gecko/20100101 Firefox/61.0"
- - [06/Aug/2020:03:58:38 +0000] "GET /lang.php?f=1 HTTP/1.1" 404 1872 "-" - "Mozilla/5.0 (Windows NT 10.0; Win64; x64; rv:61.0) Gecko/20100101 Firefox/61.0"
- - [06/Aug/2020:03:58:39 +0000] "GET /izom.php HTTP/1.1" 404 1872 "-" - "Mozilla/5.0 (Windows NT 10.0; Win64; x64; rv:61.0) Gecko/20100101 Firefox/61.0"
- - [06/Aug/2020:03:58:40 +0000] "GET /payload.php HTTP/1.1" 404 1872 "-" - "Mozilla/5.0 (Windows NT 10.0; Win64; x64; rv:61.0) Gecko/20100101 Firefox/61.0"
- - [06/Aug/2020:03:58:41 +0000] "GET /images/!.php HTTP/1.1" 404 1872 "-" - "Mozilla/5.0 (Windows NT 10.0; Win64; x64; rv:61.0) Gecko/20100101 Firefox/61.0"
- - [06/Aug/2020:03:58:42 +0000] "GET /images/vuln.php HTTP/1.1" 404 1872 "-" - "Mozilla/5.0 (Windows NT 10.0; Win64; x64; rv:61.0) Gecko/20100101 Firefox/61.0"
- - [06/Aug/2020:03:58:43 +0000] "GET /hd.php HTTP/1.1" 404 1872 "-" - "Mozilla/5.0 (Windows NT 10.0; Win64; x64; rv:61.0) Gecko/20100101 Firefox/61.0"
- - [06/Aug/2020:03:58:46 +0000] "GET /images/attari.php HTTP/1.1" 404 1872 "-" - "Mozilla/5.0 (Windows NT 10.0; Win64; x64; rv:61.0) Gecko/20100101 Firefox/61.0"
- - [06/Aug/2020:03:58:46 +0000] "GET /images/jsspwneed.php HTTP/1.1" 404 1872 "-" - "Mozilla/5.0 (Windows NT 10.0; Win64; x64; rv:61.0) Gecko/20100101 Firefox/61.0"
- - [06/Aug/2020:03:58:47 +0000] "GET /images/stories/cmd.php HTTP/1.1" 404 1872 "-" - "Mozilla/5.0 (Windows NT 10.0; Win64; x64; rv:61.0) Gecko/20100101 Firefox/61.0"
- - [06/Aug/2020:03:58:49 +0000] "GET /images/stories/filemga.php?ssp=RfVbHu HTTP/1.1" 404 1872 "-" - "Mozilla/5.0 (Windows NT 10.0; Win64; x64; rv:61.0) Gecko/20100101 Firefox/61.0"
- - [06/Aug/2020:03:58:53 +0000] "GET /up.php HTTP/1.1" 404 1872 "-" - "Mozilla/5.0 (Windows NT 10.0; Win64; x64; rv:61.0) Gecko/20100101 Firefox/61.0"
- - [06/Aug/2020:03:58:57 +0000] "GET /laravel.php HTTP/1.1" 404 1872 "-" - "Mozilla/5.0 (Windows NT 10.0; Win64; x64; rv:61.0) Gecko/20100101 Firefox/61.0"
- - [06/Aug/2020:03:58:58 +0000] "GET /huoshan.php HTTP/1.1" 404 1872 "-" - "Mozilla/5.0 (Windows NT 10.0; Win64; x64; rv:61.0) Gecko/20100101 Firefox/61.0"
- - [06/Aug/2020:03:59:02 +0000] "GET /floaw.php HTTP/1.1" 404 1872 "-" - "Mozilla/5.0 (Windows NT 10.0; Win64; x64; rv:61.0) Gecko/20100101 Firefox/61.0"
- - [06/Aug/2020:03:59:06 +0000] "GET /ftmabc.php HTTP/1.1" 404 1872 "-" - "Mozilla/5.0 (Windows NT 10.0; Win64; x64; rv:61.0) Gecko/20100101 Firefox/61.0"
- - [06/Aug/2020:03:59:09 +0000] "GET /mjx.php HTTP/1.1" 404 1872 "-" - "Mozilla/5.0 (Windows NT 10.0; Win64; x64; rv:61.0) Gecko/20100101 Firefox/61.0"
- - [06/Aug/2020:03:59:10 +0000] "GET /xiaoxia.php HTTP/1.1" 404 1872 "-" - "Mozilla/5.0 (Windows NT 10.0; Win64; x64; rv:61.0) Gecko/20100101 Firefox/61.0"
- - [06/Aug/2020:03:59:11 +0000] "GET /yuyang.php HTTP/1.1" 404 1872 "-" - "Mozilla/5.0 (Windows NT 10.0; Win64; x64; rv:61.0) Gecko/20100101 Firefox/61.0"
- - [06/Aug/2020:03:59:13 +0000] "GET /zz.php HTTP/1.1" 404 1872 "-" - "Mozilla/5.0 (Windows NT 10.0; Win64; x64; rv:61.0) Gecko/20100101 Firefox/61.0"
- - [06/Aug/2020:03:59:14 +0000] "GET /coonig.php HTTP/1.1" 404 1872 "-" - "Mozilla/5.0 (Windows NT 10.0; Win64; x64; rv:61.0) Gecko/20100101 Firefox/61.0"
- - [06/Aug/2020:03:59:15 +0000] "GET /ak.php HTTP/1.1" 404 1872 "-" - "Mozilla/5.0 (Windows NT 10.0; Win64; x64; rv:61.0) Gecko/20100101 Firefox/61.0"
- - [06/Aug/2020:03:59:18 +0000] "GET /hhhhhh.php HTTP/1.1" 404 1872 "-" - "Mozilla/5.0 (Windows NT 10.0; Win64; x64; rv:61.0) Gecko/20100101 Firefox/61.0"
- - [06/Aug/2020:03:59:19 +0000] "GET /meijianxue.php HTTP/1.1" 404 1872 "-" - "Mozilla/5.0 (Windows NT 10.0; Win64; x64; rv:61.0) Gecko/20100101 Firefox/61.0"
- - [06/Aug/2020:03:59:20 +0000] "GET /no1.php HTTP/1.1" 404 1872 "-" - "Mozilla/5.0 (Windows NT 10.0; Win64; x64; rv:61.0) Gecko/20100101 Firefox/61.0"
- - [06/Aug/2020:03:59:21 +0000] "GET /python.php HTTP/1.1" 404 1872 "-" - "Mozilla/5.0 (Windows NT 10.0; Win64; x64; rv:61.0) Gecko/20100101 Firefox/61.0"
- - [06/Aug/2020:03:59:25 +0000] "GET /woshimengmei.php HTTP/1.1" 404 1872 "-" - "Mozilla/5.0 (Windows NT 10.0; Win64; x64; rv:61.0) Gecko/20100101 Firefox/61.0"
- - [06/Aug/2020:03:59:30 +0000] "GET /taisui.php HTTP/1.1" 404 1872 "-" - "Mozilla/5.0 (Windows NT 10.0; Win64; x64; rv:61.0) Gecko/20100101 Firefox/61.0"
- - [06/Aug/2020:03:59:34 +0000] "GET /kk.php HTTP/1.1" 404 1872 "-" - "Mozilla/5.0 (Windows NT 10.0; Win64; x64; rv:61.0) Gecko/20100101 Firefox/61.0"
- - [06/Aug/2020:03:59:35 +0000] "GET /xsser.php HTTP/1.1" 404 1872 "-" - "Mozilla/5.0 (Windows NT 10.0; Win64; x64; rv:61.0) Gecko/20100101 Firefox/61.0"
- - [06/Aug/2020:03:59:37 +0000] "GET /zzz.php HTTP/1.1" 404 1872 "-" - "Mozilla/5.0 (Windows NT 10.0; Win64; x64; rv:61.0) Gecko/20100101 Firefox/61.0"
- - [06/Aug/2020:03:59:38 +0000] "GET /99.php HTTP/1.1" 404 1872 "-" - "Mozilla/5.0 (Windows NT 10.0; Win64; x64; rv:61.0) Gecko/20100101 Firefox/61.0"
- - [06/Aug/2020:03:59:41 +0000] "GET /hs.php HTTP/1.1" 404 1872 "-" - "Mozilla/5.0 (Windows NT 10.0; Win64; x64; rv:61.0) Gecko/20100101 Firefox/61.0"
- - [06/Aug/2020:03:59:42 +0000] "GET /1ts.php HTTP/1.1" 404 1872 "-" - "Mozilla/5.0 (Windows NT 10.0; Win64; x64; rv:61.0) Gecko/20100101 Firefox/61.0"
- - [06/Aug/2020:03:59:43 +0000] "GET /haiyan.php HTTP/1.1" 404 1872 "-" - "Mozilla/5.0 (Windows NT 10.0; Win64; x64; rv:61.0) Gecko/20100101 Firefox/61.0"
- - [06/Aug/2020:03:59:44 +0000] "GET /phpdm.php HTTP/1.1" 404 1872 "-" - "Mozilla/5.0 (Windows NT 10.0; Win64; x64; rv:61.0) Gecko/20100101 Firefox/61.0"
- - [06/Aug/2020:03:59:45 +0000] "GET /5678.php HTTP/1.1" 404 1872 "-" - "Mozilla/5.0 (Windows NT 10.0; Win64; x64; rv:61.0) Gecko/20100101 Firefox/61.0"
- - [06/Aug/2020:03:59:46 +0000] "GET /root11.php HTTP/1.1" 404 1872 "-" - "Mozilla/5.0 (Windows NT 10.0; Win64; x64; rv:61.0) Gecko/20100101 Firefox/61.0"
- - [06/Aug/2020:03:59:47 +0000] "GET /xiu.php HTTP/1.1" 404 1872 "-" - "Mozilla/5.0 (Windows NT 10.0; Win64; x64; rv:61.0) Gecko/20100101 Firefox/61.0"
- - [06/Aug/2020:03:59:48 +0000] "POST /wuwu11.php HTTP/1.1" 404 1872 "-" - "Mozilla/5.0 (Windows NT 6.1; Win64; x64; rv:28.0) Gecko/20100101 Firefox/28.0"
- - [06/Aug/2020:03:59:51 +0000] "POST /xw.php HTTP/1.1" 404 1872 "-" - "Mozilla/5.0 (Windows NT 6.1; Win64; x64; rv:28.0) Gecko/20100101 Firefox/28.0"
- - [06/Aug/2020:03:59:53 +0000] "POST /xw1.php HTTP/1.1" 404 1872 "-" - "Mozilla/5.0 (Windows NT 6.1; Win64; x64; rv:28.0) Gecko/20100101 Firefox/28.0"
- - [06/Aug/2020:03:59:57 +0000] "POST /wc.php HTTP/1.1" 404 1872 "-" - "Mozilla/5.0 (Windows NT 6.1; Win64; x64; rv:28.0) Gecko/20100101 Firefox/28.0"
- - [06/Aug/2020:03:59:58 +0000] "POST /xx.php HTTP/1.1" 404 1872 "-" - "Mozilla/5.0 (Windows NT 6.1; Win64; x64; rv:28.0) Gecko/20100101 Firefox/28.0"
- - [06/Aug/2020:04:00:01 +0000] "POST /xx.php HTTP/1.1" 404 1872 "-" - "Mozilla/5.0 (Windows NT 6.1; Win64; x64; rv:28.0) Gecko/20100101 Firefox/28.0"
- - [06/Aug/2020:04:00:08 +0000] "POST /w.php HTTP/1.1" 404 1872 "-" - "Mozilla/5.0 (Windows NT 6.1; Win64; x64; rv:28.0) Gecko/20100101 Firefox/28.0"
- - [06/Aug/2020:04:00:09 +0000] "POST /sheep.php HTTP/1.1" 404 1872 "-" - "Mozilla/5.0 (Windows NT 6.1; Win64; x64; rv:28.0) Gecko/20100101 Firefox/28.0"
- - [06/Aug/2020:04:00:10 +0000] "POST /qaq.php HTTP/1.1" 404 1872 "-" - "Mozilla/5.0 (Windows NT 6.1; Win64; x64; rv:28.0) Gecko/20100101 Firefox/28.0"
- - [06/Aug/2020:04:00:11 +0000] "POST /my.php HTTP/1.1" 404 1872 "-" - "Mozilla/5.0 (Windows NT 6.1; Win64; x64; rv:28.0) Gecko/20100101 Firefox/28.0"
- - [06/Aug/2020:04:00:12 +0000] "POST /qq.php HTTP/1.1" 404 1872 "-" - "Mozilla/5.0 (Windows NT 6.1; Win64; x64; rv:28.0) Gecko/20100101 Firefox/28.0"
- - [06/Aug/2020:04:00:13 +0000] "POST /aaa.php HTTP/1.1" 404 1872 "-" - "Mozilla/5.0 (Windows NT 6.1; Win64; x64; rv:28.0) Gecko/20100101 Firefox/28.0"
- - [06/Aug/2020:04:00:14 +0000] "POST /hhh.php HTTP/1.1" 404 1872 "-" - "Mozilla/5.0 (Windows NT 6.1; Win64; x64; rv:28.0) Gecko/20100101 Firefox/28.0"
- - [06/Aug/2020:04:00:15 +0000] "POST /jjj.php HTTP/1.1" 404 1872 "-" - "Mozilla/5.0 (Windows NT 6.1; Win64; x64; rv:28.0) Gecko/20100101 Firefox/28.0"
- - [06/Aug/2020:04:00:15 +0000] "POST /vvv.php HTTP/1.1" 404 1872 "-" - "Mozilla/5.0 (Windows NT 6.1; Win64; x64; rv:28.0) Gecko/20100101 Firefox/28.0"
- - [06/Aug/2020:04:00:25 +0000] "POST /411.php HTTP/1.1" 404 1872 "-" - "Mozilla/5.0 (Windows NT 6.1; Win64; x64; rv:28.0) Gecko/20100101 Firefox/28.0"
- - [06/Aug/2020:04:00:30 +0000] "POST /415.php HTTP/1.1" 404 1872 "-" - "Mozilla/5.0 (Windows NT 6.1; Win64; x64; rv:28.0) Gecko/20100101 Firefox/28.0"
- - [06/Aug/2020:04:00:30 +0000] "POST /421.php HTTP/1.1" 404 1872 "-" - "Mozilla/5.0 (Windows NT 6.1; Win64; x64; rv:28.0) Gecko/20100101 Firefox/28.0"
- - [06/Aug/2020:04:00:33 +0000] "POST /444.php HTTP/1.1" 404 1872 "-" - "Mozilla/5.0 (Windows NT 6.1; Win64; x64; rv:28.0) Gecko/20100101 Firefox/28.0"
- - [06/Aug/2020:04:00:34 +0000] "POST /a411.php HTTP/1.1" 404 1872 "-" - "Mozilla/5.0 (Windows NT 6.1; Win64; x64; rv:28.0) Gecko/20100101 Firefox/28.0"
- - [06/Aug/2020:04:00:35 +0000] "POST /whoami.php HTTP/1.1" 404 1872 "-" - "Mozilla/5.0 (Windows NT 6.1; Win64; x64; rv:28.0) Gecko/20100101 Firefox/28.0"
- - [06/Aug/2020:04:00:37 +0000] "POST /9.php HTTP/1.1" 404 1872 "-" - "Mozilla/5.0 (Windows NT 6.1; Win64; x64; rv:28.0) Gecko/20100101 Firefox/28.0"
- - [06/Aug/2020:04:00:40 +0000] "POST /98k.php HTTP/1.1" 404 1872 "-" - "Mozilla/5.0 (Windows NT 6.1; Win64; x64; rv:28.0) Gecko/20100101 Firefox/28.0"
- - [06/Aug/2020:04:00:43 +0000] "POST /981.php HTTP/1.1" 404 1872 "-" - "Mozilla/5.0 (Windows NT 6.1; Win64; x64; rv:28.0) Gecko/20100101 Firefox/28.0"
- - [06/Aug/2020:04:00:49 +0000] "POST /887.php HTTP/1.1" 404 1872 "-" - "Mozilla/5.0 (Windows NT 6.1; Win64; x64; rv:28.0) Gecko/20100101 Firefox/28.0"
- - [06/Aug/2020:04:00:53 +0000] "POST /888.php HTTP/1.1" 404 1872 "-" - "Mozilla/5.0 (Windows NT 6.1; Win64; x64; rv:28.0) Gecko/20100101 Firefox/28.0"
- - [06/Aug/2020:04:00:54 +0000] "POST /aa.php HTTP/1.1" 404 1872 "-" - "Mozilla/5.0 (Windows NT 6.1; Win64; x64; rv:28.0) Gecko/20100101 Firefox/28.0"
- - [06/Aug/2020:04:00:57 +0000] "POST /bb.php HTTP/1.1" 404 1872 "-" - "Mozilla/5.0 (Windows NT 6.1; Win64; x64; rv:28.0) Gecko/20100101 Firefox/28.0"
- - [06/Aug/2020:04:00:58 +0000] "POST /pp.php HTTP/1.1" 404 1872 "-" - "Mozilla/5.0 (Windows NT 6.1; Win64; x64; rv:28.0) Gecko/20100101 Firefox/28.0"
- - [06/Aug/2020:04:01:09 +0000] "POST /jj1.php HTTP/1.1" 404 1872 "-" - "Mozilla/5.0 (Windows NT 6.1; Win64; x64; rv:28.0) Gecko/20100101 Firefox/28.0"
- - [06/Aug/2020:04:01:13 +0000] "POST /jbb.php HTTP/1.1" 404 1872 "-" - "Mozilla/5.0 (Windows NT 6.1; Win64; x64; rv:28.0) Gecko/20100101 Firefox/28.0"
- - [06/Aug/2020:04:01:18 +0000] "POST /qwq.php HTTP/1.1" 404 1872 "-" - "Mozilla/5.0 (Windows NT 6.1; Win64; x64; rv:28.0) Gecko/20100101 Firefox/28.0"
- - [06/Aug/2020:04:01:21 +0000] "POST /kpl.php HTTP/1.1" 404 1872 "-" - "Mozilla/5.0 (Windows NT 6.1; Win64; x64; rv:28.0) Gecko/20100101 Firefox/28.0"
- - [06/Aug/2020:04:01:22 +0000] "POST /hgx.php HTTP/1.1" 404 1872 "-" - "Mozilla/5.0 (Windows NT 6.1; Win64; x64; rv:28.0) Gecko/20100101 Firefox/28.0"
- - [06/Aug/2020:04:01:25 +0000] "GET /%73%65%65%79%6F%6E/%68%74%6D%6C%6F%66%66%69%63%65%73%65%72%76%6C%65%74 HTTP/1.1" 404 1872 "-" - "Mozilla/5.0 (Windows NT 6.1; Win64; x64) AppleWebKit/537.36 (KHTML, like Gecko) Chrome/49.0.2623.105 Safari/537.36"
- - [06/Aug/2020:04:01:27 +0000] "GET /secure/ContactAdministrators!default.jspa HTTP/1.1" 404 1872 "-" - "Mozilla/5.0 (Windows NT 6.1; Win64; x64) AppleWebKit/537.36 (KHTML, like Gecko) Chrome/49.0.2623.105 Safari/537.36"
- - [06/Aug/2020:04:01:29 +0000] "GET /solr/ HTTP/1.1" 404 1872 "-" - "Mozilla/5.0 (Windows NT 6.1; Win64; x64) AppleWebKit/537.36 (KHTML, like Gecko) Chrome/49.0.2623.105 Safari/537.36"
- - [06/Aug/2020:04:01:30 +0000] "GET /console/login/LoginForm.jsp HTTP/1.1" 404 1872 "-" - "Mozilla/5.0 (Windows NT 6.1; Win64; x64) AppleWebKit/537.36 (KHTML, like Gecko) Chrome/49.0.2623.105 Safari/537.36"
- - [06/Aug/2020:04:01:31 +0000] "POST /index.php HTTP/1.1" 200 2443 "-" - "Mozilla/5.0 (X11; Ubuntu; Linux x86_64; rv:52.0) Gecko/20100101 Firefox/52.0"
- - [06/Aug/2020:04:01:42 +0000] "GET / HTTP/1.1" 200 2443 "-" - "Mozilla/5.0 (Windows NT 6.1) AppleWebKit/537.36 (KHTML, like Gecko) Chrome/58.0.3029.110 Safari/537.36 SE 2.X MetaSr 1.0"
- - [06/Aug/2020:04:01:43 +0000] "GET /joomla/ HTTP/1.1" 404 1871 "-" - "Mozilla/5.0 (Windows NT 6.1) AppleWebKit/537.36 (KHTML, like Gecko) Chrome/58.0.3029.110 Safari/537.36 SE 2.X MetaSr 1.0"
- - [06/Aug/2020:04:01:44 +0000] "POST /%75%73%65%72%2e%70%68%70 HTTP/1.1" 404 1872 "554fcae493e564ee0dc75bdf2ebf94caads|a:3:{s:2:\"id\";s:3:\"'/*\";s:3:\"num\";s:141:\"*/ union select 1,0x272F2A,3,4,5,6,7,8,0x7b247b24524345275d3b6469652f2a2a2f286d6435284449524543544f52595f534550415241544f5229293b2f2f7d7d,0--\";s:4:\"name\";s:3:\"ads\";}554fcae493e564ee0dc75bdf2ebf94ca" - "Mozilla/5.0 (Windows NT 6.1; Win64; x64) AppleWebKit/537.36 (KHTML, like Gecko) Chrome/66.0.3359.139 Safari/537.36"
- - [06/Aug/2020:04:01:44 +0000] "GET /index.php HTTP/1.1" 200 2443 "-" - "Mozilla/4.0 (compatible; MSIE 6.0; Windows NT 5.1)"
- - [06/Aug/2020:04:01:47 +0000] "GET /phpmyadmin/index.php HTTP/1.1" 404 1871 "-" - "Mozilla/4.0 (compatible; MSIE 6.0; Windows NT 5.1)"
- - [06/Aug/2020:04:01:49 +0000] "GET /phpMyAdmin/index.php HTTP/1.1" 404 1872 "-" - "Mozilla/4.0 (compatible; MSIE 6.0; Windows NT 5.1)"
- - [06/Aug/2020:04:01:54 +0000] "GET /pmd/index.php HTTP/1.1" 404 1872 "-" - "Mozilla/4.0 (compatible; MSIE 6.0; Windows NT 5.1)"
- - [06/Aug/2020:04:01:57 +0000] "GET /pma/index.php HTTP/1.1" 404 1872 "-" - "Mozilla/4.0 (compatible; MSIE 6.0; Windows NT 5.1)"
- - [06/Aug/2020:04:01:58 +0000] "GET /PMA/index.php HTTP/1.1" 404 1872 "-" - "Mozilla/4.0 (compatible; MSIE 6.0; Windows NT 5.1)"
- - [06/Aug/2020:04:02:01 +0000] "GET /PMA2/index.php HTTP/1.1" 404 1872 "-" - "Mozilla/4.0 (compatible; MSIE 6.0; Windows NT 5.1)"
- - [06/Aug/2020:04:02:02 +0000] "GET /pmamy/index.php HTTP/1.1" 404 1872 "-" - "Mozilla/4.0 (compatible; MSIE 6.0; Windows NT 5.1)"
- - [06/Aug/2020:04:02:05 +0000] "GET /mysql/index.php HTTP/1.1" 404 1872 "-" - "Mozilla/4.0 (compatible; MSIE 6.0; Windows NT 5.1)"
- - [06/Aug/2020:04:02:06 +0000] "GET /admin/index.php HTTP/1.1" 404 1872 "-" - "Mozilla/4.0 (compatible; MSIE 6.0; Windows NT 5.1)"
- - [06/Aug/2020:04:02:10 +0000] "GET /db/index.php HTTP/1.1" 404 1872 "-" - "Mozilla/4.0 (compatible; MSIE 6.0; Windows NT 5.1)"
- - [06/Aug/2020:04:02:10 +0000] "GET /dbadmin/index.php HTTP/1.1" 404 1872 "-" - "Mozilla/4.0 (compatible; MSIE 6.0; Windows NT 5.1)"
- - [06/Aug/2020:04:02:11 +0000] "GET /web/phpMyAdmin/index.php HTTP/1.1" 404 1872 "-" - "Mozilla/4.0 (compatible; MSIE 6.0; Windows NT 5.1)"
- - [06/Aug/2020:04:02:13 +0000] "GET /admin/PMA/index.php HTTP/1.1" 404 1872 "-" - "Mozilla/4.0 (compatible; MSIE 6.0; Windows NT 5.1)"
- - [06/Aug/2020:04:02:14 +0000] "GET /admin/mysql/index.php HTTP/1.1" 404 1872 "-" - "Mozilla/4.0 (compatible; MSIE 6.0; Windows NT 5.1)"
- - [06/Aug/2020:04:02:15 +0000] "GET /admin/mysql2/index.php HTTP/1.1" 404 1872 "-" - "Mozilla/4.0 (compatible; MSIE 6.0; Windows NT 5.1)"
- - [06/Aug/2020:04:02:16 +0000] "GET /admin/phpmyadmin/index.php HTTP/1.1" 404 1872 "-" - "Mozilla/4.0 (compatible; MSIE 6.0; Windows NT 5.1)"
- - [06/Aug/2020:04:02:17 +0000] "GET /admin/phpMyAdmin/index.php HTTP/1.1" 404 1872 "-" - "Mozilla/4.0 (compatible; MSIE 6.0; Windows NT 5.1)"
- - [06/Aug/2020:04:02:18 +0000] "GET /admin/phpmyadmin2/index.php HTTP/1.1" 404 1872 "-" - "Mozilla/4.0 (compatible; MSIE 6.0; Windows NT 5.1)"
- - [06/Aug/2020:04:02:21 +0000] "GET /mysqladmin/index.php HTTP/1.1" 404 1872 "-" - "Mozilla/4.0 (compatible; MSIE 6.0; Windows NT 5.1)"
- - [06/Aug/2020:04:02:25 +0000] "GET /mysql-admin/index.php HTTP/1.1" 404 1872 "-" - "Mozilla/4.0 (compatible; MSIE 6.0; Windows NT 5.1)"
- - [06/Aug/2020:04:02:26 +0000] "GET /mysql_admin/index.php HTTP/1.1" 404 1872 "-" - "Mozilla/4.0 (compatible; MSIE 6.0; Windows NT 5.1)"
- - [06/Aug/2020:04:02:29 +0000] "GET /phpadmin/index.php HTTP/1.1" 404 1872 "-" - "Mozilla/4.0 (compatible; MSIE 6.0; Windows NT 5.1)"
- - [06/Aug/2020:04:02:31 +0000] "GET /phpAdmin/index.php HTTP/1.1" 404 1872 "-" - "Mozilla/4.0 (compatible; MSIE 6.0; Windows NT 5.1)"
- - [06/Aug/2020:04:02:33 +0000] "GET /phpmyadmin1/index.php HTTP/1.1" 404 1872 "-" - "Mozilla/4.0 (compatible; MSIE 6.0; Windows NT 5.1)"
- - [06/Aug/2020:04:02:34 +0000] "GET /phpmyadmin2/index.php HTTP/1.1" 404 1872 "-" - "Mozilla/4.0 (compatible; MSIE 6.0; Windows NT 5.1)"
- - [06/Aug/2020:04:02:36 +0000] "GET /phpMyAdmin-4.4.0/index.php HTTP/1.1" 404 1872 "-" - "Mozilla/4.0 (compatible; MSIE 6.0; Windows NT 5.1)"
- - [06/Aug/2020:04:02:41 +0000] "GET /phpMyAdmin4.8.1/index.php HTTP/1.1" 404 1872 "-" - "Mozilla/4.0 (compatible; MSIE 6.0; Windows NT 5.1)"
- - [06/Aug/2020:04:02:45 +0000] "GET /phpMyAdmin4.8.3/index.php HTTP/1.1" 404 1872 "-" - "Mozilla/4.0 (compatible; MSIE 6.0; Windows NT 5.1)"
- - [06/Aug/2020:04:02:46 +0000] "GET /phpMyAdmin4.8.4/index.php HTTP/1.1" 404 1872 "-" - "Mozilla/4.0 (compatible; MSIE 6.0; Windows NT 5.1)"
- - [06/Aug/2020:04:02:49 +0000] "GET /phpMyAdmin4.8.5/index.php HTTP/1.1" 404 1872 "-" - "Mozilla/4.0 (compatible; MSIE 6.0; Windows NT 5.1)"
- - [06/Aug/2020:04:02:50 +0000] "GET /myadmin/index.php HTTP/1.1" 404 1872 "-" - "Mozilla/4.0 (compatible; MSIE 6.0; Windows NT 5.1)"
- - [06/Aug/2020:04:02:51 +0000] "GET /myadmin2/index.php HTTP/1.1" 404 1872 "-" - "Mozilla/4.0 (compatible; MSIE 6.0; Windows NT 5.1)"
- - [06/Aug/2020:04:02:53 +0000] "GET /xampp/phpmyadmin/index.php HTTP/1.1" 404 1872 "-" - "Mozilla/4.0 (compatible; MSIE 6.0; Windows NT 5.1)"
- - [06/Aug/2020:04:02:55 +0000] "GET /phpMyadmin_bak/index.php HTTP/1.1" 404 1872 "-" - "Mozilla/4.0 (compatible; MSIE 6.0; Windows NT 5.1)"
- - [06/Aug/2020:04:02:55 +0000] "GET /www/phpMyAdmin/index.php HTTP/1.1" 404 1872 "-" - "Mozilla/4.0 (compatible; MSIE 6.0; Windows NT 5.1)"
- - [06/Aug/2020:04:02:56 +0000] "GET /tools/phpMyAdmin/index.php HTTP/1.1" 404 1872 "-" - "Mozilla/4.0 (compatible; MSIE 6.0; Windows NT 5.1)"
- - [06/Aug/2020:04:02:57 +0000] "GET /phpmyadmin-old/index.php HTTP/1.1" 404 1872 "-" - "Mozilla/4.0 (compatible; MSIE 6.0; Windows NT 5.1)"
- - [06/Aug/2020:04:02:58 +0000] "GET /phpMyAdminold/index.php HTTP/1.1" 404 1872 "-" - "Mozilla/4.0 (compatible; MSIE 6.0; Windows NT 5.1)"
- - [06/Aug/2020:04:02:59 +0000] "GET /phpMyAdmin.old/index.php HTTP/1.1" 404 1872 "-" - "Mozilla/4.0 (compatible; MSIE 6.0; Windows NT 5.1)"
- - [06/Aug/2020:04:03:00 +0000] "GET /pma-old/index.php HTTP/1.1" 404 1872 "-" - "Mozilla/4.0 (compatible; MSIE 6.0; Windows NT 5.1)"
- - [06/Aug/2020:04:03:01 +0000] "GET /claroline/phpMyAdmin/index.php HTTP/1.1" 404 1872 "-" - "Mozilla/4.0 (compatible; MSIE 6.0; Windows NT 5.1)"
- - [06/Aug/2020:04:03:05 +0000] "GET /phpma/index.php HTTP/1.1" 404 1872 "-" - "Mozilla/4.0 (compatible; MSIE 6.0; Windows NT 5.1)"
- - [06/Aug/2020:04:03:09 +0000] "GET /phpMyAdmin/phpMyAdmin/index.php HTTP/1.1" 404 1872 "-" - "Mozilla/4.0 (compatible; MSIE 6.0; Windows NT 5.1)"
- - [06/Aug/2020:04:03:11 +0000] "GET /phpMyAbmin/index.php HTTP/1.1" 404 1872 "-" - "Mozilla/4.0 (compatible; MSIE 6.0; Windows NT 5.1)"
- - [06/Aug/2020:04:03:14 +0000] "GET /phpMyAdmin__/index.php HTTP/1.1" 404 1872 "-" - "Mozilla/4.0 (compatible; MSIE 6.0; Windows NT 5.1)"
- - [06/Aug/2020:04:03:15 +0000] "GET /phpMyAdmin+++---/index.php HTTP/1.1" 404 1872 "-" - "Mozilla/4.0 (compatible; MSIE 6.0; Windows NT 5.1)"
- - [06/Aug/2020:04:03:16 +0000] "GET /v/index.php HTTP/1.1" 404 1872 "-" - "Mozilla/4.0 (compatible; MSIE 6.0; Windows NT 5.1)"
- - [06/Aug/2020:04:03:17 +0000] "GET /phpmyadm1n/index.php HTTP/1.1" 404 1872 "-" - "Mozilla/4.0 (compatible; MSIE 6.0; Windows NT 5.1)"
- - [06/Aug/2020:04:03:18 +0000] "GET /phpMyAdm1n/index.php HTTP/1.1" 404 1872 "-" - "Mozilla/4.0 (compatible; MSIE 6.0; Windows NT 5.1)"
- - [06/Aug/2020:04:03:22 +0000] "GET /phpMyadmi/index.php HTTP/1.1" 404 1872 "-" - "Mozilla/4.0 (compatible; MSIE 6.0; Windows NT 5.1)"
- - [06/Aug/2020:04:03:23 +0000] "GET /phpMyAdmion/index.php HTTP/1.1" 404 1872 "-" - "Mozilla/4.0 (compatible; MSIE 6.0; Windows NT 5.1)"
- - [06/Aug/2020:04:03:24 +0000] "GET /s/index.php HTTP/1.1" 404 1872 "-" - "Mozilla/4.0 (compatible; MSIE 6.0; Windows NT 5.1)"
- - [06/Aug/2020:04:03:25 +0000] "GET /MyAdmin/index.php HTTP/1.1" 404 1872 "-" - "Mozilla/4.0 (compatible; MSIE 6.0; Windows NT 5.1)"
- - [06/Aug/2020:04:03:29 +0000] "GET /phpMyAdmin1/index.php HTTP/1.1" 404 1872 "-" - "Mozilla/4.0 (compatible; MSIE 6.0; Windows NT 5.1)"
- - [06/Aug/2020:04:03:30 +0000] "GET /phpMyAdmin123/index.php HTTP/1.1" 404 1872 "-" - "Mozilla/4.0 (compatible; MSIE 6.0; Windows NT 5.1)"
- - [06/Aug/2020:04:03:33 +0000] "GET /phpMyAdmina/index.php HTTP/1.1" 404 1872 "-" - "Mozilla/4.0 (compatible; MSIE 6.0; Windows NT 5.1)"
- - [06/Aug/2020:04:03:34 +0000] "GET /phpMydmin/index.php HTTP/1.1" 404 1872 "-" - "Mozilla/4.0 (compatible; MSIE 6.0; Windows NT 5.1)"
- - [06/Aug/2020:04:03:35 +0000] "GET /phpMyAdmins/index.php HTTP/1.1" 404 1872 "-" - "Mozilla/4.0 (compatible; MSIE 6.0; Windows NT 5.1)"
- - [06/Aug/2020:04:03:37 +0000] "GET /phpMyAdmin._/index.php HTTP/1.1" 404 1872 "-" - "Mozilla/4.0 (compatible; MSIE 6.0; Windows NT 5.1)"
- - [06/Aug/2020:04:03:38 +0000] "GET /phpMyAdmin._2/index.php HTTP/1.1" 404 1872 "-" - "Mozilla/4.0 (compatible; MSIE 6.0; Windows NT 5.1)"
- - [06/Aug/2020:04:03:39 +0000] "GET /phpmyadmin2222/index.php HTTP/1.1" 404 1872 "-" - "Mozilla/4.0 (compatible; MSIE 6.0; Windows NT 5.1)"
- - [06/Aug/2020:04:03:45 +0000] "GET /phpmyadmin3333/index.php HTTP/1.1" 404 1872 "-" - "Mozilla/4.0 (compatible; MSIE 6.0; Windows NT 5.1)"
- - [06/Aug/2020:04:03:49 +0000] "GET /phpiMyAdmin/index.php HTTP/1.1" 404 1872 "-" - "Mozilla/4.0 (compatible; MSIE 6.0; Windows NT 5.1)"
- - [06/Aug/2020:04:03:51 +0000] "GET /phpNyAdmin/index.php HTTP/1.1" 404 1872 "-" - "Mozilla/4.0 (compatible; MSIE 6.0; Windows NT 5.1)"
- - [06/Aug/2020:04:03:53 +0000] "GET /1/index.php HTTP/1.1" 404 1872 "-" - "Mozilla/4.0 (compatible; MSIE 6.0; Windows NT 5.1)"
- - [06/Aug/2020:04:03:55 +0000] "GET /download/index.php HTTP/1.1" 404 1872 "-" - "Mozilla/4.0 (compatible; MSIE 6.0; Windows NT 5.1)"
- - [06/Aug/2020:04:03:57 +0000] "GET /phpMyAdmin_111/index.php HTTP/1.1" 404 1872 "-" - "Mozilla/4.0 (compatible; MSIE 6.0; Windows NT 5.1)"
- - [06/Aug/2020:04:03:58 +0000] "GET /phpmadmin/index.php HTTP/1.1" 404 1872 "-" - "Mozilla/4.0 (compatible; MSIE 6.0; Windows NT 5.1)"
- - [06/Aug/2020:04:04:01 +0000] "GET /123131/index.php HTTP/1.1" 404 1872 "-" - "Mozilla/4.0 (compatible; MSIE 6.0; Windows NT 5.1)"
- - [06/Aug/2020:04:04:02 +0000] "GET /phpMyAdminn/index.php HTTP/1.1" 404 1872 "-" - "Mozilla/4.0 (compatible; MSIE 6.0; Windows NT 5.1)"
- - [06/Aug/2020:04:04:03 +0000] "GET /phpMyAdminhf/index.php HTTP/1.1" 404 1872 "-" - "Mozilla/4.0 (compatible; MSIE 6.0; Windows NT 5.1)"
- - [06/Aug/2020:04:04:05 +0000] "GET /WWW/phpMyAdmin/index.php HTTP/1.1" 404 1872 "-" - "Mozilla/4.0 (compatible; MSIE 6.0; Windows NT 5.1)"
- - [06/Aug/2020:04:04:06 +0000] "GET /phpMyAdmln/index.php HTTP/1.1" 404 1872 "-" - "Mozilla/4.0 (compatible; MSIE 6.0; Windows NT 5.1)"
- - [06/Aug/2020:04:04:07 +0000] "GET /phpMyAdmin_ai/index.php HTTP/1.1" 404 1872 "-" - "Mozilla/4.0 (compatible; MSIE 6.0; Windows NT 5.1)"
- - [06/Aug/2020:04:04:08 +0000] "GET /__phpMyAdmin/index.php HTTP/1.1" 404 1872 "-" - "Mozilla/4.0 (compatible; MSIE 6.0; Windows NT 5.1)"
- - [06/Aug/2020:04:04:09 +0000] "GET /program/index.php HTTP/1.1" 404 1872 "-" - "Mozilla/4.0 (compatible; MSIE 6.0; Windows NT 5.1)"
- - [06/Aug/2020:04:04:10 +0000] "GET /shopdb/index.php HTTP/1.1" 404 1872 "-" - "Mozilla/4.0 (compatible; MSIE 6.0; Windows NT 5.1)"
- - [06/Aug/2020:04:04:11 +0000] "GET /phppma/index.php HTTP/1.1" 404 1872 "-" - "Mozilla/4.0 (compatible; MSIE 6.0; Windows NT 5.1)"
- - [06/Aug/2020:04:04:12 +0000] "GET /phpmy/index.php HTTP/1.1" 404 1872 "-" - "Mozilla/4.0 (compatible; MSIE 6.0; Windows NT 5.1)"
- - [06/Aug/2020:04:04:16 +0000] "GET /mysql/admin/index.php HTTP/1.1" 404 1872 "-" - "Mozilla/4.0 (compatible; MSIE 6.0; Windows NT 5.1)"
- - [06/Aug/2020:04:04:18 +0000] "GET /mysql/dbadmin/index.php HTTP/1.1" 404 1872 "-" - "Mozilla/4.0 (compatible; MSIE 6.0; Windows NT 5.1)"
- - [06/Aug/2020:04:04:20 +0000] "GET /mysql/sqlmanager/index.php HTTP/1.1" 404 1872 "-" - "Mozilla/4.0 (compatible; MSIE 6.0; Windows NT 5.1)"
- - [06/Aug/2020:04:04:20 +0000] "GET /mysql/mysqlmanager/index.php HTTP/1.1" 404 1872 "-" - "Mozilla/4.0 (compatible; MSIE 6.0; Windows NT 5.1)"
- - [06/Aug/2020:04:04:21 +0000] "GET /wp-content/plugins/portable-phpmyadmin/wp-pma-mod/index.php HTTP/1.1" 404 1872 "-" - "Mozilla/4.0 (compatible; MSIE 6.0; Windows NT 5.1)"
- - [06/Aug/2020:04:04:25 +0000] "GET /sqladmin/index.php HTTP/1.1" 404 1872 "-" - "Mozilla/4.0 (compatible; MSIE 6.0; Windows NT 5.1)"
- - [06/Aug/2020:04:04:26 +0000] "GET /sql/index.php HTTP/1.1" 404 1872 "-" - "Mozilla/4.0 (compatible; MSIE 6.0; Windows NT 5.1)"
- - [06/Aug/2020:04:04:29 +0000] "GET /SQL/index.php HTTP/1.1" 404 1872 "-" - "Mozilla/4.0 (compatible; MSIE 6.0; Windows NT 5.1)"
- - [06/Aug/2020:04:04:31 +0000] "GET /websql/index.php HTTP/1.1" 404 1872 "-" - "Mozilla/4.0 (compatible; MSIE 6.0; Windows NT 5.1)"
- - [06/Aug/2020:04:04:33 +0000] "GET /MySQLAdmin/index.php HTTP/1.1" 404 1872 "-" - "Mozilla/4.0 (compatible; MSIE 6.0; Windows NT 5.1)"
- - [06/Aug/2020:04:04:40 +0000] "GET /manager/html HTTP/1.1" 404 1872 "-" - "Mozilla/4.0 (compatible; MSIE 8.0; Windows NT 6.1; WOW64; Trident/4.0)"
- - [06/Aug/2020:04:24:35 +0000] "GET / HTTP/1.1" 200 3970 "-" - "Mozilla/5.0 (X11; Linux x86_64) AppleWebKit/537.36 (KHTML, like Gecko) Chrome/34.0.1847.137 Safari/537.36"
- - [06/Aug/2020:04:24:39 +0000] "\n" 400 1531 "-" - "-"
- - [06/Aug/2020:04:24:42 +0000] "\n" 400 1547 "-" - "-"
- - [06/Aug/2020:04:24:43 +0000] "\n" 400 1525 "-" - "-"
- - [06/Aug/2020:04:24:46 +0000] "\n" 400 1732 "-" - "-"
- - [06/Aug/2020:04:24:47 +0000] "\n" 400 1525 "-" - "-"
- - [06/Aug/2020:04:24:48 +0000] "\n" 400 1525 "-" - "-"
- - [06/Aug/2020:04:24:56 +0000] "GET /robots.txt HTTP/1.1" 200 2378 "-" - "-"
- - [06/Aug/2020:04:25:04 +0000] "GET /sitemap.xml HTTP/1.1" 404 2457 "-" - "-"
- - [06/Aug/2020:04:25:06 +0000] "GET /.well-known/security.txt HTTP/1.1" 404 2457 "-" - "-"
- - [06/Aug/2020:04:25:08 +0000] "\n" 400 1967 "-" - "-"
- - [06/Aug/2020:04:25:35 +0000] "-" 408 1525 "-" - "-"
