- - [11/Jul/2020:11:55:07 +0000] "GET / HTTP/1.0" 200 2406 "-" - "-"
- - [11/Jul/2020:12:10:11 +0000] "GET / HTTP/1.1" 200 2387 "-" - "Mozilla/5.0 (Windows NT 10.0; WOW64) AppleWebKit/537.36 (KHTML, like Gecko) Chrome/51.0.2704.103 Safari/537.36"
- - [11/Jul/2020:13:44:00 +0000] "GET / HTTP/1.1" 200 3970 "-" - "-"
- - [11/Jul/2020:13:44:00 +0000] "GET / HTTP/1.1" 200 2807 "-" - "Mozilla/5.0 zgrab/0.x"
- - [11/Jul/2020:16:16:04 +0000] "CONNECT github.com:443 HTTP/1.1" 200 2387 "-" - "Mozilla/5.0 (Windows NT 10.0; Win64; x64) AppleWebKit/537.36 (KHTML, like Gecko) Chrome/76.0.3809.100 Safari/537.36"
- - [11/Jul/2020:16:16:05 +0000] "\x16\x03\x01\x01\x01\x01" 400 0 "-" - "-"
- - [11/Jul/2020:17:37:39 +0000] "GET / HTTP/1.1" 200 2387 "-" - "Mozilla/5.0 (Windows NT 6.1; WOW64) AppleWebKit/537.36 (KHTML, like Gecko) Chrome/51.0.2704.103 Safari/537.36"
- - [11/Jul/2020:17:50:03 +0000] "CONNECT github.com:443 HTTP/1.1" 200 2387 "-" - "Mozilla/5.0 (Windows NT 10.0; Win64; x64) AppleWebKit/537.36 (KHTML, like Gecko) Chrome/76.0.3809.100 Safari/537.36"
- - [11/Jul/2020:17:50:05 +0000] "\x16\x03\x01\x01\x01\x01" 400 0 "-" - "-"
- - [11/Jul/2020:18:01:43 +0000] "GET /TP/public/index.php HTTP/1.1" 404 1835 "-" - "Mozilla/5.0 (Windows; U; Windows NT 6.0;en-US; rv:1.9.2) Gecko/20100115 Firefox/3.6)"
- - [11/Jul/2020:18:02:01 +0000] "GET /TP/index.php HTTP/1.1" 404 1835 "-" - "Mozilla/5.0 (Windows; U; Windows NT 6.0;en-US; rv:1.9.2) Gecko/20100115 Firefox/3.6)"
- - [11/Jul/2020:18:02:22 +0000] "GET / HTTP/1.1" 200 1272 "-" - "Mozilla/5.0 (Windows; U; Windows NT 6.0;en-US; rv:1.9.2) Gecko/20100115 Firefox/3.6)"
- - [11/Jul/2020:19:56:29 +0000] "GET /TP/public/index.php HTTP/1.1" 404 1835 "-" - "Mozilla/5.0 (Windows; U; Windows NT 6.0;en-US; rv:1.9.2) Gecko/20100115 Firefox/3.6)"
- - [11/Jul/2020:19:56:29 +0000] "GET /TP/index.php HTTP/1.1" 404 1835 "-" - "Mozilla/5.0 (Windows; U; Windows NT 6.0;en-US; rv:1.9.2) Gecko/20100115 Firefox/3.6)"
- - [11/Jul/2020:19:56:34 +0000] "GET / HTTP/1.1" 200 1272 "-" - "Mozilla/5.0 (Windows; U; Windows NT 6.0;en-US; rv:1.9.2) Gecko/20100115 Firefox/3.6)"
- - [11/Jul/2020:20:19:36 +0000] "GET / HTTP/1.1" 400 0 "-" - "-"
- - [11/Jul/2020:20:51:37 +0000] "GET / HTTP/1.1" 200 3970 "-" - "Mozilla/5.0 (X11; Linux x86_64) AppleWebKit/537.36 (KHTML, like Gecko) Chrome/34.0.1847.137 Safari/537.36"
- - [11/Jul/2020:20:51:39 +0000] "\n" 400 1531 "-" - "-"
- - [11/Jul/2020:20:51:40 +0000] "\n" 400 1547 "-" - "-"
- - [11/Jul/2020:20:51:40 +0000] "\n" 400 1525 "-" - "-"
- - [11/Jul/2020:20:51:41 +0000] "\n" 400 1732 "-" - "-"
- - [11/Jul/2020:20:51:42 +0000] "\n" 400 1525 "-" - "-"
- - [11/Jul/2020:20:51:43 +0000] "\n" 400 1525 "-" - "-"
- - [11/Jul/2020:20:51:47 +0000] "GET /robots.txt HTTP/1.1" 200 1936 "-" - "-"
- - [11/Jul/2020:20:51:48 +0000] "GET /sitemap.xml HTTP/1.1" 404 2015 "-" - "-"
- - [11/Jul/2020:20:51:48 +0000] "GET /.well-known/security.txt HTTP/1.1" 404 2015 "-" - "-"
- - [11/Jul/2020:20:51:49 +0000] "\n" 400 1967 "-" - "-"
- - [11/Jul/2020:20:51:50 +0000] "GET /favicon.ico HTTP/1.1" 200 1954 "-" - "python-requests/2.19.1"
- - [12/Jul/2020:00:18:56 +0000] "GET / HTTP/1.1" 200 4026 "-" - "Mozilla/5.0 (Macintosh; Intel Mac OS X 10.11; rv:47.0) Gecko/20100101 Firefox/47.0"
- - [12/Jul/2020:02:01:12 +0000] "GET / HTTP/1.1" 200 2387 "-" - "Mozilla/5.0 (Macintosh; Intel Mac OS X 10_11_6) AppleWebKit/601.7.7 (KHTML, like Gecko) Version/9.1.2 Safari/601.7.7"
- - [12/Jul/2020:04:45:57 +0000] "CONNECT github.com:443 HTTP/1.1" 200 2387 "-" - "Mozilla/5.0 (Windows NT 10.0; Win64; x64) AppleWebKit/537.36 (KHTML, like Gecko) Chrome/76.0.3809.100 Safari/537.36"
- - [12/Jul/2020:04:45:58 +0000] "\x16\x03\x01\x01\x01\x01" 400 0 "-" - "-"
