- - [09/Jul/2020:06:27:33 +0000] "CONNECT github.com:443 HTTP/1.1" 200 2387 "-" - "Mozilla/5.0 (Windows NT 10.0; Win64; x64) AppleWebKit/537.36 (KHTML, like Gecko) Chrome/76.0.3809.100 Safari/537.36"
- - [09/Jul/2020:07:01:00 +0000] "GET / HTTP/1.1" 200 1309 "-" - "HomeNet/1.0"
- - [09/Jul/2020:08:01:08 +0000] "GET / HTTP/1.1" 200 1309 "-" - "HomeNet/1.0"
- - [09/Jul/2020:09:01:04 +0000] "GET / HTTP/1.1" 200 1309 "-" - "HomeNet/1.0"
- - [09/Jul/2020:10:01:02 +0000] "GET / HTTP/1.1" 200 1309 "-" - "HomeNet/1.0"
- - [09/Jul/2020:11:01:15 +0000] "GET / HTTP/1.1" 200 1309 "-" - "HomeNet/1.0"
- - [09/Jul/2020:12:01:28 +0000] "GET / HTTP/1.1" 200 1309 "-" - "HomeNet/1.0"
- - [09/Jul/2020:13:01:21 +0000] "GET / HTTP/1.1" 200 1309 "-" - "HomeNet/1.0"
- - [09/Jul/2020:16:15:56 +0000] "CONNECT github.com:443 HTTP/1.1" 200 2387 "-" - "Mozilla/5.0 (Windows NT 10.0; Win64; x64) AppleWebKit/537.36 (KHTML, like Gecko) Chrome/76.0.3809.100 Safari/537.36"
- - [09/Jul/2020:16:15:56 +0000] "\x16\x03\x01\x01\x01\x01" 400 0 "-" - "-"
- - [09/Jul/2020:16:59:15 +0000] "GET / HTTP/1.1" 200 2387 "-" - "Mozilla/5.0 (Windows NT 10.0; WOW64) AppleWebKit/537.36 (KHTML, like Gecko) Chrome/51.0.2704.103 Safari/537.36"
- - [09/Jul/2020:16:59:15 +0000] "GET / HTTP/1.1" 200 1272 "160.40.52.164" - "Mozilla/5.0 (Windows NT 6.1; WOW64; rv:33.0) Gecko/20100101 Firefox/33.0"
- - [09/Jul/2020:17:53:16 +0000] "CONNECT github.com:443 HTTP/1.1" 200 2387 "-" - "Mozilla/5.0 (Windows NT 10.0; Win64; x64) AppleWebKit/537.36 (KHTML, like Gecko) Chrome/76.0.3809.100 Safari/537.36"
- - [09/Jul/2020:17:53:19 +0000] "\x16\x03\x01\x01\x01\x01" 400 0 "-" - "-"
- - [09/Jul/2020:18:22:42 +0000] "GET / HTTP/1.1" 200 2387 "-" - "Mozilla/5.0 (Windows NT 6.1; WOW64) AppleWebKit/537.36 (KHTML, like Gecko) Chrome/51.0.2704.103 Safari/537.36"
- - [09/Jul/2020:20:04:21 +0000] "POST /GponForm/diag_Form?images/ HTTP/1.1" 404 1872 "-" - "Hello, World"
- - [09/Jul/2020:23:20:00 +0000] "GET / HTTP/1.1" 200 3970 "-" - "-"
- - [09/Jul/2020:23:20:01 +0000] "GET / HTTP/1.1" 200 2807 "-" - "Mozilla/5.0 zgrab/0.x"
- - [10/Jul/2020:04:47:06 +0000] "CONNECT github.com:443 HTTP/1.1" 200 2387 "-" - "Mozilla/5.0 (Windows NT 10.0; Win64; x64) AppleWebKit/537.36 (KHTML, like Gecko) Chrome/76.0.3809.100 Safari/537.36"
- - [10/Jul/2020:04:47:06 +0000] "\x16\x03\x01\x01\x01\x01" 400 0 "-" - "-"
- - [10/Jul/2020:04:59:16 +0000] "GET / HTTP/1.1" 200 2387 "-" - "NetSystemsResearch studies the availability of various services across the internet. Our website is netsystemsresearch.com"
- - [10/Jul/2020:05:18:54 +0000] "GET / HTTP/1.0" 200 2406 "-" - "-"
