- - [25/Jul/2020:06:40:10 +0000] "GET / HTTP/1.1" 200 3989 "-" - "Mozilla/4.0 (compatible; MSIE 6.0; Windows NT 5.1)"
- - [25/Jul/2020:08:58:29 +0000] "GET /TP/public/index.php HTTP/1.1" 404 1835 "-" - "Mozilla/5.0 (Windows; U; Windows NT 6.0;en-US; rv:1.9.2) Gecko/20100115 Firefox/3.6)"
- - [25/Jul/2020:08:58:30 +0000] "GET /TP/index.php HTTP/1.1" 404 1835 "-" - "Mozilla/5.0 (Windows; U; Windows NT 6.0;en-US; rv:1.9.2) Gecko/20100115 Firefox/3.6)"
- - [25/Jul/2020:08:58:30 +0000] "GET /thinkphp/html/public/index.php HTTP/1.1" 404 1835 "-" - "Mozilla/5.0 (Windows; U; Windows NT 6.0;en-US; rv:1.9.2) Gecko/20100115 Firefox/3.6)"
- - [25/Jul/2020:08:58:31 +0000] "GET /html/public/index.php HTTP/1.1" 404 1835 "-" - "Mozilla/5.0 (Windows; U; Windows NT 6.0;en-US; rv:1.9.2) Gecko/20100115 Firefox/3.6)"
- - [25/Jul/2020:08:58:31 +0000] "GET /public/index.php HTTP/1.1" 404 1835 "-" - "Mozilla/5.0 (Windows; U; Windows NT 6.0;en-US; rv:1.9.2) Gecko/20100115 Firefox/3.6)"
- - [25/Jul/2020:08:58:32 +0000] "GET /TP/html/public/index.php HTTP/1.1" 404 1835 "-" - "Mozilla/5.0 (Windows; U; Windows NT 6.0;en-US; rv:1.9.2) Gecko/20100115 Firefox/3.6)"
- - [25/Jul/2020:08:58:33 +0000] "GET /elrekt.php HTTP/1.1" 404 1835 "-" - "Mozilla/5.0 (Windows; U; Windows NT 6.0;en-US; rv:1.9.2) Gecko/20100115 Firefox/3.6)"
- - [25/Jul/2020:08:58:34 +0000] "GET /index.php HTTP/1.1" 200 1272 "-" - "Mozilla/5.0 (Windows; U; Windows NT 6.0;en-US; rv:1.9.2) Gecko/20100115 Firefox/3.6)"
- - [25/Jul/2020:08:58:35 +0000] "GET /index.php?s=index/\\think\\app/invokefunction&function=call_user_func_array&vars[0]=phpinfo&vars[1][]=1 HTTP/1.1" 200 1272 "-" - "Mozilla/5.0 (Windows; U; Windows NT 6.0;en-US; rv:1.9.2) Gecko/20100115 Firefox/3.6)"
- - [25/Jul/2020:08:58:36 +0000] "POST /index.php?s=captcha HTTP/1.1" 200 1272 "-" - "Go-http-client/1.1"
- - [25/Jul/2020:08:58:39 +0000] "GET / HTTP/1.1" 200 1272 "-" - "Mozilla/5.0 (Windows; U; Windows NT 6.0;en-US; rv:1.9.2) Gecko/20100115 Firefox/3.6)"
- - [25/Jul/2020:08:59:16 +0000] "-" 408 0 "-" - "-"
- - [25/Jul/2020:11:32:24 +0000] "GET / HTTP/1.1" 200 2387 "-" - "Mozilla/5.0 (Windows NT 6.1; WOW64) AppleWebKit/537.36 (KHTML, like Gecko) Chrome/52.0.2743.116 Safari/537.36"
- - [25/Jul/2020:13:09:58 +0000] "CONNECT github.com:443 HTTP/1.1" 200 2387 "-" - "Mozilla/5.0 (Windows NT 10.0; Win64; x64) AppleWebKit/537.36 (KHTML, like Gecko) Chrome/76.0.3809.100 Safari/537.36"
- - [25/Jul/2020:13:09:59 +0000] "\x16\x03\x01\x01\x01\x01" 400 0 "-" - "-"
- - [25/Jul/2020:16:09:45 +0000] "GET / HTTP/1.1" 400 0 "-" - "-"
- - [25/Jul/2020:17:08:18 +0000] "GET / HTTP/1.1" 400 0 "-" - "-"
- - [25/Jul/2020:22:36:05 +0000] "GET / HTTP/1.1" 400 0 "-" - "-"
- - [26/Jul/2020:01:07:00 +0000] "GET / HTTP/1.1" 200 2807 "-" - "Mozilla/5.0 (Windows NT 5.1; rv:9.0.1) Gecko/20100101 Firefox/9.0.1"
- - [26/Jul/2020:01:07:00 +0000] "GET /HNAP1/ HTTP/1.1" 404 2015 "https://160.40.52.164/" frtjedek895v147inuk52afh9v "Mozilla/5.0 (Windows NT 5.1; rv:9.0.1) Gecko/20100101 Firefox/9.0.1"
- - [26/Jul/2020:02:01:35 +0000] "GET / HTTP/1.1" 200 2387 "-" - "Mozilla/5.0 (Windows NT 6.1; WOW64) AppleWebKit/537.36 (KHTML, like Gecko) Chrome/51.0.2704.103 Safari/537.36"
- - [26/Jul/2020:02:02:09 +0000] "CONNECT www.baidu.com:443 HTTP/1.0" 200 2406 "-" - "Mozilla/5.0 (Windows NT 6.1; WOW64; Trident/7.0; rv:11.0) like Gecko"
- - [26/Jul/2020:02:02:12 +0000] "HEAD http://123.125.114.144/ HTTP/1.1" 200 456 "-" - "Mozilla/5.0 (Windows NT 6.1; WOW64) AppleWebKit/537.36 (KHTML, like Gecko) Chrome/63.0.3239.132 Safari/537.36"
- - [26/Jul/2020:02:02:14 +0000] "CONNECT cn.bing.com:443 HTTP/1.1" 200 2387 "-" - "PycURL/7.43.0 libcurl/7.47.0 GnuTLS/3.4.10 zlib/1.2.8 libidn/1.32 librtmp/2.3"
- - [26/Jul/2020:02:02:14 +0000] "\x16\x03\x01" 400 0 "-" - "-"
- - [26/Jul/2020:02:02:14 +0000] "GET http://www.epochtimes.com/ HTTP/1.1" 200 0 "-" - "Mozilla/5.0 (Windows NT 10.0; WOW64) AppleWebKit/537.36 (KHTML, like Gecko) Chrome/45.0.2454.101 Safari/537.36"
- - [26/Jul/2020:02:02:16 +0000] "GET http://boxun.com/ HTTP/1.1" 200 0 "-" - "Mozilla/5.0 (Windows NT 10.0; WOW64) AppleWebKit/537.36 (KHTML, like Gecko) Chrome/45.0.2454.101 Safari/537.36"
- - [26/Jul/2020:02:02:17 +0000] "CONNECT www.voanews.com:443 HTTP/1.1" 200 0 "-" - "PycURL/7.43.0 libcurl/7.47.0 GnuTLS/3.4.10 zlib/1.2.8 libidn/1.32 librtmp/2.3"
- - [26/Jul/2020:02:02:17 +0000] "CONNECT www.baidu.com:443 HTTP/1.1" 200 2387 "-" - "PycURL/7.43.0 libcurl/7.47.0 GnuTLS/3.4.10 zlib/1.2.8 libidn/1.32 librtmp/2.3"
- - [26/Jul/2020:02:02:18 +0000] "\x16\x03\x01" 400 0 "-" - "-"
- - [26/Jul/2020:02:02:20 +0000] "GET http://www.minghui.org/ HTTP/1.1" 200 0 "-" - "Mozilla/5.0 (Windows NT 10.0; WOW64) AppleWebKit/537.36 (KHTML, like Gecko) Chrome/45.0.2454.101 Safari/537.36"
- - [26/Jul/2020:02:02:20 +0000] "GET http://www.wujieliulan.com/ HTTP/1.1" 200 0 "-" - "Mozilla/5.0 (Windows NT 10.0; WOW64) AppleWebKit/537.36 (KHTML, like Gecko) Chrome/45.0.2454.101 Safari/537.36"
- - [26/Jul/2020:02:02:20 +0000] "GET http://www.123cha.com/ HTTP/1.1" 200 1309 "-" - "Mozilla/5.0 (Windows NT 10.0; WOW64) AppleWebKit/537.36 (KHTML, like Gecko) Chrome/45.0.2454.101 Safari/537.36"
- - [26/Jul/2020:02:02:22 +0000] "GET http://www.rfa.org/english/ HTTP/1.1" 404 0 "-" - "Mozilla/5.0 (Windows NT 10.0; WOW64) AppleWebKit/537.36 (KHTML, like Gecko) Chrome/45.0.2454.101 Safari/537.36"
- - [26/Jul/2020:02:02:22 +0000] "CONNECT www.ipip.net:443 HTTP/1.1" 200 2387 "-" - "PycURL/7.43.0 libcurl/7.47.0 GnuTLS/3.4.10 zlib/1.2.8 libidn/1.32 librtmp/2.3"
- - [26/Jul/2020:02:02:24 +0000] "\x16\x03\x01" 400 0 "-" - "-"
- - [26/Jul/2020:02:16:34 +0000] "GET / HTTP/1.1" 200 3970 "-" - "Mozilla/5.0 (X11; Linux x86_64) AppleWebKit/537.36 (KHTML, like Gecko) Chrome/34.0.1847.137 Safari/537.36"
- - [26/Jul/2020:02:16:37 +0000] "\n" 400 1531 "-" - "-"
- - [26/Jul/2020:02:16:39 +0000] "\n" 400 1547 "-" - "-"
- - [26/Jul/2020:02:16:40 +0000] "\n" 400 1525 "-" - "-"
- - [26/Jul/2020:02:16:41 +0000] "\n" 400 1732 "-" - "-"
- - [26/Jul/2020:02:16:41 +0000] "\n" 400 1525 "-" - "-"
- - [26/Jul/2020:02:16:42 +0000] "\n" 400 1525 "-" - "-"
- - [26/Jul/2020:02:16:49 +0000] "GET /robots.txt HTTP/1.1" 200 1936 "-" - "-"
- - [26/Jul/2020:04:14:48 +0000] "POST /HNAP1/ HTTP/1.0" 400 512 "-" - "-"
- - [26/Jul/2020:04:56:22 +0000] "GET / HTTP/1.0" 200 3989 "-" - "-"
- - [26/Jul/2020:05:03:18 +0000] "GET / HTTP/1.1" 200 2387 "-" - "Mozilla/5.0 (Windows NT 6.1) AppleWebKit/537.36 (KHTML, like Gecko) Chrome/41.0.2228.0 Safari/537.36"
- - [26/Jul/2020:05:03:20 +0000] "GET /robots.txt HTTP/1.1" 200 382 "-" - "-"
- - [26/Jul/2020:05:03:21 +0000] "GET /sitemap.xml HTTP/1.1" 404 1816 "-" - "-"
- - [26/Jul/2020:05:03:26 +0000] "GET /.well-known/security.txt HTTP/1.1" 404 1816 "-" - "-"
- - [26/Jul/2020:05:03:31 +0000] "GET /favicon.ico HTTP/1.1" 200 400 "-" - "python-requests/2.23.0"
- - [26/Jul/2020:05:58:33 +0000] "CONNECT www.baidu.com:443 HTTP/1.0" 200 2406 "-" - "Mozilla/5.0 (Windows NT 6.1; WOW64; Trident/7.0; rv:11.0) like Gecko"
- - [26/Jul/2020:05:58:36 +0000] "HEAD http://123.125.114.144/ HTTP/1.1" 200 456 "-" - "Mozilla/5.0 (Windows NT 6.1; WOW64) AppleWebKit/537.36 (KHTML, like Gecko) Chrome/68.0.3239.132 Safari/537.36"
- - [26/Jul/2020:05:58:39 +0000] "GET http://www.minghui.org/ HTTP/1.1" 200 0 "-" - "Mozilla/5.0 (Windows NT 10.0; WOW64) AppleWebKit/537.36 (KHTML, like Gecko) Chrome/45.0.2454.101 Safari/537.36"
- - [26/Jul/2020:05:58:39 +0000] "GET http://boxun.com/ HTTP/1.1" 200 0 "-" - "Mozilla/5.0 (Windows NT 10.0; WOW64) AppleWebKit/537.36 (KHTML, like Gecko) Chrome/45.0.2454.101 Safari/537.36"
- - [26/Jul/2020:05:58:39 +0000] "GET http://www.wujieliulan.com/ HTTP/1.1" 200 0 "-" - "Mozilla/5.0 (Windows NT 10.0; WOW64) AppleWebKit/537.36 (KHTML, like Gecko) Chrome/45.0.2454.101 Safari/537.36"
- - [26/Jul/2020:05:58:40 +0000] "CONNECT www.voanews.com:443 HTTP/1.1" 200 0 "-" - "PycURL/7.43.0 libcurl/7.47.0 GnuTLS/3.4.10 zlib/1.2.8 libidn/1.32 librtmp/2.3"
- - [26/Jul/2020:05:58:41 +0000] "GET http://www.epochtimes.com/ HTTP/1.1" 200 0 "-" - "Mozilla/5.0 (Windows NT 10.0; WOW64) AppleWebKit/537.36 (KHTML, like Gecko) Chrome/45.0.2454.101 Safari/537.36"
- - [26/Jul/2020:05:58:41 +0000] "CONNECT www.baidu.com:443 HTTP/1.1" 200 2387 "-" - "PycURL/7.43.0 libcurl/7.47.0 GnuTLS/3.4.10 zlib/1.2.8 libidn/1.32 librtmp/2.3"
- - [26/Jul/2020:05:58:42 +0000] "CONNECT cn.bing.com:443 HTTP/1.1" 200 2387 "-" - "PycURL/7.43.0 libcurl/7.47.0 GnuTLS/3.4.10 zlib/1.2.8 libidn/1.32 librtmp/2.3"
- - [26/Jul/2020:05:58:42 +0000] "GET http://www.123cha.com/ HTTP/1.1" 200 1309 "-" - "Mozilla/5.0 (Windows NT 10.0; WOW64) AppleWebKit/537.36 (KHTML, like Gecko) Chrome/45.0.2454.101 Safari/537.36"
- - [26/Jul/2020:05:58:42 +0000] "GET http://www.rfa.org/english/ HTTP/1.1" 404 0 "-" - "Mozilla/5.0 (Windows NT 10.0; WOW64) AppleWebKit/537.36 (KHTML, like Gecko) Chrome/45.0.2454.101 Safari/537.36"
- - [26/Jul/2020:05:58:42 +0000] "\x16\x03\x01" 400 0 "-" - "-"
- - [26/Jul/2020:05:58:42 +0000] "\x16\x03\x01" 400 0 "-" - "-"
- - [26/Jul/2020:05:58:44 +0000] "CONNECT www.ipip.net:443 HTTP/1.1" 200 2387 "-" - "PycURL/7.43.0 libcurl/7.47.0 GnuTLS/3.4.10 zlib/1.2.8 libidn/1.32 librtmp/2.3"
- - [26/Jul/2020:05:58:44 +0000] "\x16\x03\x01" 400 0 "-" - "-"
