- - [07/Aug/2020:07:05:27 +0000] "GET / HTTP/1.1" 200 4026 "-" - "Mozilla/5.0 (Macintosh; Intel Mac OS X 10.11; rv:47.0) Gecko/20100101 Firefox/47.0"
- - [07/Aug/2020:09:31:58 +0000] "GET / HTTP/1.0" 200 2406 "-" - "-"
- - [07/Aug/2020:11:52:22 +0000] "CONNECT github.com:443 HTTP/1.1" 200 2387 "-" - "Mozilla/5.0 (Windows NT 10.0; Win64; x64) AppleWebKit/537.36 (KHTML, like Gecko) Chrome/76.0.3809.100 Safari/537.36"
- - [07/Aug/2020:11:52:23 +0000] "\x16\x03\x01\x01\x01\x01" 400 0 "-" - "-"
- - [07/Aug/2020:15:20:31 +0000] "GET / HTTP/1.1" 200 3970 "-" - "-"
- - [07/Aug/2020:15:20:32 +0000] "GET / HTTP/1.1" 200 2807 "-" - "Mozilla/5.0 zgrab/0.x"
- - [07/Aug/2020:16:02:00 +0000] "GET / HTTP/1.1" 200 2387 "-" - "Mozilla/5.0 (Windows NT 10.0; WOW64) AppleWebKit/537.36 (KHTML, like Gecko) Chrome/52.0.2743.116 Safari/537.36"
- - [07/Aug/2020:19:03:15 +0000] "GET / HTTP/1.1" 200 3970 "-" - "NetSystemsResearch studies the availability of various services across the internet. Our website is netsystemsresearch.com"
- - [07/Aug/2020:19:09:20 +0000] "GET / HTTP/1.1" 200 1309 "-" - "python-requests/2.4.3 CPython/3.7.3 Linux/4.9.35-v7+"
- - [07/Aug/2020:19:11:18 +0000] "GET /TP/public/index.php HTTP/1.1" 404 1835 "-" - "Mozilla/5.0 (Windows; U; Windows NT 6.0;en-US; rv:1.9.2) Gecko/20100115 Firefox/3.6)"
- - [07/Aug/2020:19:11:18 +0000] "GET /TP/index.php HTTP/1.1" 404 1835 "-" - "Mozilla/5.0 (Windows; U; Windows NT 6.0;en-US; rv:1.9.2) Gecko/20100115 Firefox/3.6)"
- - [07/Aug/2020:19:11:19 +0000] "GET /thinkphp/html/public/index.php HTTP/1.1" 404 1835 "-" - "Mozilla/5.0 (Windows; U; Windows NT 6.0;en-US; rv:1.9.2) Gecko/20100115 Firefox/3.6)"
- - [07/Aug/2020:19:11:20 +0000] "GET /html/public/index.php HTTP/1.1" 404 1835 "-" - "Mozilla/5.0 (Windows; U; Windows NT 6.0;en-US; rv:1.9.2) Gecko/20100115 Firefox/3.6)"
- - [07/Aug/2020:19:11:20 +0000] "GET /public/index.php HTTP/1.1" 404 1835 "-" - "Mozilla/5.0 (Windows; U; Windows NT 6.0;en-US; rv:1.9.2) Gecko/20100115 Firefox/3.6)"
- - [07/Aug/2020:19:11:21 +0000] "GET /TP/html/public/index.php HTTP/1.1" 404 1835 "-" - "Mozilla/5.0 (Windows; U; Windows NT 6.0;en-US; rv:1.9.2) Gecko/20100115 Firefox/3.6)"
- - [07/Aug/2020:19:11:21 +0000] "GET /elrekt.php HTTP/1.1" 404 1835 "-" - "Mozilla/5.0 (Windows; U; Windows NT 6.0;en-US; rv:1.9.2) Gecko/20100115 Firefox/3.6)"
- - [07/Aug/2020:19:11:22 +0000] "GET /index.php HTTP/1.1" 200 1272 "-" - "Mozilla/5.0 (Windows; U; Windows NT 6.0;en-US; rv:1.9.2) Gecko/20100115 Firefox/3.6)"
- - [07/Aug/2020:19:11:22 +0000] "GET /index.php?s=index/\\think\\app/invokefunction&function=call_user_func_array&vars[0]=phpinfo&vars[1][]=1 HTTP/1.1" 200 1272 "-" - "Mozilla/5.0 (Windows; U; Windows NT 6.0;en-US; rv:1.9.2) Gecko/20100115 Firefox/3.6)"
- - [07/Aug/2020:19:11:23 +0000] "POST /index.php?s=captcha HTTP/1.1" 200 1272 "-" - "Go-http-client/1.1"
- - [07/Aug/2020:19:11:23 +0000] "GET / HTTP/1.1" 200 1272 "-" - "Mozilla/5.0 (Windows; U; Windows NT 6.0;en-US; rv:1.9.2) Gecko/20100115 Firefox/3.6)"
- - [07/Aug/2020:22:02:25 +0000] "GET / HTTP/1.1" 200 2387 "-" - "Mozilla/5.0 (Windows NT 10.0; WOW64) AppleWebKit/537.36 (KHTML, like Gecko) Chrome/52.0.2743.116 Safari/537.36"
- - [07/Aug/2020:22:09:14 +0000] "GET / HTTP/1.0" 200 2406 "-" - "-"
- - [07/Aug/2020:23:57:23 +0000] "GET /phpmyadmin/ HTTP/1.1" 404 1872 "-" - "Mozilla/5.0 (Windows NT 10.0; WOW64) AppleWebKit/537.36 (KHTML, like Gecko) Chrome/51.0.2704.103 Safari/537.36"
- - [08/Aug/2020:03:43:38 +0000] "GET / HTTP/1.1" 200 2387 "-" - "Mozilla/5.0 (Windows NT 10.0; WOW64) AppleWebKit/537.36 (KHTML, like Gecko) Chrome/51.0.2704.103 Safari/537.36"
- - [08/Aug/2020:06:22:44 +0000] "GET / HTTP/1.1" 200 1309 "-" - "Mozilla/5.0 (X11; Ubuntu; Linux i686; rv:28.0) Gecko/20100101 Firefox/28.0"
- - [08/Aug/2020:06:22:46 +0000] "GET /wp-includes/js/jquery/jquery.js HTTP/1.1" 404 1872 "-" - "Mozilla/5.0 (X11; Ubuntu; Linux i686; rv:28.0) Gecko/20100101 Firefox/28.0"
- - [08/Aug/2020:06:22:49 +0000] "GET /administrator/help/en-GB/toc.json HTTP/1.1" 404 1872 "-" - "Mozilla/5.0 (X11; Ubuntu; Linux i686; rv:28.0) Gecko/20100101 Firefox/28.0"
- - [08/Aug/2020:06:22:50 +0000] "GET /administrator/language/en-GB/install.xml HTTP/1.1" 404 1872 "-" - "Mozilla/5.0 (X11; Ubuntu; Linux i686; rv:28.0) Gecko/20100101 Firefox/28.0"
- - [08/Aug/2020:06:22:50 +0000] "GET /plugins/system/debug/debug.xml HTTP/1.1" 404 1872 "-" - "Mozilla/5.0 (X11; Ubuntu; Linux i686; rv:28.0) Gecko/20100101 Firefox/28.0"
- - [08/Aug/2020:06:22:51 +0000] "GET /administrator/ HTTP/1.1" 404 1872 "-" - "Mozilla/5.0 (X11; Ubuntu; Linux i686; rv:28.0) Gecko/20100101 Firefox/28.0"
- - [08/Aug/2020:06:22:51 +0000] "GET /misc/ajax.js HTTP/1.1" 404 1872 "-" - "Mozilla/5.0 (X11; Ubuntu; Linux i686; rv:28.0) Gecko/20100101 Firefox/28.0"
- - [08/Aug/2020:06:22:51 +0000] "GET / HTTP/1.1" 200 1309 "-" - "Mozilla/5.0 (X11; Ubuntu; Linux i686; rv:28.0) Gecko/20100101 Firefox/28.0"
- - [08/Aug/2020:06:22:51 +0000] "GET /admin/view/javascript/common.js HTTP/1.1" 404 1872 "-" - "Mozilla/5.0 (X11; Ubuntu; Linux i686; rv:28.0) Gecko/20100101 Firefox/28.0"
- - [08/Aug/2020:06:22:52 +0000] "GET /admin/includes/general.js HTTP/1.1" 404 1872 "-" - "Mozilla/5.0 (X11; Ubuntu; Linux i686; rv:28.0) Gecko/20100101 Firefox/28.0"
- - [08/Aug/2020:06:22:52 +0000] "GET /images/editor/separator.gif HTTP/1.1" 404 1872 "-" - "Mozilla/5.0 (X11; Ubuntu; Linux i686; rv:28.0) Gecko/20100101 Firefox/28.0"
- - [08/Aug/2020:06:22:53 +0000] "GET /js/header-rollup-554.js HTTP/1.1" 404 1872 "-" - "Mozilla/5.0 (X11; Ubuntu; Linux i686; rv:28.0) Gecko/20100101 Firefox/28.0"
- - [08/Aug/2020:06:22:53 +0000] "GET /vendor/phpunit/phpunit/build.xml HTTP/1.1" 404 1872 "-" - "Mozilla/5.0 (Macintosh; U; Intel Mac OS X 10_6_8; en-us) AppleWebKit/534.50 (KHTML, like Gecko) Version/5.1 Safari/534.50"
- - [08/Aug/2020:06:22:53 +0000] "GET /fckeditor/editor/filemanager/connectors/php/upload.php?Type=Media HTTP/1.1" 404 1872 "-" - "Mozilla/5.0 (X11; Ubuntu; Linux i686; rv:28.0) Gecko/20100101 Firefox/28.0"
- - [08/Aug/2020:06:22:53 +0000] "GET /.env HTTP/1.1" 404 1872 "-" - "Mozilla/5.0 (X11; Ubuntu; Linux i686; rv:28.0) Gecko/20100101 Firefox/28.0"
- - [08/Aug/2020:06:22:53 +0000] "GET / HTTP/1.1" 200 1309 "-" - "Mozilla/5.0 (X11; Ubuntu; Linux i686; rv:28.0) Gecko/20100101 Firefox/28.0"
