- - [11/Aug/2020:07:47:02 +0000] "GET / HTTP/1.1" 200 1253 "-" - "Mozilla/5.0 (Windows NT 5.1; rv:9.0.1) Gecko/20100101 Firefox/9.0.1"
- - [11/Aug/2020:07:47:03 +0000] "GET /HNAP1/ HTTP/1.1" 404 1758 "-" 2lh3e8j6so3e98fpi0v05du393 "Mozilla/5.0 (Windows NT 5.1; rv:9.0.1) Gecko/20100101 Firefox/9.0.1"
- - [11/Aug/2020:07:47:03 +0000] "GET /sqlite/main.php HTTP/1.1" 404 1758 "-" 2lh3e8j6so3e98fpi0v05du393 "Mozilla/5.0 (Windows NT 5.1; rv:9.0.1) Gecko/20100101 Firefox/9.0.1"
- - [11/Aug/2020:07:47:03 +0000] "GET /sqlitemanager/main.php HTTP/1.1" 404 1758 "-" 2lh3e8j6so3e98fpi0v05du393 "Mozilla/5.0 (Windows NT 5.1; rv:9.0.1) Gecko/20100101 Firefox/9.0.1"
- - [11/Aug/2020:07:47:04 +0000] "GET /SQLiteManager/main.php HTTP/1.1" 404 1758 "-" 2lh3e8j6so3e98fpi0v05du393 "Mozilla/5.0 (Windows NT 5.1; rv:9.0.1) Gecko/20100101 Firefox/9.0.1"
- - [11/Aug/2020:07:47:04 +0000] "GET /SQLite/main.php HTTP/1.1" 404 1758 "-" 2lh3e8j6so3e98fpi0v05du393 "Mozilla/5.0 (Windows NT 5.1; rv:9.0.1) Gecko/20100101 Firefox/9.0.1"
- - [11/Aug/2020:07:47:04 +0000] "GET /SQlite/main.php HTTP/1.1" 404 1758 "-" 2lh3e8j6so3e98fpi0v05du393 "Mozilla/5.0 (Windows NT 5.1; rv:9.0.1) Gecko/20100101 Firefox/9.0.1"
- - [11/Aug/2020:07:47:04 +0000] "GET /main.php HTTP/1.1" 404 1758 "-" 2lh3e8j6so3e98fpi0v05du393 "Mozilla/5.0 (Windows NT 5.1; rv:9.0.1) Gecko/20100101 Firefox/9.0.1"
- - [11/Aug/2020:07:47:05 +0000] "GET /test/sqlite/SQLiteManager-1.2.0/SQLiteManager-1.2.0/main.php HTTP/1.1" 404 1758 "-" 2lh3e8j6so3e98fpi0v05du393 "Mozilla/5.0 (Windows NT 5.1; rv:9.0.1) Gecko/20100101 Firefox/9.0.1"
- - [11/Aug/2020:07:47:05 +0000] "GET /SQLiteManager-1.2.4/main.php HTTP/1.1" 404 1758 "-" 2lh3e8j6so3e98fpi0v05du393 "Mozilla/5.0 (Windows NT 5.1; rv:9.0.1) Gecko/20100101 Firefox/9.0.1"
- - [11/Aug/2020:07:47:05 +0000] "GET /agSearch/SQlite/main.php HTTP/1.1" 404 1758 "-" 2lh3e8j6so3e98fpi0v05du393 "Mozilla/5.0 (Windows NT 5.1; rv:9.0.1) Gecko/20100101 Firefox/9.0.1"
- - [11/Aug/2020:09:55:46 +0000] "GET / HTTP/1.1" 400 0 "-" - "-"
- - [11/Aug/2020:11:36:33 +0000] "CONNECT github.com:443 HTTP/1.1" 200 2387 "-" - "Mozilla/5.0 (Windows NT 10.0; Win64; x64) AppleWebKit/537.36 (KHTML, like Gecko) Chrome/76.0.3809.100 Safari/537.36"
- - [11/Aug/2020:11:36:34 +0000] "\x16\x03\x01\x01\x01\x01" 400 0 "-" - "-"
- - [11/Aug/2020:12:18:18 +0000] "GET / HTTP/1.1" 200 3970 "-" - "NetSystemsResearch studies the availability of various services across the internet. Our website is netsystemsresearch.com"
- - [11/Aug/2020:14:01:20 +0000] "GET / HTTP/1.0" 200 2406 "-" - "-"
- - [11/Aug/2020:14:38:22 +0000] "GET / HTTP/1.1" 200 4026 "-" - "Mozilla/5.0 (Macintosh; Intel Mac OS X 10.11; rv:47.0) Gecko/20100101 Firefox/47.0"
- - [11/Aug/2020:14:58:43 +0000] "CONNECT www.google.com:443 HTTP/1.1" 200 2387 "-" - "Java/1.8.0_261"
- - [11/Aug/2020:14:58:43 +0000] "\x16\x03\x03\x01\x11\x01" 400 0 "-" - "-"
- - [11/Aug/2020:16:07:32 +0000] "GET / HTTP/1.0" 200 2406 "-" - "-"
- - [11/Aug/2020:16:21:02 +0000] "GET / HTTP/1.0" 200 2406 "-" - "NetSystemsResearch studies the availability of various services across the internet. Our website is netsystemsresearch.com"
- - [11/Aug/2020:17:28:45 +0000] "GET /.env HTTP/1.1" 404 1872 "-" - "Mozilla/5.0 (X11; Linux x86_64) AppleWebKit/537.36 (KHTML, like Gecko) Chrome/81.0.4044.129 Safari/537.36"
- - [11/Aug/2020:17:28:46 +0000] "POST / HTTP/1.1" 200 1309 "-" - "Mozilla/5.0 (X11; Linux x86_64) AppleWebKit/537.36 (KHTML, like Gecko) Chrome/81.0.4044.129 Safari/537.36"
- - [12/Aug/2020:01:21:52 +0000] "GET / HTTP/1.1" 200 2387 "-" - "-"
- - [12/Aug/2020:01:36:23 +0000] "GET / HTTP/1.1" 200 2387 "-" - "Mozilla/5.0 (X11; Linux x86_64) AppleWebKit/537.36 (KHTML, like Gecko) Chrome/72.0.3602.2 Safari/537.36"
- - [12/Aug/2020:04:01:53 +0000] "GET / HTTP/1.0" 200 2406 "-" - "-"
